Log file open, 10/27/15 23:21:37
LogInit:Display: Running engine for game: Capaldi_Tardis
LogInit:Display: RandInit(-1004487067) SRandInit(-1004487047).
LogTaskGraph: Started task graph with 4 named threads and 7 total threads.
LogStats: Stats thread started at 1.076931
LogConfig:Warning: Failed to saved backup for config[Engine]
LogConfig:Warning: Failed to saved backup for config[EditorPerProjectUserSettings]
LogConfig:Warning: Failed to saved backup for config[EditorSettings]
LogConfig:Warning: Failed to saved backup for config[EditorKeyBindings]
[2015.10.28-06.21.37:885][  0]LogInit: Version: 4.9.2-2707645+++depot+UE4-Releases+4.9
[2015.10.28-06.21.37:885][  0]LogInit: API Version: 2672455
[2015.10.28-06.21.37:885][  0]LogInit: Compiled (64-bit): Sep 28 2015 10:25:44
[2015.10.28-06.21.37:885][  0]LogInit: Compiled with Visual C++: 18.00.21005.01
[2015.10.28-06.21.37:885][  0]LogInit: Build Configuration: Development
[2015.10.28-06.21.37:885][  0]LogInit: Branch Name: ++depot+UE4-Releases+4.9
[2015.10.28-06.21.37:885][  0]LogInit: Command line:  
[2015.10.28-06.21.37:885][  0]LogInit: Base directory: I:/Epic Games/4.9/Engine/Binaries/Win64/
[2015.10.28-06.21.37:885][  0]LogInit: Rocket: 1
[2015.10.28-06.21.38:049][  0]LogInit: Using libcurl 7.41.0
[2015.10.28-06.21.38:049][  0]LogInit:  - built for x86_64-pc-win32
[2015.10.28-06.21.38:049][  0]LogInit:  - supports SSL with WinSSL
[2015.10.28-06.21.38:049][  0]LogInit:  - other features:
[2015.10.28-06.21.38:049][  0]LogInit:      CURL_VERSION_SSL
[2015.10.28-06.21.38:049][  0]LogInit:      CURL_VERSION_IPV6
[2015.10.28-06.21.38:049][  0]LogInit:      CURL_VERSION_ASYNCHDNS
[2015.10.28-06.21.38:049][  0]LogInit:      CURL_VERSION_LARGEFILE
[2015.10.28-06.21.38:049][  0]LogInit:      CURL_VERSION_IDN
[2015.10.28-06.21.38:049][  0]LogInit:  CurlRequestOptions (configurable via config and command line):
[2015.10.28-06.21.38:049][  0]LogInit:  - bVerifyPeer = true  - Libcurl will verify peer certificate
[2015.10.28-06.21.38:049][  0]LogInit:  - bUseHttpProxy = false  - Libcurl will NOT use HTTP proxy
[2015.10.28-06.21.38:049][  0]LogInit:  - bDontReuseConnections = false  - Libcurl will reuse connections
[2015.10.28-06.21.38:049][  0]LogInit:  - CertBundlePath = nullptr  - Libcurl will use whatever was configured at build time.
[2015.10.28-06.21.38:136][  0]LogInit: Presizing for 0 objects not considered by GC, pre-allocating 0 bytes.
[2015.10.28-06.21.38:149][  0]LogInit: Object subsystem initialized
[2015.10.28-06.21.38:151][  0]LogInit: Selected Device Profile: [Windows]
[2015.10.28-06.21.38:151][  0]LogInit: Applying CVar settings loaded from the selected device profile: [Windows]
[2015.10.28-06.21.38:165][  0]LogConfig:Warning: Failed to saved backup for config[DeviceProfiles]
[2015.10.28-06.21.38:170][  0]LogInit: Computer: COREYSPRECIOUS
[2015.10.28-06.21.38:170][  0]LogInit: User: Corey
[2015.10.28-06.21.38:170][  0]LogInit: CPU Page size=4096, Cores=4
[2015.10.28-06.21.38:170][  0]LogInit: High frequency timer resolution =3.418201 MHz
[2015.10.28-06.21.38:170][  0]LogMemory: Memory total: Physical=32.0GB (32GB approx)
[2015.10.28-06.21.38:170][  0]LogMemory: Platform Memory Stats for Windows
[2015.10.28-06.21.38:171][  0]LogMemory: Process Physical Memory: 54.15 MB used, 54.15 MB peak
[2015.10.28-06.21.38:171][  0]LogMemory: Process Virtual Memory: 55.30 MB used, 55.30 MB peak
[2015.10.28-06.21.38:171][  0]LogMemory: Physical Memory: 5067.98 MB used, 32724.31 MB total
[2015.10.28-06.21.38:171][  0]LogMemory: Virtual Memory: 364.37 MB used, 134217728.00 MB total
[2015.10.28-06.21.38:665][  0]LogTextLocalizationManager: No specific translations for ('en-US') exist, so ('en') translations will be used.
[2015.10.28-06.21.39:891][  0]LogD3D11RHI: Found D3D11 adapter 0: NVIDIA GeForce GTX TITAN X (Feature Level 11_0)
[2015.10.28-06.21.39:891][  0]LogD3D11RHI: Adapter has 12176MB of dedicated video memory, 0MB of dedicated system memory, and 16362MB of shared system memory, 2 output[s]
[2015.10.28-06.21.39:894][  0]LogD3D11RHI: Found D3D11 adapter 1: Microsoft Basic Render Driver (Feature Level 11_0)
[2015.10.28-06.21.39:894][  0]LogD3D11RHI: Adapter has 0MB of dedicated video memory, 0MB of dedicated system memory, and 16362MB of shared system memory, 0 output[s]
[2015.10.28-06.21.39:894][  0]LogD3D11RHI: Chosen D3D11 Adapter Id = 0
[2015.10.28-06.21.39:902][  0]LogD3D11RHI: !Direct3DDevice
[2015.10.28-06.21.39:902][  0]LogRHI: Texture pool is 1361 MB (70% of 1945 MB)
[2015.10.28-06.21.39:938][  0]LogD3D11RHI: Async texture creation enabled
[2015.10.28-06.21.39:954][  0]LogShaderCompilers: Guid format shader working directory is 14 characters bigger than the processId version (../../../../../Unreal Projects/Capaldi-Tardis/Intermediate/Shaders/WorkingDirectory/10436/).
[2015.10.28-06.21.39:954][  0]LogShaderCompilers: Cleaned the shader compiler working directory '../../../../../Unreal Projects/Capaldi-Tardis/Intermediate/Shaders/tmp/F2C187EC4E16F01751F6D19E8EF94550/'.
[2015.10.28-06.21.39:954][  0]LogShaderCompilers:Display: Using Local Shader Compiler.
[2015.10.28-06.21.43:004][  0]LogTemp:Display: Loaded TP AllDesktopTargetPlatform
[2015.10.28-06.21.43:013][  0]LogTemp:Display: Loaded TP WindowsClientTargetPlatform
[2015.10.28-06.21.43:022][  0]LogTemp:Display: Loaded TP WindowsNoEditorTargetPlatform
[2015.10.28-06.21.43:032][  0]LogTemp:Display: Loaded TP WindowsServerTargetPlatform
[2015.10.28-06.21.43:040][  0]LogTemp:Display: Loaded TP WindowsTargetPlatform
[2015.10.28-06.21.43:048][  0]LogTemp:Display: Loaded TP AndroidTargetPlatform
[2015.10.28-06.21.43:054][  0]LogTemp:Display: Loaded TP Android_ASTCTargetPlatform
[2015.10.28-06.21.43:059][  0]LogTemp:Display: Loaded TP Android_ATCTargetPlatform
[2015.10.28-06.21.43:065][  0]LogTemp:Display: Loaded TP Android_DXTTargetPlatform
[2015.10.28-06.21.43:070][  0]LogTemp:Display: Loaded TP Android_ETC1TargetPlatform
[2015.10.28-06.21.43:076][  0]LogTemp:Display: Loaded TP Android_ETC2TargetPlatform
[2015.10.28-06.21.43:082][  0]LogTemp:Display: Loaded TP Android_PVRTCTargetPlatform
[2015.10.28-06.21.43:082][  0]LogTemp:Display: Loaded TP HTML5TargetPlatform
[2015.10.28-06.21.43:200][  0]LogTemp:Display: Loaded TP IOSTargetPlatform
[2015.10.28-06.21.43:205][  0]LogTemp:Display: Loaded TP LinuxNoEditorTargetPlatform
[2015.10.28-06.21.43:212][  0]LogTemp:Display: Loaded TP LinuxServerTargetPlatform
[2015.10.28-06.21.43:221][  0]LogTemp:Display: Loaded TP LinuxTargetPlatform
[2015.10.28-06.21.43:221][  0]LogTargetPlatformManager:Display: Building Assets For Windows
[2015.10.28-06.21.44:177][  0]LogDerivedDataCache:Display: Max Cache Size: 512 MB
[2015.10.28-06.21.44:426][  0]LogDerivedDataCache: Loaded boot cache 0.25s 41MB C:/Users/Corey/AppData/Local/UnrealEngine/4.9/DerivedDataCache/Boot.ddc.
[2015.10.28-06.21.44:426][  0]LogDerivedDataCache:Display: Loaded Boot cache: C:/Users/Corey/AppData/Local/UnrealEngine/4.9/DerivedDataCache/Boot.ddc
[2015.10.28-06.21.44:427][  0]LogDerivedDataCache: FDerivedDataBackendGraph:  Pak pak cache file ../../../../../Unreal Projects/Capaldi-Tardis/DerivedDataCache/DDC.ddp not found, will not use a pak cache.
[2015.10.28-06.21.44:427][  0]LogDerivedDataCache: Unable to find inner node Pak for hierarchical cache Hierarchy.
[2015.10.28-06.21.44:427][  0]LogDerivedDataCache: FDerivedDataBackendGraph:  CompressedPak pak cache file ../../../../../Unreal Projects/Capaldi-Tardis/DerivedDataCache/Compressed.ddp not found, will not use a pak cache.
[2015.10.28-06.21.44:427][  0]LogDerivedDataCache: Unable to find inner node CompressedPak for hierarchical cache Hierarchy.
[2015.10.28-06.21.44:700][  0]LogDerivedDataCache:Display: Pak cache opened for reading ../../../Engine/DerivedDataCache/Compressed.ddp.
[2015.10.28-06.21.44:714][  0]LogDerivedDataCache: Using Local data cache path C:/Users/Corey/AppData/Local/UnrealEngine/Common/DerivedDataCache: Writable
[2015.10.28-06.22.03:697][  0]LogInit: Selected Device Profile: [Windows]
[2015.10.28-06.22.03:894][  0]LogContentStreaming: Texture pool size is 0.000000MB
[2015.10.28-06.22.05:869][  0]LogMeshUtilities: No automatic mesh reduction module available
[2015.10.28-06.22.05:869][  0]LogMeshUtilities: No automatic mesh merging module available
[2015.10.28-06.22.10:743][  0]LogInit: WinSock: version 1.1 (2.2), MaxSocks=32767, MaxUdp=65467
[2015.10.28-06.22.24:657][  0]LogAssetRegistry: FAssetRegistry took 0.0218 seconds to start up
[2015.10.28-06.22.24:810][  0]UdpMessaging: Initializing bridge on interface 0.0.0.0:0 to multicast group 230.0.0.1:6666.
[2015.10.28-06.22.33:210][  0]SourceControl: Info Source control is disabled
[2015.10.28-06.22.38:012][  0]LogLinker:Warning: Asset '../../../Engine/Plugins/Runtime/LeapMotionController/Content/LM_PassthroughMaterial.uasset' has been saved with empty engine version. The asset will be loaded but may be incompatible.
[2015.10.28-06.22.38:579][  0]LogConfig:Warning: Failed to saved backup for config[EditorUserSettings]
[2015.10.28-06.22.38:588][  0]LogObj: 28528 objects as part of root set at end of initial load.
[2015.10.28-06.22.38:589][  0]LogUObjectAllocator: 6068456 out of 0 bytes used by permanent object pool.
[2015.10.28-06.22.39:901][  0]LogEngine: Initializing Engine...
[2015.10.28-06.22.39:980][  0]LogHMD: Can't find Oculus library dev build: is proper Runtime installed? Version: 0.7.0.0
[2015.10.28-06.22.40:090][  0]LogHMD: SteamVR failed to initialize.  Err: 110
[2015.10.28-06.22.41:186][  0]LogAIModule: Creating AISystem for world NewWorld
[2015.10.28-06.22.41:807][  0]LogInit: XAudio2 using 'ORION-0 (NVIDIA High Definition Audio)' : 2 channels at 48 kHz using 16 bits per sample (channel mask 0x3)
[2015.10.28-06.22.41:844][  0]LogInit: FAudioDevice initialized.
[2015.10.28-06.22.41:902][  0]LogDerivedDataCache: Saved boot cache 0.06s 41MB C:/Users/Corey/AppData/Local/UnrealEngine/4.9/DerivedDataCache/Boot.ddc.
[2015.10.28-06.22.41:916][  0]LogInit: Texture streaming: Enabled
[2015.10.28-06.22.41:956][  0]LogAnalytics: Creating configured Analytics provider AnalyticsET
[2015.10.28-06.22.41:958][  0]LogAnalytics: [UEEditor.Rocket.Release] APIServer = http://et2.epicgames.com/ET2/. AppVersion = 4.9.2-2707645+++depot+UE4-Releases+4.9
[2015.10.28-06.22.41:958][  0]LogAnalytics: [UEEditor.Rocket.Release] SetUserId 5c23449345eaff9b32885493c09453d1|b88b930091cb4a178825078811402870|daab068d-4a04-4064-b248-ec323833554c
[2015.10.28-06.22.41:959][  0]LogAnalytics: [UEEditor.Rocket.Release] AnalyticsET::StartSession
[2015.10.28-06.22.42:214][  0]LogInit: Transaction tracking system initialized
[2015.10.28-06.22.43:003][  0]BlueprintLog: New page: Editor Load
[2015.10.28-06.22.45:174][  0]LocalizationService: Info Localization service is disabled
[2015.10.28-06.22.46:056][  0]LogConsoleResponse:Display: 
[2015.10.28-06.22.49:280][  0]LogFileCache: Scanning file cache for directory 'I:/Unreal Projects/Capaldi-Tardis/Content/' took 0.04s
[2015.10.28-06.22.49:280][  0]LogCook:Display: Done creating registry. It took  0.00s.
[2015.10.28-06.22.53:224][  0]Cmd: MAP LOAD FILE="../../../../../Unreal Projects/Capaldi-Tardis/Content/FirstPersonBP/Maps/FirstPersonExampleMap.umap" TEMPLATE=0 SHOWPROGRESS=1 FEATURELEVEL=3
[2015.10.28-06.22.53:517][  0]LightingResults: New page: Lighting Build
[2015.10.28-06.22.54:128][  0]MapCheck: New page: Map Check
[2015.10.28-06.22.54:128][  0]LightingResults: New page: Lighting Build
[2015.10.28-06.22.56:292][  0]LogParticles: Destroying 0 GPU particle simulations for FXSystem 0x000000F5961C4400
[2015.10.28-06.23.49:418][  0]LogAIModule: Creating AISystem for world FirstPersonExampleMap
[2015.10.28-06.23.50:126][  0]LogEditorServer: Finished looking for orphan Actors (0.000 secs)
[2015.10.28-06.23.50:175][  0]Cmd: MAP CHECKDEP NOCLEARLOG
[2015.10.28-06.23.50:790][  0]MapCheck: Info Map check complete: 0 Error(s), 0 Warning(s), took 614.668ms to complete.
[2015.10.28-06.23.50:811][  0]LogFileHelpers: Loading map 'FirstPersonExampleMap' took 57.670
[2015.10.28-06.23.53:714][  0]LogCollectionManager: Loaded 0 collections in 0.034362 seconds
[2015.10.28-06.23.54:220][  0]LogFileCache: Scanning file cache for directory 'I:/Unreal Projects/Capaldi-Tardis/Saved/Collections/' took 0.01s
[2015.10.28-06.23.54:220][  0]LogFileCache: Scanning file cache for directory 'I:/Unreal Projects/Capaldi-Tardis/Content/Developers/Corey/Collections/' took 0.01s
[2015.10.28-06.23.54:220][  0]LogFileCache: Scanning file cache for directory 'I:/Unreal Projects/Capaldi-Tardis/Content/Collections/' took 0.01s
[2015.10.28-06.23.54:220][  0]LogContentBrowser: Native class hierarchy populated in 0.1744 seconds. Added 1882 classes and 339 folders.
[2015.10.28-06.23.54:475][  0]LogCollectionManager: Rebuilt the GUID cache for 0 collections in 0.000005 seconds
[2015.10.28-06.23.54:641][  0]LogContentBrowser: Native class hierarchy updated for 'WidgetCarousel' in 0.0005 seconds. Added 0 classes and 0 folders.
[2015.10.28-06.23.55:986][  0]LogContentBrowser: Native class hierarchy updated for 'AddContentDialog' in 0.0007 seconds. Added 0 classes and 0 folders.
[2015.10.28-06.23.56:121][  0]LogContentBrowser: Native class hierarchy updated for 'SceneOutliner' in 0.0006 seconds. Added 1 classes and 2 folders.
[2015.10.28-06.23.56:838][  0]LogCrashTracker: Crashtracker disabled due to settings.
[2015.10.28-06.23.57:810][  0]LogLoad: Full Startup: 142.70 seconds (BP compile: 1.98 seconds)
[2015.10.28-06.23.58:642][  0]SourceControl: Info On branch master
[2015.10.28-06.23.58:642][  0]SourceControl: Info Your branch is ahead of 'origin/master' by 2 commits.
[2015.10.28-06.23.58:642][  0]SourceControl: Info   (use "git push" to publish your local commits)
[2015.10.28-06.23.58:642][  0]SourceControl: Info Changes not staged for commit:
[2015.10.28-06.23.58:642][  0]SourceControl: Info   (use "git add/rm <file>..." to update what will be committed)
[2015.10.28-06.23.58:642][  0]SourceControl: Info   (use "git checkout -- <file>..." to discard changes in working directory)
[2015.10.28-06.23.58:642][  0]SourceControl: Info 	modified:   Content/FirstPersonBP/Maps/FirstPersonExampleMap.umap
[2015.10.28-06.23.58:642][  0]SourceControl: Info 	modified:   Intermediate/CachedAssetRegistry.bin
[2015.10.28-06.23.58:642][  0]SourceControl: Info 	modified:   Saved/AutoScreenshot.png
[2015.10.28-06.23.58:642][  0]SourceControl: Info 	deleted:    Saved/Backup/FirstPersonExampleMap_2015-10-26-20-19-12.umap
[2015.10.28-06.23.58:642][  0]SourceControl: Info 	modified:   Saved/Config/Windows/Editor.ini
[2015.10.28-06.23.58:642][  0]SourceControl: Info 	modified:   Saved/Config/Windows/EditorPerProjectUserSettings.ini
[2015.10.28-06.23.58:642][  0]SourceControl: Info 	modified:   Saved/Logs/Capaldi_Tardis.log
[2015.10.28-06.23.58:642][  0]SourceControl: Info 	modified:   Saved/Logs/Capaldi_Tardis_2.log
[2015.10.28-06.23.58:642][  0]SourceControl: Info Untracked files:
[2015.10.28-06.23.58:642][  0]SourceControl: Info   (use "git add <file>..." to include in what will be committed)
[2015.10.28-06.23.58:642][  0]SourceControl: Info 	Saved/Backup/FirstPersonExampleMap_2015-10-27-19-22-33.umap
[2015.10.28-06.23.58:642][  0]SourceControl: Info 	Saved/Logs/Capaldi_Tardis-backup-2015.10.27-21.20.56.log
[2015.10.28-06.23.58:642][  0]SourceControl: Info 	Saved/Logs/Capaldi_Tardis-backup-2015.10.27-23.21.37.log
[2015.10.28-06.23.58:642][  0]SourceControl: Info 	Saved/Logs/Capaldi_Tardis_2-backup-2015.10.27-23.21.37.log
[2015.10.28-06.23.58:642][  0]SourceControl: Info no changes added to commit (use "git add" and/or "git commit -a")
[2015.10.28-06.23.58:714][  0]LogContentStreaming: Texture pool size now 1000 MB
[2015.10.28-06.23.59:789][  0]LogRenderer: Reallocating scene render targets to support 1312x552 (Frame:2).
[2015.10.28-06.24.04:127][ 12]LogAssetRegistry: Asset discovery search completed in 99.4817 seconds
[2015.10.28-06.24.04:127][ 12]LogCollectionManager: Rebuilt the object cache for 0 collections in 0.000001 seconds (found 0 objects)
[2015.10.28-06.24.04:127][ 12]LogCollectionManager: Fixed up redirectors for 0 collections in 0.000033 seconds (updated 0 objects)
[2015.10.28-07.23.13:399][233]LogWindowsTextInputMethodSystem:Display: IME system now deactivated.
[2015.10.28-07.23.13:400][233]LogWindowsTextInputMethodSystem:Display: IME system now deactivated.
[2015.10.28-07.23.14:581][234]Cmd: QUIT_EDITOR
[2015.10.28-07.23.15:106][234]LogExit: Preparing to exit.
[2015.10.28-07.23.16:360][234]LogExit: Editor shut down
[2015.10.28-07.23.16:361][234]LogExit: Transaction tracking system shut down
[2015.10.28-07.23.16:368][234]LogParticles: Destroying 0 GPU particle simulations for FXSystem 0x000000F5CD28E700
[2015.10.28-07.23.16:370][234]LogParticles: Destroying 0 GPU particle simulations for FXSystem 0x000000F5DCE98A40
[2015.10.28-07.23.16:371][234]LogParticles: Destroying 0 GPU particle simulations for FXSystem 0x000000F5E3C9A700
[2015.10.28-07.23.16:843][234]LogParticles: Destroying 0 GPU particle simulations for FXSystem 0x000000F5E7291580
[2015.10.28-07.23.16:843][234]LogExit: Object subsystem successfully closed.
[2015.10.28-07.23.16:908][234]LogD3D11RHI: Shutdown
[2015.10.28-07.23.16:908][234]LogD3D11RHI: CleanupD3DDevice
[2015.10.28-07.23.17:238][234]LogD3D11RHI: ~FD3D11DynamicRHI
[2015.10.28-07.23.20:670][234]LogModuleManager: Shutting down and abandoning module CrashTracker (199)
[2015.10.28-07.23.20:670][234]LogModuleManager: Shutting down and abandoning module SceneOutliner (198)
[2015.10.28-07.23.20:670][234]LogModuleManager: Shutting down and abandoning module SuperSearch (197)
[2015.10.28-07.23.20:670][234]LogModuleManager: Shutting down and abandoning module WidgetCarousel (196)
[2015.10.28-07.23.20:670][234]LogModuleManager: Shutting down and abandoning module AddContentDialog (195)
[2015.10.28-07.23.20:699][234]LogModuleManager: Shutting down and abandoning module EditorWidgets (194)
[2015.10.28-07.23.20:699][234]LogModuleManager: Shutting down and abandoning module CollectionManager (193)
[2015.10.28-07.23.20:699][234]LogModuleManager: Shutting down and abandoning module StatsViewer (192)
[2015.10.28-07.23.20:699][234]LogModuleManager: Shutting down and abandoning module FoliageEdit (191)
[2015.10.28-07.23.20:699][234]LogModuleManager: Shutting down and abandoning module LandscapeEditor (190)
[2015.10.28-07.23.21:374][234]LogModuleManager: Shutting down and abandoning module ActorPickerMode (189)
[2015.10.28-07.23.21:374][234]LogModuleManager: Shutting down and abandoning module GeometryMode (188)
[2015.10.28-07.23.21:374][234]LogModuleManager: Shutting down and abandoning module TextureAlignMode (187)
[2015.10.28-07.23.21:374][234]LogModuleManager: Shutting down and abandoning module BspMode (186)
[2015.10.28-07.23.21:375][234]LogModuleManager: Shutting down and abandoning module PlacementMode (185)
[2015.10.28-07.23.21:375][234]LogModuleManager: Shutting down and abandoning module AutomationWorker (184)
[2015.10.28-07.23.21:375][234]LogModuleManager: Shutting down and abandoning module CharacterAI (183)
[2015.10.28-07.23.21:375][234]LogModuleManager: Shutting down and abandoning module SmartSnapping (182)
[2015.10.28-07.23.21:375][234]LogModuleManager: Shutting down and abandoning module ViewportSnapping (181)
[2015.10.28-07.23.21:375][234]LogModuleManager: Shutting down and abandoning module LogVisualizer (180)
[2015.10.28-07.23.21:434][234]LogModuleManager: Shutting down and abandoning module GameProjectGeneration (179)
[2015.10.28-07.23.21:441][234]LogModuleManager: Shutting down and abandoning module IntroTutorials (178)
[2015.10.28-07.23.21:441][234]LogModuleManager: Shutting down and abandoning module EditorLiveStreaming (177)
[2015.10.28-07.23.21:441][234]LogModuleManager: Shutting down and abandoning module IOSPlatformEditor (176)
[2015.10.28-07.23.21:441][234]LogModuleManager: Shutting down and abandoning module HTML5PlatformEditor (175)
[2015.10.28-07.23.21:442][234]LogModuleManager: Shutting down and abandoning module AndroidDeviceDetection (174)
[2015.10.28-07.23.21:900][234]LogModuleManager: Shutting down and abandoning module AndroidPlatformEditor (173)
[2015.10.28-07.23.21:900][234]LogModuleManager: Shutting down and abandoning module IOSRuntimeSettings (172)
[2015.10.28-07.23.21:900][234]LogModuleManager: Shutting down and abandoning module AndroidRuntimeSettings (171)
[2015.10.28-07.23.21:900][234]LogModuleManager: Shutting down and abandoning module MergeActors (170)
[2015.10.28-07.23.22:250][234]LogModuleManager: Shutting down and abandoning module SizeMap (169)
[2015.10.28-07.23.22:250][234]LogModuleManager: Shutting down and abandoning module TreeMap (168)
[2015.10.28-07.23.22:250][234]LogModuleManager: Shutting down and abandoning module ReferenceViewer (167)
[2015.10.28-07.23.22:250][234]LogModuleManager: Shutting down and abandoning module LocalizationService (166)
[2015.10.28-07.23.22:251][234]LogModuleManager: Shutting down and abandoning module LocalizationDashboard (165)
[2015.10.28-07.23.22:266][234]LogModuleManager: Shutting down and abandoning module HardwareTargeting (164)
[2015.10.28-07.23.22:266][234]LogModuleManager: Shutting down and abandoning module DeviceProfileEditor (163)
[2015.10.28-07.23.22:266][234]LogModuleManager: Shutting down and abandoning module UndoHistory (162)
[2015.10.28-07.23.22:266][234]LogModuleManager: Shutting down and abandoning module GameplayTagsEditor (161)
[2015.10.28-07.23.22:266][234]LogModuleManager: Shutting down and abandoning module UserFeedback (160)
[2015.10.28-07.23.22:266][234]LogModuleManager: Shutting down and abandoning module XmlParser (159)
[2015.10.28-07.23.22:266][234]LogModuleManager: Shutting down and abandoning module Blutility (158)
[2015.10.28-07.23.22:266][234]LogModuleManager: Shutting down and abandoning module ProjectTargetPlatformEditor (157)
[2015.10.28-07.23.22:266][234]LogModuleManager: Shutting down and abandoning module ProjectSettingsViewer (156)
[2015.10.28-07.23.22:266][234]LogModuleManager: Shutting down and abandoning module InputBindingEditor (155)
[2015.10.28-07.23.22:267][234]LogModuleManager: Shutting down and abandoning module EditorSettingsViewer (154)
[2015.10.28-07.23.22:267][234]LogModuleManager: Shutting down and abandoning module SettingsEditor (153)
[2015.10.28-07.23.22:267][234]LogModuleManager: Shutting down and abandoning module ProjectLauncher (152)
[2015.10.28-07.23.22:287][234]LogModuleManager: Shutting down and abandoning module SessionFrontend (151)
[2015.10.28-07.23.22:287][234]LogModuleManager: Shutting down and abandoning module ProfilerClient (150)
[2015.10.28-07.23.22:364][234]LogModuleManager: Shutting down and abandoning module TargetDeviceServices (149)
[2015.10.28-07.23.22:364][234]LogModuleManager: Shutting down and abandoning module DeviceManager (148)
[2015.10.28-07.23.22:364][234]LogModuleManager: Shutting down and abandoning module AutomationController (147)
[2015.10.28-07.23.22:364][234]LogModuleManager: Shutting down and abandoning module AutomationWindow (146)
[2015.10.28-07.23.22:465][234]LogModuleManager: Shutting down and abandoning module Layers (145)
[2015.10.28-07.23.22:491][234]LogModuleManager: Shutting down and abandoning module ComponentVisualizers (144)
[2015.10.28-07.23.22:492][234]LogModuleManager: Shutting down and abandoning module DetailCustomizations (143)
[2015.10.28-07.23.22:492][234]LogModuleManager: Shutting down and abandoning module PackagesDialog (142)
[2015.10.28-07.23.22:492][234]LogModuleManager: Shutting down and abandoning module Persona (141)
[2015.10.28-07.23.22:499][234]LogModuleManager: Shutting down and abandoning module Kismet (140)
[2015.10.28-07.23.22:515][234]LogModuleManager: Shutting down and abandoning module GraphEditor (139)
[2015.10.28-07.23.22:646][234]LogModuleManager: Shutting down and abandoning module ClassViewer (138)
[2015.10.28-07.23.22:646][234]LogModuleManager: Shutting down and abandoning module Toolbox (137)
[2015.10.28-07.23.22:646][234]LogModuleManager: Shutting down and abandoning module ModuleUI (136)
[2015.10.28-07.23.22:671][234]LogModuleManager: Shutting down and abandoning module MovieSceneTools (135)
[2015.10.28-07.23.22:671][234]LogModuleManager: Shutting down and abandoning module OutputLog (134)
[2015.10.28-07.23.22:671][234]LogModuleManager: Shutting down and abandoning module GammaUI (133)
[2015.10.28-07.23.22:681][234]LogModuleManager: Shutting down and abandoning module Documentation (132)
[2015.10.28-07.23.22:682][234]LogModuleManager: Shutting down and abandoning module GameLiveStreaming (131)
[2015.10.28-07.23.22:682][234]LogModuleManager: Shutting down and abandoning module StreamingPauseRendering (130)
[2015.10.28-07.23.22:682][234]LogModuleManager: Shutting down and abandoning module AnalyticsET (129)
[2015.10.28-07.23.22:682][234]LogModuleManager: Shutting down and abandoning module Analytics (128)
[2015.10.28-07.23.22:682][234]LogModuleManager: Shutting down and abandoning module AITestSuite (127)
[2015.10.28-07.23.22:682][234]LogModuleManager: Shutting down and abandoning module GameplayDebugger (126)
[2015.10.28-07.23.22:682][234]LogModuleManager: Shutting down and abandoning module AIModule (125)
[2015.10.28-07.23.22:682][234]LogModuleManager: Shutting down and abandoning module ProfilerService (124)
[2015.10.28-07.23.22:695][234]LogModuleManager: Shutting down and abandoning module TaskGraph (123)
[2015.10.28-07.23.22:695][234]LogModuleManager: Shutting down and abandoning module SubstanceEditor (122)
[2015.10.28-07.23.22:721][234]LogModuleManager: Shutting down and abandoning module SlateRemote (121)
[2015.10.28-07.23.22:721][234]LogModuleManager: Shutting down and abandoning module SteamVRController (120)
[2015.10.28-07.23.22:721][234]LogModuleManager: Shutting down and abandoning module SteamVR (119)
[2015.10.28-07.23.22:721][234]LogModuleManager: Shutting down and abandoning module ProceduralMeshComponent (118)
[2015.10.28-07.23.22:721][234]LogModuleManager: Shutting down and abandoning module OculusRift (117)
[2015.10.28-07.23.22:721][234]LogModuleManager: Shutting down and abandoning module OculusLibrary (116)
[2015.10.28-07.23.22:721][234]LogModuleManager: Shutting down and abandoning module LeapMotionController (115)
[2015.10.28-07.23.22:766][234]LogModuleManager: Shutting down and abandoning module CustomMeshComponent (114)
[2015.10.28-07.23.22:785][234]LogModuleManager: Shutting down and abandoning module CableComponent (113)
[2015.10.28-07.23.22:785][234]LogModuleManager: Shutting down and abandoning module ArchVisCharacter (112)
[2015.10.28-07.23.22:785][234]LogModuleManager: Shutting down and abandoning module MessagingDebugger (111)
[2015.10.28-07.23.22:798][234]LogModuleManager: Shutting down and abandoning module MediaPlayerEditor (110)
[2015.10.28-07.23.22:810][234]LogModuleManager: Shutting down and abandoning module HTML5Networking (109)
[2015.10.28-07.23.22:810][234]LogModuleManager: Shutting down and abandoning module SpeedTreeImporter (108)
[2015.10.28-07.23.22:810][234]LogModuleManager: Shutting down and abandoning module PluginBrowser (107)
[2015.10.28-07.23.22:812][234]LogModuleManager: Shutting down and abandoning module EpicSurvey (106)
[2015.10.28-07.23.22:812][234]LogModuleManager: Shutting down and abandoning module DesktopPlatform (105)
[2015.10.28-07.23.22:812][234]LogModuleManager: Shutting down and abandoning module VisualStudioSourceCodeAccess (104)
[2015.10.28-07.23.22:812][234]LogModuleManager: Shutting down and abandoning module UObjectPlugin (103)
[2015.10.28-07.23.22:812][234]LogModuleManager: Shutting down and abandoning module SubversionSourceControl (102)
[2015.10.28-07.23.22:812][234]LogModuleManager: Shutting down and abandoning module PerforceSourceControl (101)
[2015.10.28-07.23.22:812][234]LogModuleManager: Shutting down and abandoning module SourceControl (100)
[2015.10.28-07.23.22:812][234]LogModuleManager: Shutting down and abandoning module GitSourceControl (99)
[2015.10.28-07.23.22:812][234]LogModuleManager: Shutting down and abandoning module LightPropagationVolumeEditor (98)
[2015.10.28-07.23.22:812][234]LogModuleManager: Shutting down and abandoning module PaperTiledImporter (97)
[2015.10.28-07.23.22:812][234]LogModuleManager: Shutting down and abandoning module PaperSpriteSheetImporter (96)
[2015.10.28-07.23.22:812][234]LogModuleManager: Shutting down and abandoning module MeshPaint (95)
[2015.10.28-07.23.22:812][234]LogModuleManager: Shutting down and abandoning module SlateReflector (94)
[2015.10.28-07.23.22:841][234]LogModuleManager: Shutting down and abandoning module HotReload (93)
[2015.10.28-07.23.22:841][234]LogModuleManager: Shutting down and abandoning module MainFrame (92)
[2015.10.28-07.23.22:842][234]LogModuleManager: Shutting down and abandoning module LevelEditor (91)
[2015.10.28-07.23.23:229][234]LogModuleManager: Shutting down and abandoning module ContentBrowser (90)
[2015.10.28-07.23.23:231][234]LogModuleManager: Shutting down and abandoning module Paper2DEditor (89)
[2015.10.28-07.23.23:340][234]LogModuleManager: Shutting down and abandoning module UdpMessaging (88)
[2015.10.28-07.23.23:441][234]LogModuleManager: Shutting down and abandoning module DirectoryWatcher (87)
[2015.10.28-07.23.23:442][234]LogModuleManager: Shutting down and abandoning module AssetRegistry (86)
[2015.10.28-07.23.23:589][234]LogModuleManager: Shutting down and abandoning module SubstanceCore (85)
[2015.10.28-07.23.23:764][234]LogModuleManager: Shutting down and abandoning module LightPropagationVolumeRuntime (84)
[2015.10.28-07.23.23:764][234]LogModuleManager: Shutting down and abandoning module Paper2D (83)
[2015.10.28-07.23.23:764][234]LogModuleManager: Shutting down and abandoning module WindowsMoviePlayer (82)
[2015.10.28-07.23.23:829][234]LogModuleManager: Shutting down and abandoning module Media (81)
[2015.10.28-07.23.23:831][234]LogModuleManager: Shutting down and abandoning module WmfMedia (80)
[2015.10.28-07.23.23:831][234]LogModuleManager: Shutting down and abandoning module OnlineBlueprintSupport (79)
[2015.10.28-07.23.23:831][234]LogModuleManager: Shutting down and abandoning module GameplayTasksEditor (78)
[2015.10.28-07.23.23:831][234]LogModuleManager: Shutting down and abandoning module PropertyEditor (77)
[2015.10.28-07.23.23:831][234]LogModuleManager: Shutting down and abandoning module BehaviorTreeEditor (76)
[2015.10.28-07.23.23:833][234]LogModuleManager: Shutting down and abandoning module FunctionalTesting (75)
[2015.10.28-07.23.23:833][234]LogModuleManager: Shutting down and abandoning module CollisionAnalyzer (74)
[2015.10.28-07.23.23:834][234]LogModuleManager: Shutting down and abandoning module WorkspaceMenuStructure (73)
[2015.10.28-07.23.23:839][234]LogModuleManager: Shutting down and abandoning module MessageLog (72)
[2015.10.28-07.23.23:839][234]LogModuleManager: Shutting down and abandoning module Sequencer (71)
[2015.10.28-07.23.23:851][234]LogModuleManager: Shutting down and abandoning module AssetTools (70)
[2015.10.28-07.23.23:879][234]LogModuleManager: Shutting down and abandoning module UMGEditor (69)
[2015.10.28-07.23.23:899][234]LogModuleManager: Shutting down and abandoning module UMG (68)
[2015.10.28-07.23.23:899][234]LogModuleManager: Shutting down and abandoning module Slate (67)
[2015.10.28-07.23.23:899][234]LogModuleManager: Shutting down and abandoning module EditorStyle (66)
[2015.10.28-07.23.23:904][234]LogModuleManager: Shutting down and abandoning module SessionServices (65)
[2015.10.28-07.23.23:904][234]LogModuleManager: Shutting down and abandoning module SourceCodeAccess (64)
[2015.10.28-07.23.23:904][234]LogModuleManager: Shutting down and abandoning module HeadMountedDisplay (63)
[2015.10.28-07.23.23:904][234]LogModuleManager: Shutting down and abandoning module XAudio2 (62)
[2015.10.28-07.23.23:904][234]LogModuleManager: Shutting down and abandoning module Networking (60)
[2015.10.28-07.23.23:904][234]LogModuleManager: Shutting down and abandoning module Core (59)
[2015.10.28-07.23.23:904][234]LogModuleManager: Shutting down and abandoning module KismetCompiler (58)
[2015.10.28-07.23.23:904][234]LogModuleManager: Shutting down and abandoning module PhysXFormats (57)
[2015.10.28-07.23.23:904][234]LogModuleManager: Shutting down and abandoning module MeshUtilities (56)
[2015.10.28-07.23.23:944][234]LogModuleManager: Shutting down and abandoning module CookingStats (55)
[2015.10.28-07.23.23:972][234]LogModuleManager: Shutting down and abandoning module DerivedDataCache (54)
[2015.10.28-07.23.24:023][234]LogDerivedDataCache: Shutdown
[2015.10.28-07.23.24:024][234]LogModuleManager: Shutting down and abandoning module ShaderFormatOpenGL (53)
[2015.10.28-07.23.24:044][234]LogModuleManager: Shutting down and abandoning module ShaderFormatD3D (52)
[2015.10.28-07.23.24:045][234]LogModuleManager: Shutting down and abandoning module MetalShaderFormat (51)
[2015.10.28-07.23.24:061][234]LogModuleManager: Shutting down and abandoning module TextureFormatUncompressed (50)
[2015.10.28-07.23.24:061][234]LogModuleManager: Shutting down and abandoning module TextureFormatPVR (49)
[2015.10.28-07.23.24:061][234]LogModuleManager: Shutting down and abandoning module TextureFormatIntelISPCTexComp (48)
[2015.10.28-07.23.24:061][234]LogModuleManager: Shutting down and abandoning module TextureFormatDXT (47)
[2015.10.28-07.23.24:061][234]LogModuleManager: Shutting down and abandoning module ImageWrapper (46)
[2015.10.28-07.23.24:061][234]LogModuleManager: Shutting down and abandoning module TextureFormatASTC (45)
[2015.10.28-07.23.24:061][234]LogModuleManager: Shutting down and abandoning module TextureFormatAndroid (44)
[2015.10.28-07.23.24:061][234]LogModuleManager: Shutting down and abandoning module AudioFormatOpus (43)
[2015.10.28-07.23.24:466][234]LogModuleManager: Shutting down and abandoning module AudioFormatOgg (42)
[2015.10.28-07.23.24:466][234]LogModuleManager: Shutting down and abandoning module AudioFormatADPCM (41)
[2015.10.28-07.23.24:466][234]LogModuleManager: Shutting down and abandoning module LinuxTargetPlatform (40)
[2015.10.28-07.23.24:466][234]LogModuleManager: Shutting down and abandoning module LinuxServerTargetPlatform (39)
[2015.10.28-07.23.24:467][234]LogModuleManager: Shutting down and abandoning module LinuxNoEditorTargetPlatform (38)
[2015.10.28-07.23.24:467][234]LogModuleManager: Shutting down and abandoning module Messaging (37)
[2015.10.28-07.23.24:467][234]LogModuleManager: Shutting down and abandoning module IOSTargetPlatform (36)
[2015.10.28-07.23.24:467][234]LogModuleManager: Shutting down and abandoning module HTML5TargetPlatform (35)
[2015.10.28-07.23.24:467][234]LogModuleManager: Shutting down and abandoning module Android_PVRTCTargetPlatform (34)
[2015.10.28-07.23.24:484][234]LogModuleManager: Shutting down and abandoning module Android_ETC2TargetPlatform (33)
[2015.10.28-07.23.24:496][234]LogModuleManager: Shutting down and abandoning module Android_ETC1TargetPlatform (32)
[2015.10.28-07.23.24:508][234]LogModuleManager: Shutting down and abandoning module Android_DXTTargetPlatform (31)
[2015.10.28-07.23.24:515][234]LogModuleManager: Shutting down and abandoning module Android_ATCTargetPlatform (30)
[2015.10.28-07.23.24:641][234]LogModuleManager: Shutting down and abandoning module Android_ASTCTargetPlatform (29)
[2015.10.28-07.23.24:641][234]LogModuleManager: Shutting down and abandoning module AndroidTargetPlatform (28)
[2015.10.28-07.23.24:651][234]LogModuleManager: Shutting down and abandoning module WindowsTargetPlatform (27)
[2015.10.28-07.23.24:651][234]LogModuleManager: Shutting down and abandoning module WindowsServerTargetPlatform (26)
[2015.10.28-07.23.24:775][234]LogModuleManager: Shutting down and abandoning module WindowsNoEditorTargetPlatform (25)
[2015.10.28-07.23.24:785][234]LogModuleManager: Shutting down and abandoning module WindowsClientTargetPlatform (24)
[2015.10.28-07.23.24:795][234]LogModuleManager: Shutting down and abandoning module AllDesktopTargetPlatform (23)
[2015.10.28-07.23.24:795][234]LogModuleManager: Shutting down and abandoning module TargetPlatform (22)
[2015.10.28-07.23.24:795][234]LogModuleManager: Shutting down and abandoning module InputCore (21)
[2015.10.28-07.23.24:795][234]LogModuleManager: Shutting down and abandoning module Settings (20)
[2015.10.28-07.23.24:795][234]LogModuleManager: Shutting down and abandoning module OnlineSubsystem (18)
[2015.10.28-07.23.24:795][234]LogModuleManager: Shutting down and abandoning module HTTP (17)
[2015.10.28-07.23.26:829][234]LogModuleManager: Shutting down and abandoning module XMPP (16)
[2015.10.28-07.23.26:829][234]LogModuleManager: Shutting down and abandoning module ExampleDeviceProfileSelector (15)
[2015.10.28-07.23.26:829][234]LogModuleManager: Shutting down and abandoning module TextureCompressor (14)
[2015.10.28-07.23.26:845][234]LogModuleManager: Shutting down and abandoning module ShaderCore (13)
[2015.10.28-07.23.26:845][234]LogModuleManager: Shutting down and abandoning module Landscape (12)
[2015.10.28-07.23.26:846][234]LogModuleManager: Shutting down and abandoning module SlateRHIRenderer (11)
[2015.10.28-07.23.26:849][234]LogModuleManager: Shutting down and abandoning module OpenGLDrv (10)
[2015.10.28-07.23.26:865][234]LogModuleManager: Shutting down and abandoning module D3D11RHI (9)
[2015.10.28-07.23.26:865][234]LogModuleManager: Shutting down and abandoning module AnimGraphRuntime (8)
[2015.10.28-07.23.26:876][234]LogModuleManager: Shutting down and abandoning module Renderer (7)
[2015.10.28-07.23.26:876][234]LogModuleManager: Shutting down and abandoning module Engine (6)
[2015.10.28-07.23.26:876][234]LogModuleManager: Shutting down and abandoning module CoreUObject (5)
[2015.10.28-07.23.26:876][234]LogModuleManager: Shutting down and abandoning module NetworkFile (4)
[2015.10.28-07.23.26:887][234]LogModuleManager: Shutting down and abandoning module StreamingFile (3)
[2015.10.28-07.23.26:887][234]LogModuleManager: Shutting down and abandoning module SandboxFile (2)
[2015.10.28-07.23.26:907][234]LogModuleManager: Shutting down and abandoning module PakFile (1)
[2015.10.28-07.23.27:020][234]LogExit: Exiting.
[2015.10.28-07.23.27:022][234]Log file closed, 10/28/15 00:23:27
