[2015.10.26-01.15.53:088][  0]Log file open, 10/25/15 18:15:53
[2015.10.26-01.15.53:088][  0]LogInit:Display: Running engine for game: Capaldi_Tardis
[2015.10.26-01.15.53:088][  0]LogInit:Display: RandInit(-1208305967) SRandInit(-1208305966).
[2015.10.26-01.15.53:088][  0]LogTaskGraph: Started task graph with 4 named threads and 7 total threads.
[2015.10.26-01.15.53:088][  0]LogStats: Stats thread started at 0.106725
[2015.10.26-01.15.53:088][  0]LogInit: Version: 4.9.2-2707645+++depot+UE4-Releases+4.9
[2015.10.26-01.15.53:089][  0]LogInit: API Version: 2672455
[2015.10.26-01.15.53:089][  0]LogInit: Compiled (64-bit): Sep 28 2015 10:25:44
[2015.10.26-01.15.53:089][  0]LogInit: Compiled with Visual C++: 18.00.21005.01
[2015.10.26-01.15.53:089][  0]LogInit: Build Configuration: Development
[2015.10.26-01.15.53:089][  0]LogInit: Branch Name: ++depot+UE4-Releases+4.9
[2015.10.26-01.15.53:089][  0]LogInit: Command line:  
[2015.10.26-01.15.53:089][  0]LogInit: Base directory: I:/Epic Games/4.9/Engine/Binaries/Win64/
[2015.10.26-01.15.53:089][  0]LogInit: Rocket: 1
[2015.10.26-01.15.53:104][  0]LogInit: Using libcurl 7.41.0
[2015.10.26-01.15.53:104][  0]LogInit:  - built for x86_64-pc-win32
[2015.10.26-01.15.53:104][  0]LogInit:  - supports SSL with WinSSL
[2015.10.26-01.15.53:104][  0]LogInit:  - other features:
[2015.10.26-01.15.53:104][  0]LogInit:      CURL_VERSION_SSL
[2015.10.26-01.15.53:104][  0]LogInit:      CURL_VERSION_IPV6
[2015.10.26-01.15.53:104][  0]LogInit:      CURL_VERSION_ASYNCHDNS
[2015.10.26-01.15.53:104][  0]LogInit:      CURL_VERSION_LARGEFILE
[2015.10.26-01.15.53:104][  0]LogInit:      CURL_VERSION_IDN
[2015.10.26-01.15.53:105][  0]LogInit:  CurlRequestOptions (configurable via config and command line):
[2015.10.26-01.15.53:105][  0]LogInit:  - bVerifyPeer = true  - Libcurl will verify peer certificate
[2015.10.26-01.15.53:105][  0]LogInit:  - bUseHttpProxy = false  - Libcurl will NOT use HTTP proxy
[2015.10.26-01.15.53:105][  0]LogInit:  - bDontReuseConnections = false  - Libcurl will reuse connections
[2015.10.26-01.15.53:105][  0]LogInit:  - CertBundlePath = nullptr  - Libcurl will use whatever was configured at build time.
[2015.10.26-01.15.53:118][  0]LogInit: Presizing for 0 objects not considered by GC, pre-allocating 0 bytes.
[2015.10.26-01.15.53:130][  0]LogInit: Object subsystem initialized
[2015.10.26-01.15.53:132][  0]LogInit: Selected Device Profile: [Windows]
[2015.10.26-01.15.53:132][  0]LogInit: Applying CVar settings loaded from the selected device profile: [Windows]
[2015.10.26-01.15.53:145][  0]LogInit: Computer: COREYSPRECIOUS
[2015.10.26-01.15.53:145][  0]LogInit: User: Corey
[2015.10.26-01.15.53:145][  0]LogInit: CPU Page size=4096, Cores=4
[2015.10.26-01.15.53:145][  0]LogInit: High frequency timer resolution =3.418198 MHz
[2015.10.26-01.15.53:145][  0]LogMemory: Memory total: Physical=32.0GB (32GB approx)
[2015.10.26-01.15.53:145][  0]LogMemory: Platform Memory Stats for Windows
[2015.10.26-01.15.53:145][  0]LogMemory: Process Physical Memory: 54.02 MB used, 54.02 MB peak
[2015.10.26-01.15.53:145][  0]LogMemory: Process Virtual Memory: 55.36 MB used, 55.36 MB peak
[2015.10.26-01.15.53:145][  0]LogMemory: Physical Memory: 12019.32 MB used, 32724.31 MB total
[2015.10.26-01.15.53:145][  0]LogMemory: Virtual Memory: 365.37 MB used, 134217728.00 MB total
[2015.10.26-01.15.53:199][  0]LogTextLocalizationManager: No specific translations for ('en-US') exist, so ('en') translations will be used.
[2015.10.26-01.15.54:376][  0]LogD3D11RHI: Found D3D11 adapter 0: NVIDIA GeForce GTX TITAN X (Feature Level 11_0)
[2015.10.26-01.15.54:376][  0]LogD3D11RHI: Adapter has 12176MB of dedicated video memory, 0MB of dedicated system memory, and 16362MB of shared system memory, 2 output[s]
[2015.10.26-01.15.54:378][  0]LogD3D11RHI: Found D3D11 adapter 1: Microsoft Basic Render Driver (Feature Level 11_0)
[2015.10.26-01.15.54:378][  0]LogD3D11RHI: Adapter has 0MB of dedicated video memory, 0MB of dedicated system memory, and 16362MB of shared system memory, 0 output[s]
[2015.10.26-01.15.54:378][  0]LogD3D11RHI: Chosen D3D11 Adapter Id = 0
[2015.10.26-01.15.54:394][  0]LogD3D11RHI: !Direct3DDevice
[2015.10.26-01.15.54:394][  0]LogRHI: Texture pool is 1361 MB (70% of 1945 MB)
[2015.10.26-01.15.54:423][  0]LogD3D11RHI: Async texture creation enabled
[2015.10.26-01.15.54:436][  0]LogShaderCompilers: Guid format shader working directory is 14 characters bigger than the processId version (../../../../../Unreal Projects/Capaldi_Tardis/Intermediate/Shaders/WorkingDirectory/26676/).
[2015.10.26-01.15.54:437][  0]LogShaderCompilers: Cleaned the shader compiler working directory '../../../../../Unreal Projects/Capaldi_Tardis/Intermediate/Shaders/tmp/3447A0F940A9C16313A7E7BB83EE5F47/'.
[2015.10.26-01.15.54:437][  0]LogShaderCompilers:Display: Using Local Shader Compiler.
[2015.10.26-01.15.55:957][  0]LogTemp:Display: Loaded TP AllDesktopTargetPlatform
[2015.10.26-01.15.55:966][  0]LogTemp:Display: Loaded TP WindowsClientTargetPlatform
[2015.10.26-01.15.55:975][  0]LogTemp:Display: Loaded TP WindowsNoEditorTargetPlatform
[2015.10.26-01.15.55:984][  0]LogTemp:Display: Loaded TP WindowsServerTargetPlatform
[2015.10.26-01.15.55:993][  0]LogTemp:Display: Loaded TP WindowsTargetPlatform
[2015.10.26-01.15.55:999][  0]LogTemp:Display: Loaded TP AndroidTargetPlatform
[2015.10.26-01.15.56:005][  0]LogTemp:Display: Loaded TP Android_ASTCTargetPlatform
[2015.10.26-01.15.56:010][  0]LogTemp:Display: Loaded TP Android_ATCTargetPlatform
[2015.10.26-01.15.56:016][  0]LogTemp:Display: Loaded TP Android_DXTTargetPlatform
[2015.10.26-01.15.56:021][  0]LogTemp:Display: Loaded TP Android_ETC1TargetPlatform
[2015.10.26-01.15.56:027][  0]LogTemp:Display: Loaded TP Android_ETC2TargetPlatform
[2015.10.26-01.15.56:033][  0]LogTemp:Display: Loaded TP Android_PVRTCTargetPlatform
[2015.10.26-01.15.56:034][  0]LogTemp:Display: Loaded TP HTML5TargetPlatform
[2015.10.26-01.15.56:056][  0]LogTemp:Display: Loaded TP IOSTargetPlatform
[2015.10.26-01.15.56:062][  0]LogTemp:Display: Loaded TP LinuxNoEditorTargetPlatform
[2015.10.26-01.15.56:067][  0]LogTemp:Display: Loaded TP LinuxServerTargetPlatform
[2015.10.26-01.15.56:074][  0]LogTemp:Display: Loaded TP LinuxTargetPlatform
[2015.10.26-01.15.56:074][  0]LogTargetPlatformManager:Display: Building Assets For Windows
[2015.10.26-01.15.56:226][  0]LogDerivedDataCache:Display: Max Cache Size: 512 MB
[2015.10.26-01.15.56:347][  0]LogDerivedDataCache: Loaded boot cache 0.12s 41MB C:/Users/Corey/AppData/Local/UnrealEngine/4.9/DerivedDataCache/Boot.ddc.
[2015.10.26-01.15.56:348][  0]LogDerivedDataCache:Display: Loaded Boot cache: C:/Users/Corey/AppData/Local/UnrealEngine/4.9/DerivedDataCache/Boot.ddc
[2015.10.26-01.15.56:348][  0]LogDerivedDataCache: FDerivedDataBackendGraph:  Pak pak cache file ../../../../../Unreal Projects/Capaldi_Tardis/DerivedDataCache/DDC.ddp not found, will not use a pak cache.
[2015.10.26-01.15.56:348][  0]LogDerivedDataCache: Unable to find inner node Pak for hierarchical cache Hierarchy.
[2015.10.26-01.15.56:348][  0]LogDerivedDataCache: FDerivedDataBackendGraph:  CompressedPak pak cache file ../../../../../Unreal Projects/Capaldi_Tardis/DerivedDataCache/Compressed.ddp not found, will not use a pak cache.
[2015.10.26-01.15.56:348][  0]LogDerivedDataCache: Unable to find inner node CompressedPak for hierarchical cache Hierarchy.
[2015.10.26-01.15.56:543][  0]LogDerivedDataCache:Display: Pak cache opened for reading ../../../Engine/DerivedDataCache/Compressed.ddp.
[2015.10.26-01.15.56:556][  0]LogDerivedDataCache: Using Local data cache path C:/Users/Corey/AppData/Local/UnrealEngine/Common/DerivedDataCache: Writable
[2015.10.26-01.15.56:850][  0]LogInit: Selected Device Profile: [Windows]
[2015.10.26-01.15.56:855][  0]LogContentStreaming: Texture pool size is 0.000000MB
[2015.10.26-01.15.57:029][  0]LogMeshUtilities: No automatic mesh reduction module available
[2015.10.26-01.15.57:029][  0]LogMeshUtilities: No automatic mesh merging module available
[2015.10.26-01.15.57:493][  0]LogInit: WinSock: version 1.1 (2.2), MaxSocks=32767, MaxUdp=65467
[2015.10.26-01.15.58:637][  0]LogAssetRegistry: FAssetRegistry took 0.0108 seconds to start up
[2015.10.26-01.15.58:664][  0]UdpMessaging: Initializing bridge on interface 0.0.0.0:0 to multicast group 230.0.0.1:6666.
[2015.10.26-01.15.59:028][  0]SourceControl: Info Source control is disabled
[2015.10.26-01.15.59:029][  0]SourceControl: Info Source control is disabled
[2015.10.26-01.15.59:048][  0]SourceControl: Info Source control is disabled
[2015.10.26-01.15.59:067][  0]SourceControl: Info Source control is disabled
[2015.10.26-01.15.59:355][  0]LogLinker:Warning: Asset '../../../Engine/Plugins/Runtime/LeapMotionController/Content/LM_PassthroughMaterial.uasset' has been saved with empty engine version. The asset will be loaded but may be incompatible.
[2015.10.26-01.15.59:520][  0]LogObj: 28528 objects as part of root set at end of initial load.
[2015.10.26-01.15.59:520][  0]LogUObjectAllocator: 6068464 out of 0 bytes used by permanent object pool.
[2015.10.26-01.15.59:606][  0]LogEngine: Initializing Engine...
[2015.10.26-01.15.59:610][  0]LogHMD: Can't find Oculus library dev build: is proper Runtime installed? Version: 0.7.0.0
[2015.10.26-01.15.59:610][  0]LogHMD: SteamVR failed to initialize.  Err: 110
[2015.10.26-01.15.59:803][  0]LogAIModule: Creating AISystem for world NewWorld
[2015.10.26-01.15.59:822][  0]LogInit: XAudio2 using 'Speakers (2- Logitech G930 Headset)' : 2 channels at 44.1 kHz using 16 bits per sample (channel mask 0x3)
[2015.10.26-01.15.59:835][  0]LogInit: FAudioDevice initialized.
[2015.10.26-01.15.59:894][  0]LogDerivedDataCache: Saved boot cache 0.06s 41MB C:/Users/Corey/AppData/Local/UnrealEngine/4.9/DerivedDataCache/Boot.ddc.
[2015.10.26-01.15.59:910][  0]LogInit: Texture streaming: Enabled
[2015.10.26-01.15.59:920][  0]LogAnalytics: Creating configured Analytics provider AnalyticsET
[2015.10.26-01.15.59:920][  0]LogAnalytics: [UEEditor.Rocket.Release] APIServer = http://et2.epicgames.com/ET2/. AppVersion = 4.9.2-2707645+++depot+UE4-Releases+4.9
[2015.10.26-01.15.59:920][  0]LogAnalytics: [UEEditor.Rocket.Release] SetUserId 5c23449345eaff9b32885493c09453d1|b88b930091cb4a178825078811402870|daab068d-4a04-4064-b248-ec323833554c
[2015.10.26-01.15.59:920][  0]LogAnalytics: [UEEditor.Rocket.Release] AnalyticsET::StartSession
[2015.10.26-01.15.59:961][  0]LogWindowsTextInputMethodSystem:Display: IME system now deactivated.
[2015.10.26-01.15.59:961][  0]LogWindowsTextInputMethodSystem:Display: IME system now deactivated.
[2015.10.26-01.15.59:991][  0]LogInit: Transaction tracking system initialized
[2015.10.26-01.16.00:057][  0]BlueprintLog: New page: Editor Load
[2015.10.26-01.16.00:222][  0]LocalizationService: Info Localization service is disabled
[2015.10.26-01.16.00:364][  0]LogConsoleResponse:Display: 
[2015.10.26-01.16.00:565][  0]LogCook:Display: Done creating registry. It took  0.00s.
[2015.10.26-01.16.00:695][  0]LogFileCache: Scanning file cache for directory 'I:/Unreal Projects/Capaldi_Tardis/Content/' took 0.04s
[2015.10.26-01.16.00:695][  0]SourceControl: Info Source control is disabled
[2015.10.26-01.16.00:696][  0]Cmd: MAP LOAD FILE="../../../../../Unreal Projects/Capaldi_Tardis/Content/FirstPersonBP/Maps/FirstPersonExampleMap.umap" TEMPLATE=0 SHOWPROGRESS=1 FEATURELEVEL=3
[2015.10.26-01.16.00:696][  0]LightingResults: New page: Lighting Build
[2015.10.26-01.16.00:703][  0]MapCheck: New page: Map Check
[2015.10.26-01.16.00:703][  0]LightingResults: New page: Lighting Build
[2015.10.26-01.16.00:723][  0]LogParticles: Destroying 0 GPU particle simulations for FXSystem 0x0000008DD6597B00
[2015.10.26-01.16.07:223][  0]LogAIModule: Creating AISystem for world FirstPersonExampleMap
[2015.10.26-01.16.07:301][  0]LogEditorServer: Finished looking for orphan Actors (0.000 secs)
[2015.10.26-01.16.07:302][  0]Cmd: MAP CHECKDEP NOCLEARLOG
[2015.10.26-01.16.07:690][  0]MapCheck: Info Map check complete: 0 Error(s), 0 Warning(s), took 387.786ms to complete.
[2015.10.26-01.16.07:691][  0]LogFileHelpers: Loading map 'FirstPersonExampleMap' took 6.996
[2015.10.26-01.16.07:908][  0]LogCollectionManager: Loaded 0 collections in 0.004445 seconds
[2015.10.26-01.16.07:957][  0]LogFileCache: Scanning file cache for directory 'I:/Unreal Projects/Capaldi_Tardis/Saved/Collections/' took 0.01s
[2015.10.26-01.16.07:957][  0]LogFileCache: Scanning file cache for directory 'I:/Unreal Projects/Capaldi_Tardis/Content/Developers/Corey/Collections/' took 0.01s
[2015.10.26-01.16.07:957][  0]LogFileCache: Scanning file cache for directory 'I:/Unreal Projects/Capaldi_Tardis/Content/Collections/' took 0.01s
[2015.10.26-01.16.07:957][  0]LogContentBrowser: Native class hierarchy populated in 0.0140 seconds. Added 1882 classes and 339 folders.
[2015.10.26-01.16.07:980][  0]LogCollectionManager: Rebuilt the GUID cache for 0 collections in 0.000004 seconds
[2015.10.26-01.16.07:991][  0]LogContentBrowser: Native class hierarchy updated for 'WidgetCarousel' in 0.0006 seconds. Added 0 classes and 0 folders.
[2015.10.26-01.16.08:064][  0]LogContentBrowser: Native class hierarchy updated for 'AddContentDialog' in 0.0005 seconds. Added 0 classes and 0 folders.
[2015.10.26-01.16.08:071][  0]LogContentBrowser: Native class hierarchy updated for 'SceneOutliner' in 0.0005 seconds. Added 1 classes and 2 folders.
[2015.10.26-01.16.08:125][  0]LogCrashTracker: Crashtracker disabled due to settings.
[2015.10.26-01.16.08:220][  0]LogLoad: Full Startup: 16.13 seconds (BP compile: 0.07 seconds)
[2015.10.26-01.16.08:340][  0]LogContentStreaming: Texture pool size now 1000 MB
[2015.10.26-01.16.08:519][  0]LogRenderer: Reallocating scene render targets to support 1208x576 (Frame:2).
[2015.10.26-01.16.09:873][ 11]LogAssetRegistry: Asset discovery search completed in 11.2467 seconds
[2015.10.26-01.16.09:873][ 11]LogCollectionManager: Rebuilt the object cache for 0 collections in 0.000001 seconds (found 0 objects)
[2015.10.26-01.16.09:873][ 11]LogCollectionManager: Fixed up redirectors for 0 collections in 0.000039 seconds (updated 0 objects)
[2015.10.26-01.49.20:378][105]Cmd: MAP LOAD FILE="../../../Engine/Content/Maps/Templates/Template_Default.umap" TEMPLATE=1 SHOWPROGRESS=1 FEATURELEVEL=3
[2015.10.26-01.49.20:488][105]LightingResults: New page: Lighting Build
[2015.10.26-01.49.20:521][105]LoadErrors: New page: Loading map: Template_Default.umap
[2015.10.26-01.49.20:527][105]MapCheck: New page: Map Check
[2015.10.26-01.49.20:527][105]LightingResults: New page: Lighting Build
[2015.10.26-01.49.20:573][105]LogParticles: Destroying 0 GPU particle simulations for FXSystem 0x0000008D8B413EC0
[2015.10.26-01.49.20:811][105]LogAIModule: Creating AISystem for world Untitled_1
[2015.10.26-01.49.20:827][105]LogEditorServer: Finished looking for orphan Actors (0.000 secs)
[2015.10.26-01.49.20:881][105]Cmd: MAP CHECKDEP NOCLEARLOG
[2015.10.26-01.49.21:276][105]MapCheck: Info Map check complete: 0 Error(s), 0 Warning(s), took 394.645ms to complete.
[2015.10.26-01.49.21:276][105]LogFileHelpers: Loading map 'Template_Default' took 0.900
[2015.10.26-02.01.55:541][ 61]LogFactory: FactoryCreateBinary: StaticMesh with FbxFactory (0 0 F:\Blendswap\52033_Tardis_in_Mars_\Tardis in mars.fbx)
[2015.10.26-02.01.55:776][ 61]LogFbx: ItemName: GlobalSettings, ItemCount : 1
[2015.10.26-02.01.55:776][ 61]LogFbx: ItemName: NodeAttribute, ItemCount : 13
[2015.10.26-02.01.55:776][ 61]LogFbx: ItemName: Geometry, ItemCount : 41
[2015.10.26-02.01.55:776][ 61]LogFbx: ItemName: Model, ItemCount : 30088
[2015.10.26-02.01.55:776][ 61]LogFbx: ItemName: Material, ItemCount : 13
[2015.10.26-02.01.55:776][ 61]LogFbx: ItemName: Texture, ItemCount : 7
[2015.10.26-02.01.55:776][ 61]LogFbx: ItemName: Video, ItemCount : 5
[2015.10.26-02.01.55:776][ 61]LogFbx: ItemName: AnimationStack, ItemCount : 16
[2015.10.26-02.01.55:776][ 61]LogFbx: ItemName: AnimationLayer, ItemCount : 16
[2015.10.26-02.01.55:776][ 61]LogFbx: ItemName: AnimationCurveNode, ItemCount : 48
[2015.10.26-02.01.55:776][ 61]LogFbx: ItemName: AnimationCurve, ItemCount : 96
[2015.10.26-02.01.55:789][ 61]LogFbx: Loading FBX Scene from F:\Blendswap\52033_Tardis_in_Mars_\Tardis in mars.fbx
[2015.10.26-02.02.14:946][ 61]LogFbx: FBX Scene Loaded Succesfully
[2015.10.26-02.03.23:236][ 61]LogFbx: Loading FBX Scene from F:\Blendswap\52033_Tardis_in_Mars_\Tardis in mars.fbx
[2015.10.26-02.03.41:242][ 61]LogFbx: FBX Scene Loaded Succesfully
[2015.10.26-02.03.46:753][ 61]LogFbx:Warning: Triangulating static mesh Circle.020
[2015.10.26-02.03.46:915][ 61]LogStaticMesh: Building static mesh Tardis_in_mars_Circle_020...
[2015.10.26-02.03.46:917][ 61]LogStaticMesh: Built static mesh [0.003293.2s] /Game/enviroment/Tardis_in_mars_Circle_020.Tardis_in_mars_Circle_020
[2015.10.26-02.03.46:925][ 61]LogFbx:Warning: Triangulating static mesh Circle
[2015.10.26-02.03.47:086][ 61]LogStaticMesh: Building static mesh Tardis_in_mars_Circle...
[2015.10.26-02.03.47:087][ 61]LogStaticMesh: Built static mesh [0.001984.2s] /Game/enviroment/Tardis_in_mars_Circle.Tardis_in_mars_Circle
[2015.10.26-02.03.47:092][ 61]LogFbx:Warning: Triangulating static mesh Cube.014
[2015.10.26-02.04.02:879][ 61]LogStaticMesh: Building static mesh Tardis_in_mars_Cube_014...
[2015.10.26-02.04.03:757][ 61]LogStaticMesh: Built static mesh [0.879088.2s] /Game/enviroment/Tardis_in_mars_Cube_014.Tardis_in_mars_Cube_014
[2015.10.26-02.04.03:914][ 61]LogFbx:Warning: Triangulating static mesh Cube.013
[2015.10.26-02.04.19:914][ 61]LogStaticMesh: Building static mesh Tardis_in_mars_Cube_013...
[2015.10.26-02.04.20:766][ 61]LogStaticMesh: Built static mesh [0.853521.2s] /Game/enviroment/Tardis_in_mars_Cube_013.Tardis_in_mars_Cube_013
[2015.10.26-02.04.20:990][ 61]LogFbx:Warning: Triangulating static mesh Cube.012
[2015.10.26-02.04.41:259][ 61]LogStaticMesh: Building static mesh Tardis_in_mars_Cube_012...
[2015.10.26-02.04.42:340][ 61]LogStaticMesh: Built static mesh [1.082679.2s] /Game/enviroment/Tardis_in_mars_Cube_012.Tardis_in_mars_Cube_012
[2015.10.26-02.04.42:575][ 61]LogFbx:Warning: Triangulating static mesh Cube.011
[2015.10.26-02.05.15:590][ 61]LogStaticMesh: Building static mesh Tardis_in_mars_Cube_011...
[2015.10.26-02.05.17:899][ 61]LogStaticMesh: Built static mesh [2.310469.2s] /Game/enviroment/Tardis_in_mars_Cube_011.Tardis_in_mars_Cube_011
[2015.10.26-02.05.18:447][ 61]LogFbx:Warning: Triangulating static mesh Circle.009
[2015.10.26-02.05.19:194][ 61]LogStaticMesh: Building static mesh Tardis_in_mars_Circle_009...
[2015.10.26-02.05.19:205][ 61]LogStaticMesh: Built static mesh [0.016173.2s] /Game/enviroment/Tardis_in_mars_Circle_009.Tardis_in_mars_Circle_009
[2015.10.26-02.05.19:238][ 61]LogFbx:Warning: Triangulating static mesh Plane.036
[2015.10.26-02.05.20:855][ 61]LogStaticMesh: Building static mesh Tardis_in_mars_Plane_036...
[2015.10.26-02.05.20:992][ 61]LogStaticMesh: Built static mesh [0.138483.2s] /Game/enviroment/Tardis_in_mars_Plane_036.Tardis_in_mars_Plane_036
[2015.10.26-02.05.21:016][ 61]LogFbx:Warning: Triangulating static mesh Plane.035
[2015.10.26-02.05.21:256][ 61]LogStaticMesh: Building static mesh Tardis_in_mars_Plane_035...
[2015.10.26-02.05.21:260][ 61]LogStaticMesh: Built static mesh [0.004678.2s] /Game/enviroment/Tardis_in_mars_Plane_035.Tardis_in_mars_Plane_035
[2015.10.26-02.05.21:311][ 61]LogFbx:Warning: Triangulating static mesh Circle.008
[2015.10.26-02.05.21:671][ 61]LogStaticMesh: Building static mesh Tardis_in_mars_Circle_008...
[2015.10.26-02.05.21:675][ 61]LogStaticMesh: Built static mesh [0.005253.2s] /Game/enviroment/Tardis_in_mars_Circle_008.Tardis_in_mars_Circle_008
[2015.10.26-02.05.21:888][ 61]LogStaticMesh: Building static mesh Tardis_in_mars_Circle_007...
[2015.10.26-02.05.21:892][ 61]LogStaticMesh: Built static mesh [0.004262.2s] /Game/enviroment/Tardis_in_mars_Circle_007.Tardis_in_mars_Circle_007
[2015.10.26-02.05.22:122][ 61]LogStaticMesh: Building static mesh Tardis_in_mars_Circle_006...
[2015.10.26-02.05.22:126][ 61]LogStaticMesh: Built static mesh [0.005113.2s] /Game/enviroment/Tardis_in_mars_Circle_006.Tardis_in_mars_Circle_006
[2015.10.26-02.05.22:381][ 61]LogStaticMesh: Building static mesh Tardis_in_mars_Circle_005...
[2015.10.26-02.05.22:388][ 61]LogStaticMesh: Built static mesh [0.007875.2s] /Game/enviroment/Tardis_in_mars_Circle_005.Tardis_in_mars_Circle_005
[2015.10.26-02.05.22:666][ 61]LogStaticMesh: Building static mesh Tardis_in_mars_Circle_004...
[2015.10.26-02.05.22:676][ 61]LogStaticMesh: Built static mesh [0.011943.2s] /Game/enviroment/Tardis_in_mars_Circle_004.Tardis_in_mars_Circle_004
[2015.10.26-02.05.22:963][ 61]LogStaticMesh: Building static mesh Tardis_in_mars_Circle_003...
[2015.10.26-02.05.22:969][ 61]LogStaticMesh: Built static mesh [0.007248.2s] /Game/enviroment/Tardis_in_mars_Circle_003.Tardis_in_mars_Circle_003
[2015.10.26-02.05.23:228][ 61]LogStaticMesh: Building static mesh Tardis_in_mars_Circle_002...
[2015.10.26-02.05.23:240][ 61]LogStaticMesh: Built static mesh [0.012804.2s] /Game/enviroment/Tardis_in_mars_Circle_002.Tardis_in_mars_Circle_002
[2015.10.26-02.05.23:260][ 61]LogFbx:Warning: Triangulating static mesh Circle.001
[2015.10.26-02.05.24:380][ 61]LogStaticMesh: Building static mesh Tardis_in_mars_Circle_001...
[2015.10.26-02.05.24:406][ 61]LogStaticMesh: Built static mesh [0.027120.2s] /Game/enviroment/Tardis_in_mars_Circle_001.Tardis_in_mars_Circle_001
[2015.10.26-02.05.24:665][ 61]LogStaticMesh: Building static mesh Tardis_in_mars_Circle_000...
[2015.10.26-02.05.24:674][ 61]LogStaticMesh: Built static mesh [0.009271.2s] /Game/enviroment/Tardis_in_mars_Circle_000.Tardis_in_mars_Circle_000
[2015.10.26-02.05.24:681][ 61]LogFbx:Warning: Triangulating static mesh Plane.034
[2015.10.26-02.05.32:416][ 61]LogStaticMesh: Building static mesh Tardis_in_mars_Plane_034...
[2015.10.26-02.05.32:708][ 61]LogStaticMesh: Built static mesh [0.292901.2s] /Game/enviroment/Tardis_in_mars_Plane_034.Tardis_in_mars_Plane_034
[2015.10.26-02.05.32:766][ 61]LogFbx:Warning: Triangulating static mesh Plane.033
[2015.10.26-02.05.32:939][ 61]LogStaticMesh: Building static mesh Tardis_in_mars_Plane_033...
[2015.10.26-02.05.32:942][ 61]LogStaticMesh: Built static mesh [0.003667.2s] /Game/enviroment/Tardis_in_mars_Plane_033.Tardis_in_mars_Plane_033
[2015.10.26-02.05.33:114][ 61]LogStaticMesh: Building static mesh Tardis_in_mars_Plane_032...
[2015.10.26-02.05.33:118][ 61]LogStaticMesh: Built static mesh [0.004203.2s] /Game/enviroment/Tardis_in_mars_Plane_032.Tardis_in_mars_Plane_032
[2015.10.26-02.05.33:274][ 61]LogStaticMesh: Building static mesh Tardis_in_mars_Plane_031...
[2015.10.26-02.05.33:277][ 61]LogStaticMesh: Built static mesh [0.004422.2s] /Game/enviroment/Tardis_in_mars_Plane_031.Tardis_in_mars_Plane_031
[2015.10.26-02.05.33:426][ 61]LogStaticMesh: Building static mesh Tardis_in_mars_Plane_030...
[2015.10.26-02.05.33:429][ 61]LogStaticMesh: Built static mesh [0.004037.2s] /Game/enviroment/Tardis_in_mars_Plane_030.Tardis_in_mars_Plane_030
[2015.10.26-02.05.33:431][ 61]LogFbx:Warning: Triangulating static mesh Plane.029
[2015.10.26-02.05.33:886][ 61]LogStaticMesh: Building static mesh Tardis_in_mars_Plane_029...
[2015.10.26-02.05.33:898][ 61]LogStaticMesh: Built static mesh [0.012973.2s] /Game/enviroment/Tardis_in_mars_Plane_029.Tardis_in_mars_Plane_029
[2015.10.26-02.05.33:904][ 61]LogFbx:Warning: Triangulating static mesh Plane.013
[2015.10.26-02.05.34:394][ 61]LogStaticMesh: Building static mesh Tardis_in_mars_Plane_013...
[2015.10.26-02.05.34:408][ 61]LogStaticMesh: Built static mesh [0.014664.2s] /Game/enviroment/Tardis_in_mars_Plane_013.Tardis_in_mars_Plane_013
[2015.10.26-02.05.34:416][ 61]LogFbx:Warning: Triangulating static mesh Plane.011
[2015.10.26-02.05.34:997][ 61]LogStaticMesh: Building static mesh Tardis_in_mars_Plane_011...
[2015.10.26-02.05.35:022][ 61]LogStaticMesh: Built static mesh [0.026817.2s] /Game/enviroment/Tardis_in_mars_Plane_011.Tardis_in_mars_Plane_011
[2015.10.26-02.05.35:028][ 61]LogFbx:Warning: Triangulating static mesh Plane.009
[2015.10.26-02.05.35:477][ 61]LogStaticMesh: Building static mesh Tardis_in_mars_Plane_009...
[2015.10.26-02.05.35:485][ 61]LogStaticMesh: Built static mesh [0.008504.2s] /Game/enviroment/Tardis_in_mars_Plane_009.Tardis_in_mars_Plane_009
[2015.10.26-02.05.35:680][ 61]LogStaticMesh: Building static mesh Tardis_in_mars_Plane_008...
[2015.10.26-02.05.35:690][ 61]LogStaticMesh: Built static mesh [0.010823.2s] /Game/enviroment/Tardis_in_mars_Plane_008.Tardis_in_mars_Plane_008
[2015.10.26-02.05.35:869][ 61]LogStaticMesh: Building static mesh Tardis_in_mars_Plane_006...
[2015.10.26-02.05.35:883][ 61]LogStaticMesh: Built static mesh [0.015316.2s] /Game/enviroment/Tardis_in_mars_Plane_006.Tardis_in_mars_Plane_006
[2015.10.26-02.05.36:063][ 61]LogStaticMesh: Building static mesh Tardis_in_mars_Plane_005...
[2015.10.26-02.05.36:072][ 61]LogStaticMesh: Built static mesh [0.009903.2s] /Game/enviroment/Tardis_in_mars_Plane_005.Tardis_in_mars_Plane_005
[2015.10.26-02.05.36:260][ 61]LogStaticMesh: Building static mesh Tardis_in_mars_Plane_004...
[2015.10.26-02.05.36:269][ 61]LogStaticMesh: Built static mesh [0.010086.2s] /Game/enviroment/Tardis_in_mars_Plane_004.Tardis_in_mars_Plane_004
[2015.10.26-02.05.36:450][ 61]LogStaticMesh: Building static mesh Tardis_in_mars_Plane_003...
[2015.10.26-02.05.36:457][ 61]LogStaticMesh: Built static mesh [0.009280.2s] /Game/enviroment/Tardis_in_mars_Plane_003.Tardis_in_mars_Plane_003
[2015.10.26-02.05.36:653][ 61]LogStaticMesh: Building static mesh Tardis_in_mars_Plane_002...
[2015.10.26-02.05.36:661][ 61]LogStaticMesh: Built static mesh [0.008627.2s] /Game/enviroment/Tardis_in_mars_Plane_002.Tardis_in_mars_Plane_002
[2015.10.26-02.05.36:841][ 61]LogStaticMesh: Building static mesh Tardis_in_mars_Plane_001...
[2015.10.26-02.05.36:850][ 61]LogStaticMesh: Built static mesh [0.009800.2s] /Game/enviroment/Tardis_in_mars_Plane_001.Tardis_in_mars_Plane_001
[2015.10.26-02.05.36:860][ 61]LogFbx:Warning: Triangulating static mesh Cube.010
[2015.10.26-02.06.03:894][ 61]LogStaticMesh: Building static mesh Tardis_in_mars_Cube_010...
[2015.10.26-02.06.07:558][ 61]LogStaticMesh: Built static mesh [3.664668.2s] /Game/enviroment/Tardis_in_mars_Cube_010.Tardis_in_mars_Cube_010
[2015.10.26-02.06.07:919][ 61]LogFbx:Warning: Triangulating static mesh Cube.009
[2015.10.26-02.06.35:573][ 61]LogStaticMesh: Building static mesh Tardis_in_mars_Cube_009...
[2015.10.26-02.06.36:759][ 61]LogStaticMesh: Built static mesh [1.187660.2s] /Game/enviroment/Tardis_in_mars_Cube_009.Tardis_in_mars_Cube_009
[2015.10.26-02.06.36:942][ 61]LogFbx:Warning: Triangulating static mesh Plane.028
[2015.10.26-02.06.37:415][ 61]LogStaticMesh: Building static mesh Tardis_in_mars_Plane_028...
[2015.10.26-02.06.37:423][ 61]LogStaticMesh: Built static mesh [0.008951.2s] /Game/enviroment/Tardis_in_mars_Plane_028.Tardis_in_mars_Plane_028
[2015.10.26-02.06.37:695][ 61]LogStaticMesh: Building static mesh Tardis_in_mars_Plane_027...
[2015.10.26-02.06.37:704][ 61]LogStaticMesh: Built static mesh [0.009927.2s] /Game/enviroment/Tardis_in_mars_Plane_027.Tardis_in_mars_Plane_027
[2015.10.26-02.06.37:943][ 61]LogStaticMesh: Building static mesh Tardis_in_mars_Plane_026...
[2015.10.26-02.06.37:952][ 61]LogStaticMesh: Built static mesh [0.010176.2s] /Game/enviroment/Tardis_in_mars_Plane_026.Tardis_in_mars_Plane_026
[2015.10.26-02.06.38:188][ 61]LogStaticMesh: Building static mesh Tardis_in_mars_Plane_025...
[2015.10.26-02.06.38:194][ 61]LogStaticMesh: Built static mesh [0.007829.2s] /Game/enviroment/Tardis_in_mars_Plane_025.Tardis_in_mars_Plane_025
[2015.10.26-02.06.38:460][ 61]LogStaticMesh: Building static mesh Tardis_in_mars_Plane_024...
[2015.10.26-02.06.38:470][ 61]LogStaticMesh: Built static mesh [0.011058.2s] /Game/enviroment/Tardis_in_mars_Plane_024.Tardis_in_mars_Plane_024
[2015.10.26-02.06.38:697][ 61]LogStaticMesh: Building static mesh Tardis_in_mars_Plane_023...
[2015.10.26-02.06.38:708][ 61]LogStaticMesh: Built static mesh [0.012957.2s] /Game/enviroment/Tardis_in_mars_Plane_023.Tardis_in_mars_Plane_023
[2015.10.26-02.06.38:931][ 61]LogStaticMesh: Building static mesh Tardis_in_mars_Plane_022...
[2015.10.26-02.06.38:941][ 61]LogStaticMesh: Built static mesh [0.011488.2s] /Game/enviroment/Tardis_in_mars_Plane_022.Tardis_in_mars_Plane_022
