[2015.10.28-04.20.56:892][  0]Log file open, 10/27/15 21:20:56
[2015.10.28-04.20.56:892][  0]LogInit:Display: Running engine for game: Capaldi_Tardis
[2015.10.28-04.20.56:892][  0]LogInit:Display: RandInit(307937665) SRandInit(307937666).
[2015.10.28-04.20.56:892][  0]LogTaskGraph: Started task graph with 4 named threads and 7 total threads.
[2015.10.28-04.20.56:892][  0]LogStats: Stats thread started at 0.213052
[2015.10.28-04.20.56:892][  0]LogInit: Version: 4.9.2-2707645+++depot+UE4-Releases+4.9
[2015.10.28-04.20.56:892][  0]LogInit: API Version: 2672455
[2015.10.28-04.20.56:892][  0]LogInit: Compiled (64-bit): Sep 28 2015 10:25:44
[2015.10.28-04.20.56:892][  0]LogInit: Compiled with Visual C++: 18.00.21005.01
[2015.10.28-04.20.56:892][  0]LogInit: Build Configuration: Development
[2015.10.28-04.20.56:892][  0]LogInit: Branch Name: ++depot+UE4-Releases+4.9
[2015.10.28-04.20.56:892][  0]LogInit: Command line:  
[2015.10.28-04.20.56:892][  0]LogInit: Base directory: I:/Epic Games/4.9/Engine/Binaries/Win64/
[2015.10.28-04.20.56:892][  0]LogInit: Rocket: 1
[2015.10.28-04.20.56:947][  0]LogInit: Using libcurl 7.41.0
[2015.10.28-04.20.56:947][  0]LogInit:  - built for x86_64-pc-win32
[2015.10.28-04.20.56:947][  0]LogInit:  - supports SSL with WinSSL
[2015.10.28-04.20.56:947][  0]LogInit:  - other features:
[2015.10.28-04.20.56:947][  0]LogInit:      CURL_VERSION_SSL
[2015.10.28-04.20.56:947][  0]LogInit:      CURL_VERSION_IPV6
[2015.10.28-04.20.56:947][  0]LogInit:      CURL_VERSION_ASYNCHDNS
[2015.10.28-04.20.56:947][  0]LogInit:      CURL_VERSION_LARGEFILE
[2015.10.28-04.20.56:947][  0]LogInit:      CURL_VERSION_IDN
[2015.10.28-04.20.56:947][  0]LogInit:  CurlRequestOptions (configurable via config and command line):
[2015.10.28-04.20.56:947][  0]LogInit:  - bVerifyPeer = true  - Libcurl will verify peer certificate
[2015.10.28-04.20.56:947][  0]LogInit:  - bUseHttpProxy = false  - Libcurl will NOT use HTTP proxy
[2015.10.28-04.20.56:947][  0]LogInit:  - bDontReuseConnections = false  - Libcurl will reuse connections
[2015.10.28-04.20.56:947][  0]LogInit:  - CertBundlePath = nullptr  - Libcurl will use whatever was configured at build time.
[2015.10.28-04.20.57:035][  0]LogInit: Presizing for 0 objects not considered by GC, pre-allocating 0 bytes.
[2015.10.28-04.20.57:048][  0]LogInit: Object subsystem initialized
[2015.10.28-04.20.57:049][  0]LogInit: Selected Device Profile: [Windows]
[2015.10.28-04.20.57:049][  0]LogInit: Applying CVar settings loaded from the selected device profile: [Windows]
[2015.10.28-04.20.57:075][  0]LogInit: Computer: COREYSPRECIOUS
[2015.10.28-04.20.57:075][  0]LogInit: User: Corey
[2015.10.28-04.20.57:075][  0]LogInit: CPU Page size=4096, Cores=4
[2015.10.28-04.20.57:075][  0]LogInit: High frequency timer resolution =3.418198 MHz
[2015.10.28-04.20.57:075][  0]LogMemory: Memory total: Physical=32.0GB (32GB approx)
[2015.10.28-04.20.57:075][  0]LogMemory: Platform Memory Stats for Windows
[2015.10.28-04.20.57:075][  0]LogMemory: Process Physical Memory: 54.05 MB used, 54.05 MB peak
[2015.10.28-04.20.57:075][  0]LogMemory: Process Virtual Memory: 55.29 MB used, 55.29 MB peak
[2015.10.28-04.20.57:075][  0]LogMemory: Physical Memory: 8316.96 MB used, 32724.31 MB total
[2015.10.28-04.20.57:075][  0]LogMemory: Virtual Memory: 364.37 MB used, 134217728.00 MB total
[2015.10.28-04.20.57:561][  0]LogTextLocalizationManager: No specific translations for ('en-US') exist, so ('en') translations will be used.
[2015.10.28-04.20.58:747][  0]LogD3D11RHI: Found D3D11 adapter 0: NVIDIA GeForce GTX TITAN X (Feature Level 11_0)
[2015.10.28-04.20.58:747][  0]LogD3D11RHI: Adapter has 12176MB of dedicated video memory, 0MB of dedicated system memory, and 16362MB of shared system memory, 2 output[s]
[2015.10.28-04.20.58:749][  0]LogD3D11RHI: Found D3D11 adapter 1: Microsoft Basic Render Driver (Feature Level 11_0)
[2015.10.28-04.20.58:749][  0]LogD3D11RHI: Adapter has 0MB of dedicated video memory, 0MB of dedicated system memory, and 16362MB of shared system memory, 0 output[s]
[2015.10.28-04.20.58:749][  0]LogD3D11RHI: Chosen D3D11 Adapter Id = 0
[2015.10.28-04.20.58:810][  0]LogD3D11RHI: !Direct3DDevice
[2015.10.28-04.20.58:811][  0]LogRHI: Texture pool is 1361 MB (70% of 1945 MB)
[2015.10.28-04.20.58:834][  0]LogD3D11RHI: Async texture creation enabled
[2015.10.28-04.20.58:848][  0]LogShaderCompilers: Guid format shader working directory is 14 characters bigger than the processId version (../../../../../Unreal Projects/Capaldi-Tardis/Intermediate/Shaders/WorkingDirectory/77432/).
[2015.10.28-04.20.58:848][  0]LogShaderCompilers: Cleaned the shader compiler working directory '../../../../../Unreal Projects/Capaldi-Tardis/Intermediate/Shaders/tmp/8706D1024A2467965B933B94A8DE6838/'.
[2015.10.28-04.20.58:848][  0]LogShaderCompilers:Display: Using Local Shader Compiler.
[2015.10.28-04.21.01:794][  0]LogTemp:Display: Loaded TP AllDesktopTargetPlatform
[2015.10.28-04.21.01:801][  0]LogTemp:Display: Loaded TP WindowsClientTargetPlatform
[2015.10.28-04.21.01:809][  0]LogTemp:Display: Loaded TP WindowsNoEditorTargetPlatform
[2015.10.28-04.21.01:816][  0]LogTemp:Display: Loaded TP WindowsServerTargetPlatform
[2015.10.28-04.21.01:823][  0]LogTemp:Display: Loaded TP WindowsTargetPlatform
[2015.10.28-04.21.01:831][  0]LogTemp:Display: Loaded TP AndroidTargetPlatform
[2015.10.28-04.21.01:836][  0]LogTemp:Display: Loaded TP Android_ASTCTargetPlatform
[2015.10.28-04.21.01:841][  0]LogTemp:Display: Loaded TP Android_ATCTargetPlatform
[2015.10.28-04.21.01:846][  0]LogTemp:Display: Loaded TP Android_DXTTargetPlatform
[2015.10.28-04.21.01:852][  0]LogTemp:Display: Loaded TP Android_ETC1TargetPlatform
[2015.10.28-04.21.01:857][  0]LogTemp:Display: Loaded TP Android_ETC2TargetPlatform
[2015.10.28-04.21.01:865][  0]LogTemp:Display: Loaded TP Android_PVRTCTargetPlatform
[2015.10.28-04.21.01:867][  0]LogTemp:Display: Loaded TP HTML5TargetPlatform
[2015.10.28-04.21.02:001][  0]LogTemp:Display: Loaded TP IOSTargetPlatform
[2015.10.28-04.21.02:006][  0]LogTemp:Display: Loaded TP LinuxNoEditorTargetPlatform
[2015.10.28-04.21.02:011][  0]LogTemp:Display: Loaded TP LinuxServerTargetPlatform
[2015.10.28-04.21.02:019][  0]LogTemp:Display: Loaded TP LinuxTargetPlatform
[2015.10.28-04.21.02:019][  0]LogTargetPlatformManager:Display: Building Assets For Windows
[2015.10.28-04.21.02:845][  0]LogDerivedDataCache:Display: Max Cache Size: 512 MB
[2015.10.28-04.21.02:962][  0]LogDerivedDataCache: Loaded boot cache 0.12s 41MB C:/Users/Corey/AppData/Local/UnrealEngine/4.9/DerivedDataCache/Boot.ddc.
[2015.10.28-04.21.02:962][  0]LogDerivedDataCache:Display: Loaded Boot cache: C:/Users/Corey/AppData/Local/UnrealEngine/4.9/DerivedDataCache/Boot.ddc
[2015.10.28-04.21.02:962][  0]LogDerivedDataCache: FDerivedDataBackendGraph:  Pak pak cache file ../../../../../Unreal Projects/Capaldi-Tardis/DerivedDataCache/DDC.ddp not found, will not use a pak cache.
[2015.10.28-04.21.02:962][  0]LogDerivedDataCache: Unable to find inner node Pak for hierarchical cache Hierarchy.
[2015.10.28-04.21.02:962][  0]LogDerivedDataCache: FDerivedDataBackendGraph:  CompressedPak pak cache file ../../../../../Unreal Projects/Capaldi-Tardis/DerivedDataCache/Compressed.ddp not found, will not use a pak cache.
[2015.10.28-04.21.02:962][  0]LogDerivedDataCache: Unable to find inner node CompressedPak for hierarchical cache Hierarchy.
[2015.10.28-04.21.03:208][  0]LogDerivedDataCache:Display: Pak cache opened for reading ../../../Engine/DerivedDataCache/Compressed.ddp.
[2015.10.28-04.21.03:221][  0]LogDerivedDataCache: Using Local data cache path C:/Users/Corey/AppData/Local/UnrealEngine/Common/DerivedDataCache: Writable
[2015.10.28-04.21.11:900][  0]LogInit: Selected Device Profile: [Windows]
[2015.10.28-04.21.11:905][  0]LogContentStreaming: Texture pool size is 0.000000MB
[2015.10.28-04.21.12:123][  0]LogMeshUtilities: No automatic mesh reduction module available
[2015.10.28-04.21.12:123][  0]LogMeshUtilities: No automatic mesh merging module available
[2015.10.28-04.21.12:886][  0]LogInit: WinSock: version 1.1 (2.2), MaxSocks=32767, MaxUdp=65467
[2015.10.28-04.21.15:059][  0]LogAssetRegistry: FAssetRegistry took 0.0112 seconds to start up
[2015.10.28-04.21.15:092][  0]UdpMessaging: Initializing bridge on interface 0.0.0.0:0 to multicast group 230.0.0.1:6666.
[2015.10.28-04.21.15:638][  0]SourceControl: Info Source control is disabled
[2015.10.28-04.21.16:253][  0]LogLinker:Warning: Asset '../../../Engine/Plugins/Runtime/LeapMotionController/Content/LM_PassthroughMaterial.uasset' has been saved with empty engine version. The asset will be loaded but may be incompatible.
[2015.10.28-04.21.16:479][  0]LogObj: 28528 objects as part of root set at end of initial load.
[2015.10.28-04.21.16:479][  0]LogUObjectAllocator: 6068456 out of 0 bytes used by permanent object pool.
[2015.10.28-04.21.16:582][  0]LogEngine: Initializing Engine...
[2015.10.28-04.21.16:586][  0]LogHMD: Can't find Oculus library dev build: is proper Runtime installed? Version: 0.7.0.0
[2015.10.28-04.21.16:606][  0]LogHMD: SteamVR failed to initialize.  Err: 110
[2015.10.28-04.21.16:923][  0]LogAIModule: Creating AISystem for world NewWorld
[2015.10.28-04.21.16:968][  0]LogInit: XAudio2 using 'Speakers (Logitech G930 Headset)' : 2 channels at 44.1 kHz using 16 bits per sample (channel mask 0x3)
[2015.10.28-04.21.16:988][  0]LogInit: FAudioDevice initialized.
[2015.10.28-04.21.17:048][  0]LogDerivedDataCache: Saved boot cache 0.06s 41MB C:/Users/Corey/AppData/Local/UnrealEngine/4.9/DerivedDataCache/Boot.ddc.
[2015.10.28-04.21.17:068][  0]LogInit: Texture streaming: Enabled
[2015.10.28-04.21.17:084][  0]LogAnalytics: Creating configured Analytics provider AnalyticsET
[2015.10.28-04.21.17:084][  0]LogAnalytics: [UEEditor.Rocket.Release] APIServer = http://et2.epicgames.com/ET2/. AppVersion = 4.9.2-2707645+++depot+UE4-Releases+4.9
[2015.10.28-04.21.17:085][  0]LogAnalytics: [UEEditor.Rocket.Release] SetUserId 5c23449345eaff9b32885493c09453d1|b88b930091cb4a178825078811402870|daab068d-4a04-4064-b248-ec323833554c
[2015.10.28-04.21.17:085][  0]LogAnalytics: [UEEditor.Rocket.Release] AnalyticsET::StartSession
[2015.10.28-04.21.17:209][  0]LogWindowsTextInputMethodSystem:Display: IME system now deactivated.
[2015.10.28-04.21.17:210][  0]LogWindowsTextInputMethodSystem:Display: IME system now deactivated.
[2015.10.28-04.21.17:267][  0]LogInit: Transaction tracking system initialized
[2015.10.28-04.21.17:326][  0]BlueprintLog: New page: Editor Load
[2015.10.28-04.21.17:493][  0]LocalizationService: Info Localization service is disabled
[2015.10.28-04.21.17:617][  0]LogConsoleResponse:Display: 
[2015.10.28-04.21.17:999][  0]LogCook:Display: Done creating registry. It took  0.00s.
[2015.10.28-04.21.18:203][  0]LogFileCache: Scanning file cache for directory 'I:/Unreal Projects/Capaldi-Tardis/Content/' took 0.04s
[2015.10.28-04.21.18:203][  0]Cmd: MAP LOAD FILE="../../../../../Unreal Projects/Capaldi-Tardis/Content/FirstPersonBP/Maps/FirstPersonExampleMap.umap" TEMPLATE=0 SHOWPROGRESS=1 FEATURELEVEL=3
[2015.10.28-04.21.18:204][  0]LightingResults: New page: Lighting Build
[2015.10.28-04.21.18:209][  0]MapCheck: New page: Map Check
[2015.10.28-04.21.18:209][  0]LightingResults: New page: Lighting Build
[2015.10.28-04.21.18:229][  0]LogParticles: Destroying 0 GPU particle simulations for FXSystem 0x0000005DA9C88400
[2015.10.28-04.21.42:230][  0]LogAIModule: Creating AISystem for world FirstPersonExampleMap
[2015.10.28-04.21.42:341][  0]LogEditorServer: Finished looking for orphan Actors (0.000 secs)
[2015.10.28-04.21.42:343][  0]Cmd: MAP CHECKDEP NOCLEARLOG
[2015.10.28-04.21.42:891][  0]MapCheck: Info Map check complete: 0 Error(s), 0 Warning(s), took 548.5ms to complete.
[2015.10.28-04.21.42:892][  0]LogFileHelpers: Loading map 'FirstPersonExampleMap' took 24.689
[2015.10.28-04.21.43:182][  0]LogCollectionManager: Loaded 0 collections in 0.004883 seconds
[2015.10.28-04.21.43:232][  0]LogFileCache: Scanning file cache for directory 'I:/Unreal Projects/Capaldi-Tardis/Saved/Collections/' took 0.01s
[2015.10.28-04.21.43:232][  0]LogFileCache: Scanning file cache for directory 'I:/Unreal Projects/Capaldi-Tardis/Content/Developers/Corey/Collections/' took 0.01s
[2015.10.28-04.21.43:232][  0]LogFileCache: Scanning file cache for directory 'I:/Unreal Projects/Capaldi-Tardis/Content/Collections/' took 0.01s
[2015.10.28-04.21.43:232][  0]LogContentBrowser: Native class hierarchy populated in 0.0131 seconds. Added 1882 classes and 339 folders.
[2015.10.28-04.21.43:258][  0]LogCollectionManager: Rebuilt the GUID cache for 0 collections in 0.000005 seconds
[2015.10.28-04.21.43:271][  0]LogContentBrowser: Native class hierarchy updated for 'WidgetCarousel' in 0.0013 seconds. Added 0 classes and 0 folders.
[2015.10.28-04.21.43:639][  0]LogContentBrowser: Native class hierarchy updated for 'AddContentDialog' in 0.0007 seconds. Added 0 classes and 0 folders.
[2015.10.28-04.21.43:648][  0]LogContentBrowser: Native class hierarchy updated for 'SceneOutliner' in 0.0007 seconds. Added 1 classes and 2 folders.
[2015.10.28-04.21.43:671][  0]LogCrashTracker: Crashtracker disabled due to settings.
[2015.10.28-04.21.43:837][  0]LogLoad: Full Startup: 48.53 seconds (BP compile: 0.14 seconds)
[2015.10.28-04.21.44:004][  0]SourceControl: Info On branch master
[2015.10.28-04.21.44:004][  0]SourceControl: Info Your branch is ahead of 'origin/master' by 2 commits.
[2015.10.28-04.21.44:004][  0]SourceControl: Info   (use "git push" to publish your local commits)
[2015.10.28-04.21.44:004][  0]SourceControl: Info Changes not staged for commit:
[2015.10.28-04.21.44:004][  0]SourceControl: Info   (use "git add/rm <file>..." to update what will be committed)
[2015.10.28-04.21.44:004][  0]SourceControl: Info   (use "git checkout -- <file>..." to discard changes in working directory)
[2015.10.28-04.21.44:004][  0]SourceControl: Info 	modified:   Content/FirstPersonBP/Maps/FirstPersonExampleMap.umap
[2015.10.28-04.21.44:004][  0]SourceControl: Info 	modified:   Intermediate/CachedAssetRegistry.bin
[2015.10.28-04.21.44:004][  0]SourceControl: Info 	deleted:    Saved/Backup/FirstPersonExampleMap_2015-10-26-20-19-12.umap
[2015.10.28-04.21.44:004][  0]SourceControl: Info 	modified:   Saved/Config/Windows/EditorPerProjectUserSettings.ini
[2015.10.28-04.21.44:004][  0]SourceControl: Info 	modified:   Saved/Logs/Capaldi_Tardis.log
[2015.10.28-04.21.44:004][  0]SourceControl: Info Untracked files:
[2015.10.28-04.21.44:005][  0]SourceControl: Info   (use "git add <file>..." to include in what will be committed)
[2015.10.28-04.21.44:005][  0]SourceControl: Info 	Saved/Backup/FirstPersonExampleMap_2015-10-27-19-22-33.umap
[2015.10.28-04.21.44:005][  0]SourceControl: Info 	Saved/Logs/Capaldi_Tardis-backup-2015.10.27-21.20.56.log
[2015.10.28-04.21.44:005][  0]SourceControl: Info no changes added to commit (use "git add" and/or "git commit -a")
[2015.10.28-04.21.44:005][  0]LogContentStreaming: Texture pool size now 1000 MB
[2015.10.28-04.21.44:420][  0]LogRenderer: Reallocating scene render targets to support 1312x552 (Frame:2).
[2015.10.28-04.21.45:524][ 13]LogAssetRegistry: Asset discovery search completed in 30.4763 seconds
[2015.10.28-04.21.45:524][ 13]LogCollectionManager: Rebuilt the object cache for 0 collections in 0.000001 seconds (found 0 objects)
[2015.10.28-04.21.45:524][ 13]LogCollectionManager: Fixed up redirectors for 0 collections in 0.000040 seconds (updated 0 objects)
[2015.10.28-04.50.37:449][191]LogD3D11RHI: Timed out while waiting for GPU to catch up. (0.5 s)
[2015.10.28-04.50.46:625][218]LogD3D11RHI: Timed out while waiting for GPU to catch up. (0.5 s)
[2015.10.28-05.13.40:892][372]LogEditorViewport: Clicking on Actor (LMB): StaticMeshActor (Floor)
[2015.10.28-05.13.42:997][399]LogWindowsTextInputMethodSystem:Display: IME system now deactivated.
[2015.10.28-05.13.42:998][399]LogWindowsTextInputMethodSystem:Display: IME system now deactivated.
[2015.10.28-05.13.44:067][400]Cmd: QUIT_EDITOR
[2015.10.28-05.13.45:370][400]LogExit: Preparing to exit.
[2015.10.28-05.13.47:476][400]LogExit: Editor shut down
[2015.10.28-05.13.47:479][400]LogExit: Transaction tracking system shut down
[2015.10.28-05.13.47:511][400]LogParticles: Destroying 0 GPU particle simulations for FXSystem 0x0000005DE170A340
[2015.10.28-05.13.47:515][400]LogParticles: Destroying 0 GPU particle simulations for FXSystem 0x0000005DF02409A0
[2015.10.28-05.13.47:515][400]LogParticles: Destroying 0 GPU particle simulations for FXSystem 0x0000005DEC4DA700
[2015.10.28-05.13.47:515][400]LogParticles: Destroying 0 GPU particle simulations for FXSystem 0x0000005DEC4DA520
[2015.10.28-05.13.48:845][400]LogExit: Object subsystem successfully closed.
[2015.10.28-05.13.49:027][400]LogD3D11RHI: Shutdown
[2015.10.28-05.13.49:027][400]LogD3D11RHI: CleanupD3DDevice
[2015.10.28-05.13.49:587][400]LogD3D11RHI: ~FD3D11DynamicRHI
[2015.10.28-05.13.49:667][400]LogModuleManager: Shutting down and abandoning module CrashTracker (199)
[2015.10.28-05.13.49:667][400]LogModuleManager: Shutting down and abandoning module SceneOutliner (198)
[2015.10.28-05.13.49:667][400]LogModuleManager: Shutting down and abandoning module SuperSearch (197)
[2015.10.28-05.13.49:667][400]LogModuleManager: Shutting down and abandoning module WidgetCarousel (196)
[2015.10.28-05.13.49:667][400]LogModuleManager: Shutting down and abandoning module AddContentDialog (195)
[2015.10.28-05.13.49:677][400]LogModuleManager: Shutting down and abandoning module EditorWidgets (194)
[2015.10.28-05.13.49:677][400]LogModuleManager: Shutting down and abandoning module CollectionManager (193)
[2015.10.28-05.13.49:677][400]LogModuleManager: Shutting down and abandoning module StatsViewer (192)
[2015.10.28-05.13.49:677][400]LogModuleManager: Shutting down and abandoning module FoliageEdit (191)
[2015.10.28-05.13.49:677][400]LogModuleManager: Shutting down and abandoning module LandscapeEditor (190)
[2015.10.28-05.13.49:678][400]LogModuleManager: Shutting down and abandoning module ActorPickerMode (189)
[2015.10.28-05.13.49:678][400]LogModuleManager: Shutting down and abandoning module GeometryMode (188)
[2015.10.28-05.13.49:678][400]LogModuleManager: Shutting down and abandoning module TextureAlignMode (187)
[2015.10.28-05.13.49:678][400]LogModuleManager: Shutting down and abandoning module BspMode (186)
[2015.10.28-05.13.49:678][400]LogModuleManager: Shutting down and abandoning module PlacementMode (185)
[2015.10.28-05.13.49:678][400]LogModuleManager: Shutting down and abandoning module AutomationWorker (184)
[2015.10.28-05.13.49:678][400]LogModuleManager: Shutting down and abandoning module CharacterAI (183)
[2015.10.28-05.13.49:678][400]LogModuleManager: Shutting down and abandoning module SmartSnapping (182)
[2015.10.28-05.13.49:678][400]LogModuleManager: Shutting down and abandoning module ViewportSnapping (181)
[2015.10.28-05.13.49:678][400]LogModuleManager: Shutting down and abandoning module LogVisualizer (180)
[2015.10.28-05.13.49:678][400]LogModuleManager: Shutting down and abandoning module GameProjectGeneration (179)
[2015.10.28-05.13.49:678][400]LogModuleManager: Shutting down and abandoning module IntroTutorials (178)
[2015.10.28-05.13.49:679][400]LogModuleManager: Shutting down and abandoning module EditorLiveStreaming (177)
[2015.10.28-05.13.49:679][400]LogModuleManager: Shutting down and abandoning module IOSPlatformEditor (176)
[2015.10.28-05.13.49:679][400]LogModuleManager: Shutting down and abandoning module HTML5PlatformEditor (175)
[2015.10.28-05.13.49:679][400]LogModuleManager: Shutting down and abandoning module AndroidDeviceDetection (174)
[2015.10.28-05.13.49:796][400]LogModuleManager: Shutting down and abandoning module AndroidPlatformEditor (173)
[2015.10.28-05.13.49:797][400]LogModuleManager: Shutting down and abandoning module IOSRuntimeSettings (172)
[2015.10.28-05.13.49:797][400]LogModuleManager: Shutting down and abandoning module AndroidRuntimeSettings (171)
[2015.10.28-05.13.49:797][400]LogModuleManager: Shutting down and abandoning module MergeActors (170)
[2015.10.28-05.13.49:797][400]LogModuleManager: Shutting down and abandoning module SizeMap (169)
[2015.10.28-05.13.49:797][400]LogModuleManager: Shutting down and abandoning module TreeMap (168)
[2015.10.28-05.13.49:797][400]LogModuleManager: Shutting down and abandoning module ReferenceViewer (167)
[2015.10.28-05.13.49:797][400]LogModuleManager: Shutting down and abandoning module LocalizationService (166)
[2015.10.28-05.13.49:797][400]LogModuleManager: Shutting down and abandoning module LocalizationDashboard (165)
[2015.10.28-05.13.49:797][400]LogModuleManager: Shutting down and abandoning module HardwareTargeting (164)
[2015.10.28-05.13.49:797][400]LogModuleManager: Shutting down and abandoning module DeviceProfileEditor (163)
[2015.10.28-05.13.49:797][400]LogModuleManager: Shutting down and abandoning module UndoHistory (162)
[2015.10.28-05.13.49:797][400]LogModuleManager: Shutting down and abandoning module GameplayTagsEditor (161)
[2015.10.28-05.13.49:797][400]LogModuleManager: Shutting down and abandoning module UserFeedback (160)
[2015.10.28-05.13.49:797][400]LogModuleManager: Shutting down and abandoning module XmlParser (159)
[2015.10.28-05.13.49:797][400]LogModuleManager: Shutting down and abandoning module Blutility (158)
[2015.10.28-05.13.49:797][400]LogModuleManager: Shutting down and abandoning module ProjectTargetPlatformEditor (157)
[2015.10.28-05.13.49:798][400]LogModuleManager: Shutting down and abandoning module ProjectSettingsViewer (156)
[2015.10.28-05.13.49:798][400]LogModuleManager: Shutting down and abandoning module InputBindingEditor (155)
[2015.10.28-05.13.49:798][400]LogModuleManager: Shutting down and abandoning module EditorSettingsViewer (154)
[2015.10.28-05.13.49:798][400]LogModuleManager: Shutting down and abandoning module SettingsEditor (153)
[2015.10.28-05.13.49:798][400]LogModuleManager: Shutting down and abandoning module ProjectLauncher (152)
[2015.10.28-05.13.49:798][400]LogModuleManager: Shutting down and abandoning module SessionFrontend (151)
[2015.10.28-05.13.49:798][400]LogModuleManager: Shutting down and abandoning module ProfilerClient (150)
[2015.10.28-05.13.49:798][400]LogModuleManager: Shutting down and abandoning module TargetDeviceServices (149)
[2015.10.28-05.13.49:798][400]LogModuleManager: Shutting down and abandoning module DeviceManager (148)
[2015.10.28-05.13.49:799][400]LogModuleManager: Shutting down and abandoning module AutomationController (147)
[2015.10.28-05.13.49:799][400]LogModuleManager: Shutting down and abandoning module AutomationWindow (146)
[2015.10.28-05.13.49:799][400]LogModuleManager: Shutting down and abandoning module Layers (145)
[2015.10.28-05.13.49:799][400]LogModuleManager: Shutting down and abandoning module ComponentVisualizers (144)
[2015.10.28-05.13.49:799][400]LogModuleManager: Shutting down and abandoning module DetailCustomizations (143)
[2015.10.28-05.13.49:799][400]LogModuleManager: Shutting down and abandoning module PackagesDialog (142)
[2015.10.28-05.13.49:799][400]LogModuleManager: Shutting down and abandoning module Persona (141)
[2015.10.28-05.13.49:799][400]LogModuleManager: Shutting down and abandoning module Kismet (140)
[2015.10.28-05.13.49:799][400]LogModuleManager: Shutting down and abandoning module GraphEditor (139)
[2015.10.28-05.13.49:799][400]LogModuleManager: Shutting down and abandoning module ClassViewer (138)
[2015.10.28-05.13.49:799][400]LogModuleManager: Shutting down and abandoning module Toolbox (137)
[2015.10.28-05.13.49:800][400]LogModuleManager: Shutting down and abandoning module ModuleUI (136)
[2015.10.28-05.13.49:800][400]LogModuleManager: Shutting down and abandoning module MovieSceneTools (135)
[2015.10.28-05.13.49:800][400]LogModuleManager: Shutting down and abandoning module OutputLog (134)
[2015.10.28-05.13.49:800][400]LogModuleManager: Shutting down and abandoning module GammaUI (133)
[2015.10.28-05.13.49:800][400]LogModuleManager: Shutting down and abandoning module Documentation (132)
[2015.10.28-05.13.49:800][400]LogModuleManager: Shutting down and abandoning module GameLiveStreaming (131)
[2015.10.28-05.13.49:800][400]LogModuleManager: Shutting down and abandoning module StreamingPauseRendering (130)
[2015.10.28-05.13.49:800][400]LogModuleManager: Shutting down and abandoning module AnalyticsET (129)
[2015.10.28-05.13.49:800][400]LogModuleManager: Shutting down and abandoning module Analytics (128)
[2015.10.28-05.13.49:800][400]LogModuleManager: Shutting down and abandoning module AITestSuite (127)
[2015.10.28-05.13.49:800][400]LogModuleManager: Shutting down and abandoning module GameplayDebugger (126)
[2015.10.28-05.13.49:800][400]LogModuleManager: Shutting down and abandoning module AIModule (125)
[2015.10.28-05.13.49:800][400]LogModuleManager: Shutting down and abandoning module ProfilerService (124)
[2015.10.28-05.13.49:860][400]LogModuleManager: Shutting down and abandoning module TaskGraph (123)
[2015.10.28-05.13.49:860][400]LogModuleManager: Shutting down and abandoning module SubstanceEditor (122)
[2015.10.28-05.13.49:860][400]LogModuleManager: Shutting down and abandoning module SlateRemote (121)
[2015.10.28-05.13.49:860][400]LogModuleManager: Shutting down and abandoning module SteamVRController (120)
[2015.10.28-05.13.49:860][400]LogModuleManager: Shutting down and abandoning module SteamVR (119)
[2015.10.28-05.13.49:860][400]LogModuleManager: Shutting down and abandoning module ProceduralMeshComponent (118)
[2015.10.28-05.13.49:860][400]LogModuleManager: Shutting down and abandoning module OculusRift (117)
[2015.10.28-05.13.49:860][400]LogModuleManager: Shutting down and abandoning module OculusLibrary (116)
[2015.10.28-05.13.49:860][400]LogModuleManager: Shutting down and abandoning module LeapMotionController (115)
[2015.10.28-05.13.50:069][400]LogModuleManager: Shutting down and abandoning module CustomMeshComponent (114)
[2015.10.28-05.13.50:069][400]LogModuleManager: Shutting down and abandoning module CableComponent (113)
[2015.10.28-05.13.50:069][400]LogModuleManager: Shutting down and abandoning module ArchVisCharacter (112)
[2015.10.28-05.13.50:069][400]LogModuleManager: Shutting down and abandoning module MessagingDebugger (111)
[2015.10.28-05.13.50:069][400]LogModuleManager: Shutting down and abandoning module MediaPlayerEditor (110)
[2015.10.28-05.13.50:070][400]LogModuleManager: Shutting down and abandoning module HTML5Networking (109)
[2015.10.28-05.13.50:070][400]LogModuleManager: Shutting down and abandoning module SpeedTreeImporter (108)
[2015.10.28-05.13.50:070][400]LogModuleManager: Shutting down and abandoning module PluginBrowser (107)
[2015.10.28-05.13.50:070][400]LogModuleManager: Shutting down and abandoning module EpicSurvey (106)
[2015.10.28-05.13.50:070][400]LogModuleManager: Shutting down and abandoning module DesktopPlatform (105)
[2015.10.28-05.13.50:070][400]LogModuleManager: Shutting down and abandoning module VisualStudioSourceCodeAccess (104)
[2015.10.28-05.13.50:070][400]LogModuleManager: Shutting down and abandoning module UObjectPlugin (103)
[2015.10.28-05.13.50:070][400]LogModuleManager: Shutting down and abandoning module SubversionSourceControl (102)
[2015.10.28-05.13.50:070][400]LogModuleManager: Shutting down and abandoning module PerforceSourceControl (101)
[2015.10.28-05.13.50:070][400]LogModuleManager: Shutting down and abandoning module SourceControl (100)
[2015.10.28-05.13.50:070][400]LogModuleManager: Shutting down and abandoning module GitSourceControl (99)
[2015.10.28-05.13.50:070][400]LogModuleManager: Shutting down and abandoning module LightPropagationVolumeEditor (98)
[2015.10.28-05.13.50:070][400]LogModuleManager: Shutting down and abandoning module PaperTiledImporter (97)
[2015.10.28-05.13.50:070][400]LogModuleManager: Shutting down and abandoning module PaperSpriteSheetImporter (96)
[2015.10.28-05.13.50:071][400]LogModuleManager: Shutting down and abandoning module MeshPaint (95)
[2015.10.28-05.13.50:071][400]LogModuleManager: Shutting down and abandoning module SlateReflector (94)
[2015.10.28-05.13.50:071][400]LogModuleManager: Shutting down and abandoning module HotReload (93)
[2015.10.28-05.13.50:071][400]LogModuleManager: Shutting down and abandoning module MainFrame (92)
[2015.10.28-05.13.50:071][400]LogModuleManager: Shutting down and abandoning module LevelEditor (91)
[2015.10.28-05.13.50:077][400]LogModuleManager: Shutting down and abandoning module ContentBrowser (90)
[2015.10.28-05.13.50:082][400]LogModuleManager: Shutting down and abandoning module Paper2DEditor (89)
[2015.10.28-05.13.50:084][400]LogModuleManager: Shutting down and abandoning module UdpMessaging (88)
[2015.10.28-05.13.50:185][400]LogModuleManager: Shutting down and abandoning module DirectoryWatcher (87)
[2015.10.28-05.13.50:187][400]LogModuleManager: Shutting down and abandoning module AssetRegistry (86)
[2015.10.28-05.13.50:632][400]LogModuleManager: Shutting down and abandoning module SubstanceCore (85)
[2015.10.28-05.13.50:633][400]LogModuleManager: Shutting down and abandoning module LightPropagationVolumeRuntime (84)
[2015.10.28-05.13.50:633][400]LogModuleManager: Shutting down and abandoning module Paper2D (83)
[2015.10.28-05.13.50:633][400]LogModuleManager: Shutting down and abandoning module WindowsMoviePlayer (82)
[2015.10.28-05.13.50:688][400]LogModuleManager: Shutting down and abandoning module Media (81)
[2015.10.28-05.13.50:688][400]LogModuleManager: Shutting down and abandoning module WmfMedia (80)
[2015.10.28-05.13.50:688][400]LogModuleManager: Shutting down and abandoning module OnlineBlueprintSupport (79)
[2015.10.28-05.13.50:688][400]LogModuleManager: Shutting down and abandoning module GameplayTasksEditor (78)
[2015.10.28-05.13.50:688][400]LogModuleManager: Shutting down and abandoning module PropertyEditor (77)
[2015.10.28-05.13.50:688][400]LogModuleManager: Shutting down and abandoning module BehaviorTreeEditor (76)
[2015.10.28-05.13.50:688][400]LogModuleManager: Shutting down and abandoning module FunctionalTesting (75)
[2015.10.28-05.13.50:688][400]LogModuleManager: Shutting down and abandoning module CollisionAnalyzer (74)
[2015.10.28-05.13.50:688][400]LogModuleManager: Shutting down and abandoning module WorkspaceMenuStructure (73)
[2015.10.28-05.13.50:688][400]LogModuleManager: Shutting down and abandoning module MessageLog (72)
[2015.10.28-05.13.50:688][400]LogModuleManager: Shutting down and abandoning module Sequencer (71)
[2015.10.28-05.13.50:688][400]LogModuleManager: Shutting down and abandoning module AssetTools (70)
[2015.10.28-05.13.50:688][400]LogModuleManager: Shutting down and abandoning module UMGEditor (69)
[2015.10.28-05.13.50:689][400]LogModuleManager: Shutting down and abandoning module UMG (68)
[2015.10.28-05.13.50:689][400]LogModuleManager: Shutting down and abandoning module Slate (67)
[2015.10.28-05.13.50:689][400]LogModuleManager: Shutting down and abandoning module EditorStyle (66)
[2015.10.28-05.13.50:710][400]LogModuleManager: Shutting down and abandoning module SessionServices (65)
[2015.10.28-05.13.50:710][400]LogModuleManager: Shutting down and abandoning module SourceCodeAccess (64)
[2015.10.28-05.13.50:711][400]LogModuleManager: Shutting down and abandoning module HeadMountedDisplay (63)
[2015.10.28-05.13.50:711][400]LogModuleManager: Shutting down and abandoning module XAudio2 (62)
[2015.10.28-05.13.50:711][400]LogModuleManager: Shutting down and abandoning module Networking (60)
[2015.10.28-05.13.50:711][400]LogModuleManager: Shutting down and abandoning module Core (59)
[2015.10.28-05.13.50:712][400]LogModuleManager: Shutting down and abandoning module KismetCompiler (58)
[2015.10.28-05.13.50:712][400]LogModuleManager: Shutting down and abandoning module PhysXFormats (57)
[2015.10.28-05.13.50:712][400]LogModuleManager: Shutting down and abandoning module MeshUtilities (56)
[2015.10.28-05.13.50:712][400]LogModuleManager: Shutting down and abandoning module CookingStats (55)
[2015.10.28-05.13.50:763][400]LogModuleManager: Shutting down and abandoning module DerivedDataCache (54)
[2015.10.28-05.13.50:789][400]LogDerivedDataCache: Shutdown
[2015.10.28-05.13.50:790][400]LogModuleManager: Shutting down and abandoning module ShaderFormatOpenGL (53)
[2015.10.28-05.13.50:790][400]LogModuleManager: Shutting down and abandoning module ShaderFormatD3D (52)
[2015.10.28-05.13.50:790][400]LogModuleManager: Shutting down and abandoning module MetalShaderFormat (51)
[2015.10.28-05.13.50:794][400]LogModuleManager: Shutting down and abandoning module TextureFormatUncompressed (50)
[2015.10.28-05.13.50:795][400]LogModuleManager: Shutting down and abandoning module TextureFormatPVR (49)
[2015.10.28-05.13.50:795][400]LogModuleManager: Shutting down and abandoning module TextureFormatIntelISPCTexComp (48)
[2015.10.28-05.13.50:795][400]LogModuleManager: Shutting down and abandoning module TextureFormatDXT (47)
[2015.10.28-05.13.50:795][400]LogModuleManager: Shutting down and abandoning module ImageWrapper (46)
[2015.10.28-05.13.50:795][400]LogModuleManager: Shutting down and abandoning module TextureFormatASTC (45)
[2015.10.28-05.13.50:795][400]LogModuleManager: Shutting down and abandoning module TextureFormatAndroid (44)
[2015.10.28-05.13.50:796][400]LogModuleManager: Shutting down and abandoning module AudioFormatOpus (43)
[2015.10.28-05.13.50:796][400]LogModuleManager: Shutting down and abandoning module AudioFormatOgg (42)
[2015.10.28-05.13.50:796][400]LogModuleManager: Shutting down and abandoning module AudioFormatADPCM (41)
[2015.10.28-05.13.50:796][400]LogModuleManager: Shutting down and abandoning module LinuxTargetPlatform (40)
[2015.10.28-05.13.50:796][400]LogModuleManager: Shutting down and abandoning module LinuxServerTargetPlatform (39)
[2015.10.28-05.13.50:797][400]LogModuleManager: Shutting down and abandoning module LinuxNoEditorTargetPlatform (38)
[2015.10.28-05.13.50:797][400]LogModuleManager: Shutting down and abandoning module Messaging (37)
[2015.10.28-05.13.50:797][400]LogModuleManager: Shutting down and abandoning module IOSTargetPlatform (36)
[2015.10.28-05.13.50:797][400]LogModuleManager: Shutting down and abandoning module HTML5TargetPlatform (35)
[2015.10.28-05.13.50:797][400]LogModuleManager: Shutting down and abandoning module Android_PVRTCTargetPlatform (34)
[2015.10.28-05.13.50:797][400]LogModuleManager: Shutting down and abandoning module Android_ETC2TargetPlatform (33)
[2015.10.28-05.13.50:797][400]LogModuleManager: Shutting down and abandoning module Android_ETC1TargetPlatform (32)
[2015.10.28-05.13.50:797][400]LogModuleManager: Shutting down and abandoning module Android_DXTTargetPlatform (31)
[2015.10.28-05.13.50:797][400]LogModuleManager: Shutting down and abandoning module Android_ATCTargetPlatform (30)
[2015.10.28-05.13.50:797][400]LogModuleManager: Shutting down and abandoning module Android_ASTCTargetPlatform (29)
[2015.10.28-05.13.50:797][400]LogModuleManager: Shutting down and abandoning module AndroidTargetPlatform (28)
[2015.10.28-05.13.50:797][400]LogModuleManager: Shutting down and abandoning module WindowsTargetPlatform (27)
[2015.10.28-05.13.50:797][400]LogModuleManager: Shutting down and abandoning module WindowsServerTargetPlatform (26)
[2015.10.28-05.13.50:797][400]LogModuleManager: Shutting down and abandoning module WindowsNoEditorTargetPlatform (25)
[2015.10.28-05.13.50:797][400]LogModuleManager: Shutting down and abandoning module WindowsClientTargetPlatform (24)
[2015.10.28-05.13.50:797][400]LogModuleManager: Shutting down and abandoning module AllDesktopTargetPlatform (23)
[2015.10.28-05.13.50:797][400]LogModuleManager: Shutting down and abandoning module TargetPlatform (22)
[2015.10.28-05.13.50:797][400]LogModuleManager: Shutting down and abandoning module InputCore (21)
[2015.10.28-05.13.50:797][400]LogModuleManager: Shutting down and abandoning module Settings (20)
[2015.10.28-05.13.50:797][400]LogModuleManager: Shutting down and abandoning module OnlineSubsystem (18)
[2015.10.28-05.13.50:797][400]LogModuleManager: Shutting down and abandoning module HTTP (17)
[2015.10.28-05.13.52:805][400]LogModuleManager: Shutting down and abandoning module XMPP (16)
[2015.10.28-05.13.52:805][400]LogModuleManager: Shutting down and abandoning module ExampleDeviceProfileSelector (15)
[2015.10.28-05.13.52:805][400]LogModuleManager: Shutting down and abandoning module TextureCompressor (14)
[2015.10.28-05.13.52:806][400]LogModuleManager: Shutting down and abandoning module ShaderCore (13)
[2015.10.28-05.13.52:806][400]LogModuleManager: Shutting down and abandoning module Landscape (12)
[2015.10.28-05.13.52:806][400]LogModuleManager: Shutting down and abandoning module SlateRHIRenderer (11)
[2015.10.28-05.13.52:814][400]LogModuleManager: Shutting down and abandoning module OpenGLDrv (10)
[2015.10.28-05.13.52:814][400]LogModuleManager: Shutting down and abandoning module D3D11RHI (9)
[2015.10.28-05.13.52:814][400]LogModuleManager: Shutting down and abandoning module AnimGraphRuntime (8)
[2015.10.28-05.13.52:814][400]LogModuleManager: Shutting down and abandoning module Renderer (7)
[2015.10.28-05.13.52:814][400]LogModuleManager: Shutting down and abandoning module Engine (6)
[2015.10.28-05.13.52:814][400]LogModuleManager: Shutting down and abandoning module CoreUObject (5)
[2015.10.28-05.13.52:814][400]LogModuleManager: Shutting down and abandoning module NetworkFile (4)
[2015.10.28-05.13.52:814][400]LogModuleManager: Shutting down and abandoning module StreamingFile (3)
[2015.10.28-05.13.52:814][400]LogModuleManager: Shutting down and abandoning module SandboxFile (2)
[2015.10.28-05.13.52:814][400]LogModuleManager: Shutting down and abandoning module PakFile (1)
[2015.10.28-05.13.52:816][400]LogExit: Exiting.
[2015.10.28-05.13.52:818][400]Log file closed, 10/27/15 22:13:52
