[2015.10.28-13.29.16:643][  0]Log file open, 10/28/15 06:29:16
[2015.10.28-13.29.16:643][  0]LogInit:Display: Running engine without a game
[2015.10.28-13.29.16:643][  0]LogInit:Display: Loading recent project file: ../../../../../../Users/Corey/Documents/Unreal Projects/TheTARDISexperience/Capaldi_Tardis.uproject
[2015.10.28-13.29.16:643][  0]LogInit:Display: RandInit(800669972) SRandInit(800669974).
[2015.10.28-13.29.16:643][  0]LogTaskGraph: Started task graph with 4 named threads and 7 total threads.
[2015.10.28-13.29.16:643][  0]LogStats: Stats thread started at 0.307723
[2015.10.28-13.29.16:643][  0]LogInit: Version: 4.9.2-2707645+++depot+UE4-Releases+4.9
[2015.10.28-13.29.16:643][  0]LogInit: API Version: 2672455
[2015.10.28-13.29.16:643][  0]LogInit: Compiled (64-bit): Sep 28 2015 10:25:44
[2015.10.28-13.29.16:643][  0]LogInit: Compiled with Visual C++: 18.00.21005.01
[2015.10.28-13.29.16:643][  0]LogInit: Build Configuration: Development
[2015.10.28-13.29.16:643][  0]LogInit: Branch Name: ++depot+UE4-Releases+4.9
[2015.10.28-13.29.16:643][  0]LogInit: Command line: 
[2015.10.28-13.29.16:643][  0]LogInit: Base directory: C:/Program Files/Epic Games/4.9/Engine/Binaries/Win64/
[2015.10.28-13.29.16:643][  0]LogInit: Rocket: 1
[2015.10.28-13.29.16:681][  0]LogInit: Using libcurl 7.41.0
[2015.10.28-13.29.16:683][  0]LogInit:  - built for x86_64-pc-win32
[2015.10.28-13.29.16:683][  0]LogInit:  - supports SSL with WinSSL
[2015.10.28-13.29.16:683][  0]LogInit:  - other features:
[2015.10.28-13.29.16:683][  0]LogInit:      CURL_VERSION_SSL
[2015.10.28-13.29.16:683][  0]LogInit:      CURL_VERSION_IPV6
[2015.10.28-13.29.16:683][  0]LogInit:      CURL_VERSION_ASYNCHDNS
[2015.10.28-13.29.16:683][  0]LogInit:      CURL_VERSION_LARGEFILE
[2015.10.28-13.29.16:683][  0]LogInit:      CURL_VERSION_IDN
[2015.10.28-13.29.16:683][  0]LogInit:  CurlRequestOptions (configurable via config and command line):
[2015.10.28-13.29.16:683][  0]LogInit:  - bVerifyPeer = true  - Libcurl will verify peer certificate
[2015.10.28-13.29.16:683][  0]LogInit:  - bUseHttpProxy = false  - Libcurl will NOT use HTTP proxy
[2015.10.28-13.29.16:683][  0]LogInit:  - bDontReuseConnections = false  - Libcurl will reuse connections
[2015.10.28-13.29.16:683][  0]LogInit:  - CertBundlePath = nullptr  - Libcurl will use whatever was configured at build time.
[2015.10.28-13.29.16:709][  0]LogInit: Presizing for 0 objects not considered by GC, pre-allocating 0 bytes.
[2015.10.28-13.29.16:723][  0]LogInit: Object subsystem initialized
[2015.10.28-13.29.16:726][  0]LogInit: Selected Device Profile: [Windows]
[2015.10.28-13.29.16:726][  0]LogInit: Applying CVar settings loaded from the selected device profile: [Windows]
[2015.10.28-13.29.16:749][  0]LogInit: Computer: COREYSPRECIOUS
[2015.10.28-13.29.16:749][  0]LogInit: User: Corey
[2015.10.28-13.29.16:749][  0]LogInit: CPU Page size=4096, Cores=4
[2015.10.28-13.29.16:749][  0]LogInit: High frequency timer resolution =3.418201 MHz
[2015.10.28-13.29.16:750][  0]LogMemory: Memory total: Physical=32.0GB (32GB approx)
[2015.10.28-13.29.16:750][  0]LogMemory: Platform Memory Stats for Windows
[2015.10.28-13.29.16:750][  0]LogMemory: Process Physical Memory: 54.27 MB used, 54.27 MB peak
[2015.10.28-13.29.16:750][  0]LogMemory: Process Virtual Memory: 55.30 MB used, 55.30 MB peak
[2015.10.28-13.29.16:750][  0]LogMemory: Physical Memory: 8808.73 MB used, 32724.31 MB total
[2015.10.28-13.29.16:750][  0]LogMemory: Virtual Memory: 364.37 MB used, 134217728.00 MB total
[2015.10.28-13.29.16:837][  0]LogTextLocalizationManager: No specific translations for ('en-US') exist, so ('en') translations will be used.
[2015.10.28-13.29.20:961][  0]LogD3D11RHI: Found D3D11 adapter 0: NVIDIA GeForce GTX TITAN X (Feature Level 11_0)
[2015.10.28-13.29.20:961][  0]LogD3D11RHI: Adapter has 12176MB of dedicated video memory, 0MB of dedicated system memory, and 16362MB of shared system memory, 2 output[s]
[2015.10.28-13.29.20:963][  0]LogD3D11RHI: Found D3D11 adapter 1: Microsoft Basic Render Driver (Feature Level 11_0)
[2015.10.28-13.29.20:964][  0]LogD3D11RHI: Adapter has 0MB of dedicated video memory, 0MB of dedicated system memory, and 16362MB of shared system memory, 0 output[s]
[2015.10.28-13.29.20:964][  0]LogD3D11RHI: Chosen D3D11 Adapter Id = 0
[2015.10.28-13.29.21:177][  0]LogD3D11RHI: !Direct3DDevice
[2015.10.28-13.29.21:177][  0]LogRHI: Texture pool is 1361 MB (70% of 1945 MB)
[2015.10.28-13.29.21:480][  0]LogD3D11RHI: Async texture creation enabled
[2015.10.28-13.29.21:498][  0]LogShaderCompilers: Guid format shader working directory is 14 characters bigger than the processId version (../../../../../../Users/Corey/Documents/Unreal Projects/TheTARDISexperience/Intermediate/Shaders/WorkingDirectory/52896/).
[2015.10.28-13.29.21:498][  0]LogShaderCompilers: Cleaned the shader compiler working directory '../../../../../../Users/Corey/Documents/Unreal Projects/TheTARDISexperience/Intermediate/Shaders/tmp/C49225674D7777064FDF42AF8F38EBA4/'.
[2015.10.28-13.29.21:498][  0]LogShaderCompilers:Display: Using Local Shader Compiler.
[2015.10.28-13.29.29:887][  0]LogTemp:Display: Loaded TP AllDesktopTargetPlatform
[2015.10.28-13.29.29:952][  0]LogTemp:Display: Loaded TP WindowsClientTargetPlatform
[2015.10.28-13.29.30:008][  0]LogTemp:Display: Loaded TP WindowsNoEditorTargetPlatform
[2015.10.28-13.29.30:021][  0]LogTemp:Display: Loaded TP WindowsServerTargetPlatform
[2015.10.28-13.29.30:035][  0]LogTemp:Display: Loaded TP WindowsTargetPlatform
[2015.10.28-13.29.30:044][  0]LogTemp:Display: Loaded TP AndroidTargetPlatform
[2015.10.28-13.29.30:059][  0]LogTemp:Display: Loaded TP Android_ASTCTargetPlatform
[2015.10.28-13.29.30:076][  0]LogTemp:Display: Loaded TP Android_ATCTargetPlatform
[2015.10.28-13.29.30:227][  0]LogTemp:Display: Loaded TP Android_DXTTargetPlatform
[2015.10.28-13.29.30:333][  0]LogTemp:Display: Loaded TP Android_ETC1TargetPlatform
[2015.10.28-13.29.30:449][  0]LogTemp:Display: Loaded TP Android_ETC2TargetPlatform
[2015.10.28-13.29.30:526][  0]LogTemp:Display: Loaded TP Android_PVRTCTargetPlatform
[2015.10.28-13.29.30:527][  0]LogTemp:Display: Loaded TP HTML5TargetPlatform
[2015.10.28-13.29.30:555][  0]LogTemp:Display: Loaded TP IOSTargetPlatform
[2015.10.28-13.29.30:574][  0]LogTemp:Display: Loaded TP LinuxNoEditorTargetPlatform
[2015.10.28-13.29.30:585][  0]LogTemp:Display: Loaded TP LinuxServerTargetPlatform
[2015.10.28-13.29.30:609][  0]LogTemp:Display: Loaded TP LinuxTargetPlatform
[2015.10.28-13.29.30:609][  0]LogTargetPlatformManager:Display: Building Assets For Windows
[2015.10.28-13.29.31:160][  0]LogDerivedDataCache:Display: Max Cache Size: 512 MB
[2015.10.28-13.29.31:692][  0]LogDerivedDataCache: Loaded boot cache 0.53s 41MB C:/Users/Corey/AppData/Local/UnrealEngine/4.9/DerivedDataCache/Boot.ddc.
[2015.10.28-13.29.31:692][  0]LogDerivedDataCache:Display: Loaded Boot cache: C:/Users/Corey/AppData/Local/UnrealEngine/4.9/DerivedDataCache/Boot.ddc
[2015.10.28-13.29.31:693][  0]LogDerivedDataCache: FDerivedDataBackendGraph:  Pak pak cache file ../../../../../../Users/Corey/Documents/Unreal Projects/TheTARDISexperience/DerivedDataCache/DDC.ddp not found, will not use a pak cache.
[2015.10.28-13.29.31:693][  0]LogDerivedDataCache: Unable to find inner node Pak for hierarchical cache Hierarchy.
[2015.10.28-13.29.31:693][  0]LogDerivedDataCache: FDerivedDataBackendGraph:  CompressedPak pak cache file ../../../../../../Users/Corey/Documents/Unreal Projects/TheTARDISexperience/DerivedDataCache/Compressed.ddp not found, will not use a pak cache.
[2015.10.28-13.29.31:693][  0]LogDerivedDataCache: Unable to find inner node CompressedPak for hierarchical cache Hierarchy.
[2015.10.28-13.29.32:656][  0]LogDerivedDataCache:Display: Pak cache opened for reading ../../../Engine/DerivedDataCache/Compressed.ddp.
[2015.10.28-13.29.32:771][  0]LogDerivedDataCache: Using Local data cache path C:/Users/Corey/AppData/Local/UnrealEngine/Common/DerivedDataCache: Writable
[2015.10.28-13.29.33:629][  0]LogInit: Selected Device Profile: [Windows]
[2015.10.28-13.29.33:638][  0]LogContentStreaming: Texture pool size is 0.000000MB
[2015.10.28-13.29.35:284][  0]LogMeshUtilities: No automatic mesh reduction module available
[2015.10.28-13.29.35:284][  0]LogMeshUtilities: No automatic mesh merging module available
[2015.10.28-13.29.39:845][  0]LogInit: WinSock: version 1.1 (2.2), MaxSocks=32767, MaxUdp=65467
[2015.10.28-13.29.46:327][  0]LogAssetRegistry: FAssetRegistry took 0.0615 seconds to start up
[2015.10.28-13.29.46:503][  0]UdpMessaging: Initializing bridge on interface 0.0.0.0:0 to multicast group 230.0.0.1:6666.
[2015.10.28-13.29.48:133][  0]SourceControl: Info Source control is disabled
[2015.10.28-13.29.52:329][  0]LogLinker:Warning: Asset '../../../Engine/Plugins/Runtime/LeapMotionController/Content/LM_PassthroughMaterial.uasset' has been saved with empty engine version. The asset will be loaded but may be incompatible.
[2015.10.28-13.29.53:115][  0]LogObj: 28528 objects as part of root set at end of initial load.
[2015.10.28-13.29.53:115][  0]LogUObjectAllocator: 6068456 out of 0 bytes used by permanent object pool.
[2015.10.28-13.29.53:463][  0]LogEngine: Initializing Engine...
[2015.10.28-13.29.53:469][  0]LogHMD: Can't find Oculus library dev build: is proper Runtime installed? Version: 0.7.0.0
[2015.10.28-13.29.53:470][  0]LogHMD: SteamVR failed to initialize.  Err: 110
[2015.10.28-13.29.55:024][  0]LogAIModule: Creating AISystem for world NewWorld
[2015.10.28-13.29.55:395][  0]LogInit: XAudio2 using 'Speakers (Logitech G930 Headset)' : 2 channels at 44.1 kHz using 16 bits per sample (channel mask 0x3)
[2015.10.28-13.29.55:731][  0]LogInit: FAudioDevice initialized.
[2015.10.28-13.29.55:838][  0]LogDerivedDataCache: Saved boot cache 0.11s 41MB C:/Users/Corey/AppData/Local/UnrealEngine/4.9/DerivedDataCache/Boot.ddc.
[2015.10.28-13.29.55:907][  0]LogInit: Texture streaming: Enabled
[2015.10.28-13.29.55:999][  0]LogAnalytics: Creating configured Analytics provider AnalyticsET
[2015.10.28-13.29.55:999][  0]LogAnalytics: [UEEditor.Rocket.Release] APIServer = http://et2.epicgames.com/ET2/. AppVersion = 4.9.2-2707645+++depot+UE4-Releases+4.9
[2015.10.28-13.29.56:000][  0]LogAnalytics: [UEEditor.Rocket.Release] SetUserId 5c23449345eaff9b32885493c09453d1|b88b930091cb4a178825078811402870|daab068d-4a04-4064-b248-ec323833554c
[2015.10.28-13.29.56:000][  0]LogAnalytics: [UEEditor.Rocket.Release] AnalyticsET::StartSession
[2015.10.28-13.29.56:622][  0]LogInit: Transaction tracking system initialized
[2015.10.28-13.29.57:247][  0]BlueprintLog: New page: Editor Load
[2015.10.28-13.29.58:861][  0]LocalizationService: Info Localization service is disabled
[2015.10.28-13.29.59:884][  0]LogConsoleResponse:Display: 
[2015.10.28-13.30.00:436][  0]LogCook:Display: Done creating registry. It took  0.00s.
[2015.10.28-13.30.01:242][  0]LogFileCache: Scanning file cache for directory 'C:/Users/Corey/Documents/Unreal Projects/TheTARDISexperience/Content/' took 0.05s
[2015.10.28-13.30.02:376][  0]Cmd: MAP LOAD FILE="../../../../../../Users/Corey/Documents/Unreal Projects/TheTARDISexperience/Content/FirstPersonBP/Maps/FirstPersonExampleMap.umap" TEMPLATE=0 SHOWPROGRESS=1 FEATURELEVEL=3
[2015.10.28-13.30.02:503][  0]LightingResults: New page: Lighting Build
[2015.10.28-13.30.02:625][  0]MapCheck: New page: Map Check
[2015.10.28-13.30.02:625][  0]LightingResults: New page: Lighting Build
[2015.10.28-13.30.02:664][  0]LogParticles: Destroying 0 GPU particle simulations for FXSystem 0x0000001963D2D620
[2015.10.28-13.30.34:086][  0]LogAIModule: Creating AISystem for world FirstPersonExampleMap
[2015.10.28-13.30.34:193][  0]LogEditorServer: Finished looking for orphan Actors (0.000 secs)
[2015.10.28-13.30.34:195][  0]Cmd: MAP CHECKDEP NOCLEARLOG
[2015.10.28-13.30.34:780][  0]MapCheck: Info Map check complete: 0 Error(s), 0 Warning(s), took 584.173ms to complete.
[2015.10.28-13.30.34:780][  0]LogFileHelpers: Loading map 'FirstPersonExampleMap' took 32.404
[2015.10.28-13.30.35:052][  0]LogCollectionManager: Loaded 0 collections in 0.006003 seconds
[2015.10.28-13.30.35:108][  0]LogFileCache: Scanning file cache for directory 'C:/Users/Corey/Documents/Unreal Projects/TheTARDISexperience/Saved/Collections/' took 0.01s
[2015.10.28-13.30.35:108][  0]LogFileCache: Scanning file cache for directory 'C:/Users/Corey/Documents/Unreal Projects/TheTARDISexperience/Content/Developers/Corey/Collections/' took 0.01s
[2015.10.28-13.30.35:108][  0]LogFileCache: Scanning file cache for directory 'C:/Users/Corey/Documents/Unreal Projects/TheTARDISexperience/Content/Collections/' took 0.01s
[2015.10.28-13.30.35:109][  0]LogContentBrowser: Native class hierarchy populated in 0.0172 seconds. Added 1882 classes and 339 folders.
[2015.10.28-13.30.35:140][  0]LogCollectionManager: Rebuilt the GUID cache for 0 collections in 0.000008 seconds
[2015.10.28-13.30.35:157][  0]LogContentBrowser: Native class hierarchy updated for 'WidgetCarousel' in 0.0006 seconds. Added 0 classes and 0 folders.
[2015.10.28-13.30.35:300][  0]LogContentBrowser: Native class hierarchy updated for 'AddContentDialog' in 0.0007 seconds. Added 0 classes and 0 folders.
[2015.10.28-13.30.35:308][  0]LogContentBrowser: Native class hierarchy updated for 'SceneOutliner' in 0.0006 seconds. Added 1 classes and 2 folders.
[2015.10.28-13.30.35:328][  0]LogCrashTracker: Crashtracker disabled due to settings.
[2015.10.28-13.30.35:458][  0]LogLoad: Full Startup: 81.40 seconds (BP compile: 0.40 seconds)
[2015.10.28-13.30.35:906][  0]SourceControl: Info On branch master
[2015.10.28-13.30.35:906][  0]SourceControl: Info Your branch is based on 'origin/master', but the upstream is gone.
[2015.10.28-13.30.35:906][  0]SourceControl: Info   (use "git branch --unset-upstream" to fixup)
[2015.10.28-13.30.35:906][  0]SourceControl: Info Changes not staged for commit:
[2015.10.28-13.30.35:906][  0]SourceControl: Info   (use "git add <file>..." to update what will be committed)
[2015.10.28-13.30.35:906][  0]SourceControl: Info   (use "git checkout -- <file>..." to discard changes in working directory)
[2015.10.28-13.30.35:906][  0]SourceControl: Info 	modified:   Saved/Config/Windows/Engine.ini
[2015.10.28-13.30.35:906][  0]SourceControl: Info 	modified:   Saved/Logs/Capaldi_Tardis.log
[2015.10.28-13.30.35:906][  0]SourceControl: Info Untracked files:
[2015.10.28-13.30.35:906][  0]SourceControl: Info   (use "git add <file>..." to include in what will be committed)
[2015.10.28-13.30.35:906][  0]SourceControl: Info 	Saved/Logs/Capaldi_Tardis-backup-2015.10.28-06.29.16.log
[2015.10.28-13.30.35:906][  0]SourceControl: Info no changes added to commit (use "git add" and/or "git commit -a")
[2015.10.28-13.30.35:907][  0]LogContentStreaming: Texture pool size now 1000 MB
[2015.10.28-13.30.36:212][  0]LogRenderer: Reallocating scene render targets to support 1312x552 (Frame:2).
[2015.10.28-13.30.40:044][ 12]LogAssetRegistry: Asset discovery search completed in 53.7788 seconds
[2015.10.28-13.30.40:045][ 12]LogCollectionManager: Rebuilt the object cache for 0 collections in 0.000001 seconds (found 0 objects)
[2015.10.28-13.30.40:045][ 12]LogCollectionManager: Fixed up redirectors for 0 collections in 0.000064 seconds (updated 0 objects)
[2015.10.28-13.31.58:340][512]LogGameProjectGeneration:Verbose: 'C:/Program Files/Epic Games/4.9/Templates/TP_FirstPersonBP/Media/TP_FirstPersonBP.png': Skipping as it is in an ignored folder 'Media'
[2015.10.28-13.31.58:340][512]LogGameProjectGeneration:Verbose: 'C:/Program Files/Epic Games/4.9/Templates/TP_FirstPersonBP/Media/TP_FirstPersonBP_Preview.png': Skipping as it is in an ignored folder 'Media'
[2015.10.28-13.31.58:986][513]Cmd: CLOSE_SLATE_MAINFRAME
[2015.10.28-13.31.59:290][513]LogWindowsTextInputMethodSystem:Display: IME system now deactivated.
[2015.10.28-13.31.59:290][513]LogWindowsTextInputMethodSystem:Display: IME system now deactivated.
[2015.10.28-13.31.59:691][514]Cmd: QUIT_EDITOR
[2015.10.28-13.32.00:207][514]LogExit: Preparing to exit.
[2015.10.28-13.32.01:374][514]LogExit: Editor shut down
[2015.10.28-13.32.01:375][514]LogExit: Transaction tracking system shut down
[2015.10.28-13.32.01:384][514]LogParticles: Destroying 0 GPU particle simulations for FXSystem 0x000000191ADEC2C0
[2015.10.28-13.32.01:387][514]LogParticles: Destroying 0 GPU particle simulations for FXSystem 0x000000192CDCC9A0
[2015.10.28-13.32.01:388][514]LogParticles: Destroying 0 GPU particle simulations for FXSystem 0x000000192CDCECA0
[2015.10.28-13.32.01:388][514]LogParticles: Destroying 0 GPU particle simulations for FXSystem 0x00000019284FD620
[2015.10.28-13.32.01:885][514]LogParticles: Destroying 0 GPU particle simulations for FXSystem 0x000000192D4744A0
[2015.10.28-13.32.01:886][514]LogExit: Object subsystem successfully closed.
[2015.10.28-13.32.01:956][514]LogD3D11RHI: Shutdown
[2015.10.28-13.32.01:956][514]LogD3D11RHI: CleanupD3DDevice
[2015.10.28-13.32.02:195][514]LogD3D11RHI: ~FD3D11DynamicRHI
[2015.10.28-13.32.02:234][514]LogModuleManager: Shutting down and abandoning module CrashTracker (199)
[2015.10.28-13.32.02:234][514]LogModuleManager: Shutting down and abandoning module SceneOutliner (198)
[2015.10.28-13.32.02:234][514]LogModuleManager: Shutting down and abandoning module SuperSearch (197)
[2015.10.28-13.32.02:234][514]LogModuleManager: Shutting down and abandoning module WidgetCarousel (196)
[2015.10.28-13.32.02:234][514]LogModuleManager: Shutting down and abandoning module AddContentDialog (195)
[2015.10.28-13.32.02:239][514]LogModuleManager: Shutting down and abandoning module EditorWidgets (194)
[2015.10.28-13.32.02:239][514]LogModuleManager: Shutting down and abandoning module CollectionManager (193)
[2015.10.28-13.32.02:239][514]LogModuleManager: Shutting down and abandoning module StatsViewer (192)
[2015.10.28-13.32.02:239][514]LogModuleManager: Shutting down and abandoning module FoliageEdit (191)
[2015.10.28-13.32.02:239][514]LogModuleManager: Shutting down and abandoning module LandscapeEditor (190)
[2015.10.28-13.32.02:239][514]LogModuleManager: Shutting down and abandoning module ActorPickerMode (189)
[2015.10.28-13.32.02:239][514]LogModuleManager: Shutting down and abandoning module GeometryMode (188)
[2015.10.28-13.32.02:239][514]LogModuleManager: Shutting down and abandoning module TextureAlignMode (187)
[2015.10.28-13.32.02:239][514]LogModuleManager: Shutting down and abandoning module BspMode (186)
[2015.10.28-13.32.02:239][514]LogModuleManager: Shutting down and abandoning module PlacementMode (185)
[2015.10.28-13.32.02:239][514]LogModuleManager: Shutting down and abandoning module AutomationWorker (184)
[2015.10.28-13.32.02:239][514]LogModuleManager: Shutting down and abandoning module CharacterAI (183)
[2015.10.28-13.32.02:239][514]LogModuleManager: Shutting down and abandoning module SmartSnapping (182)
[2015.10.28-13.32.02:239][514]LogModuleManager: Shutting down and abandoning module ViewportSnapping (181)
[2015.10.28-13.32.02:239][514]LogModuleManager: Shutting down and abandoning module LogVisualizer (180)
[2015.10.28-13.32.02:240][514]LogModuleManager: Shutting down and abandoning module GameProjectGeneration (179)
[2015.10.28-13.32.02:240][514]LogModuleManager: Shutting down and abandoning module IntroTutorials (178)
[2015.10.28-13.32.02:240][514]LogModuleManager: Shutting down and abandoning module EditorLiveStreaming (177)
[2015.10.28-13.32.02:240][514]LogModuleManager: Shutting down and abandoning module IOSPlatformEditor (176)
[2015.10.28-13.32.02:240][514]LogModuleManager: Shutting down and abandoning module HTML5PlatformEditor (175)
[2015.10.28-13.32.02:240][514]LogModuleManager: Shutting down and abandoning module AndroidDeviceDetection (174)
[2015.10.28-13.32.02:527][514]LogModuleManager: Shutting down and abandoning module AndroidPlatformEditor (173)
[2015.10.28-13.32.02:527][514]LogModuleManager: Shutting down and abandoning module IOSRuntimeSettings (172)
[2015.10.28-13.32.02:527][514]LogModuleManager: Shutting down and abandoning module AndroidRuntimeSettings (171)
[2015.10.28-13.32.02:527][514]LogModuleManager: Shutting down and abandoning module MergeActors (170)
[2015.10.28-13.32.02:527][514]LogModuleManager: Shutting down and abandoning module SizeMap (169)
[2015.10.28-13.32.02:528][514]LogModuleManager: Shutting down and abandoning module TreeMap (168)
[2015.10.28-13.32.02:528][514]LogModuleManager: Shutting down and abandoning module ReferenceViewer (167)
[2015.10.28-13.32.02:528][514]LogModuleManager: Shutting down and abandoning module LocalizationService (166)
[2015.10.28-13.32.02:528][514]LogModuleManager: Shutting down and abandoning module LocalizationDashboard (165)
[2015.10.28-13.32.02:528][514]LogModuleManager: Shutting down and abandoning module HardwareTargeting (164)
[2015.10.28-13.32.02:528][514]LogModuleManager: Shutting down and abandoning module DeviceProfileEditor (163)
[2015.10.28-13.32.02:528][514]LogModuleManager: Shutting down and abandoning module UndoHistory (162)
[2015.10.28-13.32.02:528][514]LogModuleManager: Shutting down and abandoning module GameplayTagsEditor (161)
[2015.10.28-13.32.02:528][514]LogModuleManager: Shutting down and abandoning module UserFeedback (160)
[2015.10.28-13.32.02:528][514]LogModuleManager: Shutting down and abandoning module XmlParser (159)
[2015.10.28-13.32.02:528][514]LogModuleManager: Shutting down and abandoning module Blutility (158)
[2015.10.28-13.32.02:528][514]LogModuleManager: Shutting down and abandoning module ProjectTargetPlatformEditor (157)
[2015.10.28-13.32.02:528][514]LogModuleManager: Shutting down and abandoning module ProjectSettingsViewer (156)
[2015.10.28-13.32.02:528][514]LogModuleManager: Shutting down and abandoning module InputBindingEditor (155)
[2015.10.28-13.32.02:529][514]LogModuleManager: Shutting down and abandoning module EditorSettingsViewer (154)
[2015.10.28-13.32.02:529][514]LogModuleManager: Shutting down and abandoning module SettingsEditor (153)
[2015.10.28-13.32.02:529][514]LogModuleManager: Shutting down and abandoning module ProjectLauncher (152)
[2015.10.28-13.32.02:529][514]LogModuleManager: Shutting down and abandoning module SessionFrontend (151)
[2015.10.28-13.32.02:529][514]LogModuleManager: Shutting down and abandoning module ProfilerClient (150)
[2015.10.28-13.32.02:529][514]LogModuleManager: Shutting down and abandoning module TargetDeviceServices (149)
[2015.10.28-13.32.02:529][514]LogModuleManager: Shutting down and abandoning module DeviceManager (148)
[2015.10.28-13.32.02:529][514]LogModuleManager: Shutting down and abandoning module AutomationController (147)
[2015.10.28-13.32.02:529][514]LogModuleManager: Shutting down and abandoning module AutomationWindow (146)
[2015.10.28-13.32.02:529][514]LogModuleManager: Shutting down and abandoning module Layers (145)
[2015.10.28-13.32.02:529][514]LogModuleManager: Shutting down and abandoning module ComponentVisualizers (144)
[2015.10.28-13.32.02:529][514]LogModuleManager: Shutting down and abandoning module DetailCustomizations (143)
[2015.10.28-13.32.02:530][514]LogModuleManager: Shutting down and abandoning module PackagesDialog (142)
[2015.10.28-13.32.02:530][514]LogModuleManager: Shutting down and abandoning module Persona (141)
[2015.10.28-13.32.02:530][514]LogModuleManager: Shutting down and abandoning module Kismet (140)
[2015.10.28-13.32.02:530][514]LogModuleManager: Shutting down and abandoning module GraphEditor (139)
[2015.10.28-13.32.02:530][514]LogModuleManager: Shutting down and abandoning module ClassViewer (138)
[2015.10.28-13.32.02:530][514]LogModuleManager: Shutting down and abandoning module Toolbox (137)
[2015.10.28-13.32.02:530][514]LogModuleManager: Shutting down and abandoning module ModuleUI (136)
[2015.10.28-13.32.02:530][514]LogModuleManager: Shutting down and abandoning module MovieSceneTools (135)
[2015.10.28-13.32.02:530][514]LogModuleManager: Shutting down and abandoning module OutputLog (134)
[2015.10.28-13.32.02:530][514]LogModuleManager: Shutting down and abandoning module GammaUI (133)
[2015.10.28-13.32.02:530][514]LogModuleManager: Shutting down and abandoning module Documentation (132)
[2015.10.28-13.32.02:530][514]LogModuleManager: Shutting down and abandoning module GameLiveStreaming (131)
[2015.10.28-13.32.02:530][514]LogModuleManager: Shutting down and abandoning module StreamingPauseRendering (130)
[2015.10.28-13.32.02:530][514]LogModuleManager: Shutting down and abandoning module AnalyticsET (129)
[2015.10.28-13.32.02:530][514]LogModuleManager: Shutting down and abandoning module Analytics (128)
[2015.10.28-13.32.02:530][514]LogModuleManager: Shutting down and abandoning module AITestSuite (127)
[2015.10.28-13.32.02:530][514]LogModuleManager: Shutting down and abandoning module GameplayDebugger (126)
[2015.10.28-13.32.02:530][514]LogModuleManager: Shutting down and abandoning module AIModule (125)
[2015.10.28-13.32.02:530][514]LogModuleManager: Shutting down and abandoning module ProfilerService (124)
[2015.10.28-13.32.02:630][514]LogModuleManager: Shutting down and abandoning module TaskGraph (123)
[2015.10.28-13.32.02:630][514]LogModuleManager: Shutting down and abandoning module SubstanceEditor (122)
[2015.10.28-13.32.02:630][514]LogModuleManager: Shutting down and abandoning module SlateRemote (121)
[2015.10.28-13.32.02:630][514]LogModuleManager: Shutting down and abandoning module SteamVRController (120)
[2015.10.28-13.32.02:630][514]LogModuleManager: Shutting down and abandoning module SteamVR (119)
[2015.10.28-13.32.02:630][514]LogModuleManager: Shutting down and abandoning module ProceduralMeshComponent (118)
[2015.10.28-13.32.02:630][514]LogModuleManager: Shutting down and abandoning module OculusRift (117)
[2015.10.28-13.32.02:630][514]LogModuleManager: Shutting down and abandoning module OculusLibrary (116)
[2015.10.28-13.32.02:630][514]LogModuleManager: Shutting down and abandoning module LeapMotionController (115)
[2015.10.28-13.32.02:709][514]LogModuleManager: Shutting down and abandoning module CustomMeshComponent (114)
[2015.10.28-13.32.02:709][514]LogModuleManager: Shutting down and abandoning module CableComponent (113)
[2015.10.28-13.32.02:709][514]LogModuleManager: Shutting down and abandoning module ArchVisCharacter (112)
[2015.10.28-13.32.02:709][514]LogModuleManager: Shutting down and abandoning module MessagingDebugger (111)
[2015.10.28-13.32.02:710][514]LogModuleManager: Shutting down and abandoning module MediaPlayerEditor (110)
[2015.10.28-13.32.02:710][514]LogModuleManager: Shutting down and abandoning module HTML5Networking (109)
[2015.10.28-13.32.02:710][514]LogModuleManager: Shutting down and abandoning module SpeedTreeImporter (108)
[2015.10.28-13.32.02:710][514]LogModuleManager: Shutting down and abandoning module PluginBrowser (107)
[2015.10.28-13.32.02:710][514]LogModuleManager: Shutting down and abandoning module EpicSurvey (106)
[2015.10.28-13.32.02:710][514]LogModuleManager: Shutting down and abandoning module DesktopPlatform (105)
[2015.10.28-13.32.02:710][514]LogModuleManager: Shutting down and abandoning module VisualStudioSourceCodeAccess (104)
[2015.10.28-13.32.02:710][514]LogModuleManager: Shutting down and abandoning module UObjectPlugin (103)
[2015.10.28-13.32.02:710][514]LogModuleManager: Shutting down and abandoning module SubversionSourceControl (102)
[2015.10.28-13.32.02:710][514]LogModuleManager: Shutting down and abandoning module PerforceSourceControl (101)
[2015.10.28-13.32.02:710][514]LogModuleManager: Shutting down and abandoning module SourceControl (100)
[2015.10.28-13.32.02:710][514]LogModuleManager: Shutting down and abandoning module GitSourceControl (99)
[2015.10.28-13.32.02:710][514]LogModuleManager: Shutting down and abandoning module LightPropagationVolumeEditor (98)
[2015.10.28-13.32.02:710][514]LogModuleManager: Shutting down and abandoning module PaperTiledImporter (97)
[2015.10.28-13.32.02:710][514]LogModuleManager: Shutting down and abandoning module PaperSpriteSheetImporter (96)
[2015.10.28-13.32.02:710][514]LogModuleManager: Shutting down and abandoning module MeshPaint (95)
[2015.10.28-13.32.02:710][514]LogModuleManager: Shutting down and abandoning module SlateReflector (94)
[2015.10.28-13.32.02:710][514]LogModuleManager: Shutting down and abandoning module HotReload (93)
[2015.10.28-13.32.02:710][514]LogModuleManager: Shutting down and abandoning module MainFrame (92)
[2015.10.28-13.32.02:710][514]LogModuleManager: Shutting down and abandoning module LevelEditor (91)
[2015.10.28-13.32.02:712][514]LogModuleManager: Shutting down and abandoning module ContentBrowser (90)
[2015.10.28-13.32.02:713][514]LogModuleManager: Shutting down and abandoning module Paper2DEditor (89)
[2015.10.28-13.32.02:713][514]LogModuleManager: Shutting down and abandoning module UdpMessaging (88)
[2015.10.28-13.32.02:814][514]LogModuleManager: Shutting down and abandoning module DirectoryWatcher (87)
[2015.10.28-13.32.02:815][514]LogModuleManager: Shutting down and abandoning module AssetRegistry (86)
[2015.10.28-13.32.02:996][514]LogModuleManager: Shutting down and abandoning module SubstanceCore (85)
[2015.10.28-13.32.02:996][514]LogModuleManager: Shutting down and abandoning module LightPropagationVolumeRuntime (84)
[2015.10.28-13.32.02:996][514]LogModuleManager: Shutting down and abandoning module Paper2D (83)
[2015.10.28-13.32.02:996][514]LogModuleManager: Shutting down and abandoning module WindowsMoviePlayer (82)
[2015.10.28-13.32.03:004][514]LogModuleManager: Shutting down and abandoning module Media (81)
[2015.10.28-13.32.03:004][514]LogModuleManager: Shutting down and abandoning module WmfMedia (80)
[2015.10.28-13.32.03:004][514]LogModuleManager: Shutting down and abandoning module OnlineBlueprintSupport (79)
[2015.10.28-13.32.03:004][514]LogModuleManager: Shutting down and abandoning module GameplayTasksEditor (78)
[2015.10.28-13.32.03:004][514]LogModuleManager: Shutting down and abandoning module PropertyEditor (77)
[2015.10.28-13.32.03:004][514]LogModuleManager: Shutting down and abandoning module BehaviorTreeEditor (76)
[2015.10.28-13.32.03:004][514]LogModuleManager: Shutting down and abandoning module FunctionalTesting (75)
[2015.10.28-13.32.03:004][514]LogModuleManager: Shutting down and abandoning module CollisionAnalyzer (74)
[2015.10.28-13.32.03:004][514]LogModuleManager: Shutting down and abandoning module WorkspaceMenuStructure (73)
[2015.10.28-13.32.03:004][514]LogModuleManager: Shutting down and abandoning module MessageLog (72)
[2015.10.28-13.32.03:004][514]LogModuleManager: Shutting down and abandoning module Sequencer (71)
[2015.10.28-13.32.03:004][514]LogModuleManager: Shutting down and abandoning module AssetTools (70)
[2015.10.28-13.32.03:004][514]LogModuleManager: Shutting down and abandoning module UMGEditor (69)
[2015.10.28-13.32.03:004][514]LogModuleManager: Shutting down and abandoning module UMG (68)
[2015.10.28-13.32.03:004][514]LogModuleManager: Shutting down and abandoning module Slate (67)
[2015.10.28-13.32.03:004][514]LogModuleManager: Shutting down and abandoning module EditorStyle (66)
[2015.10.28-13.32.03:009][514]LogModuleManager: Shutting down and abandoning module SessionServices (65)
[2015.10.28-13.32.03:009][514]LogModuleManager: Shutting down and abandoning module SourceCodeAccess (64)
[2015.10.28-13.32.03:009][514]LogModuleManager: Shutting down and abandoning module HeadMountedDisplay (63)
[2015.10.28-13.32.03:009][514]LogModuleManager: Shutting down and abandoning module XAudio2 (62)
[2015.10.28-13.32.03:009][514]LogModuleManager: Shutting down and abandoning module Networking (60)
[2015.10.28-13.32.03:009][514]LogModuleManager: Shutting down and abandoning module Core (59)
[2015.10.28-13.32.03:009][514]LogModuleManager: Shutting down and abandoning module KismetCompiler (58)
[2015.10.28-13.32.03:009][514]LogModuleManager: Shutting down and abandoning module PhysXFormats (57)
[2015.10.28-13.32.03:009][514]LogModuleManager: Shutting down and abandoning module MeshUtilities (56)
[2015.10.28-13.32.03:009][514]LogModuleManager: Shutting down and abandoning module CookingStats (55)
[2015.10.28-13.32.03:028][514]LogModuleManager: Shutting down and abandoning module DerivedDataCache (54)
[2015.10.28-13.32.03:409][514]LogDerivedDataCache: Shutdown
[2015.10.28-13.32.03:409][514]LogModuleManager: Shutting down and abandoning module ShaderFormatOpenGL (53)
[2015.10.28-13.32.03:409][514]LogModuleManager: Shutting down and abandoning module ShaderFormatD3D (52)
[2015.10.28-13.32.03:409][514]LogModuleManager: Shutting down and abandoning module MetalShaderFormat (51)
[2015.10.28-13.32.03:409][514]LogModuleManager: Shutting down and abandoning module TextureFormatUncompressed (50)
[2015.10.28-13.32.03:409][514]LogModuleManager: Shutting down and abandoning module TextureFormatPVR (49)
[2015.10.28-13.32.03:409][514]LogModuleManager: Shutting down and abandoning module TextureFormatIntelISPCTexComp (48)
[2015.10.28-13.32.03:409][514]LogModuleManager: Shutting down and abandoning module TextureFormatDXT (47)
[2015.10.28-13.32.03:409][514]LogModuleManager: Shutting down and abandoning module ImageWrapper (46)
[2015.10.28-13.32.03:409][514]LogModuleManager: Shutting down and abandoning module TextureFormatASTC (45)
[2015.10.28-13.32.03:409][514]LogModuleManager: Shutting down and abandoning module TextureFormatAndroid (44)
[2015.10.28-13.32.03:409][514]LogModuleManager: Shutting down and abandoning module AudioFormatOpus (43)
[2015.10.28-13.32.03:410][514]LogModuleManager: Shutting down and abandoning module AudioFormatOgg (42)
[2015.10.28-13.32.03:410][514]LogModuleManager: Shutting down and abandoning module AudioFormatADPCM (41)
[2015.10.28-13.32.03:410][514]LogModuleManager: Shutting down and abandoning module LinuxTargetPlatform (40)
[2015.10.28-13.32.03:410][514]LogModuleManager: Shutting down and abandoning module LinuxServerTargetPlatform (39)
[2015.10.28-13.32.03:410][514]LogModuleManager: Shutting down and abandoning module LinuxNoEditorTargetPlatform (38)
[2015.10.28-13.32.03:410][514]LogModuleManager: Shutting down and abandoning module Messaging (37)
[2015.10.28-13.32.03:410][514]LogModuleManager: Shutting down and abandoning module IOSTargetPlatform (36)
[2015.10.28-13.32.03:410][514]LogModuleManager: Shutting down and abandoning module HTML5TargetPlatform (35)
[2015.10.28-13.32.03:410][514]LogModuleManager: Shutting down and abandoning module Android_PVRTCTargetPlatform (34)
[2015.10.28-13.32.03:410][514]LogModuleManager: Shutting down and abandoning module Android_ETC2TargetPlatform (33)
[2015.10.28-13.32.03:410][514]LogModuleManager: Shutting down and abandoning module Android_ETC1TargetPlatform (32)
[2015.10.28-13.32.03:410][514]LogModuleManager: Shutting down and abandoning module Android_DXTTargetPlatform (31)
[2015.10.28-13.32.03:410][514]LogModuleManager: Shutting down and abandoning module Android_ATCTargetPlatform (30)
[2015.10.28-13.32.03:410][514]LogModuleManager: Shutting down and abandoning module Android_ASTCTargetPlatform (29)
[2015.10.28-13.32.03:410][514]LogModuleManager: Shutting down and abandoning module AndroidTargetPlatform (28)
[2015.10.28-13.32.03:410][514]LogModuleManager: Shutting down and abandoning module WindowsTargetPlatform (27)
[2015.10.28-13.32.03:410][514]LogModuleManager: Shutting down and abandoning module WindowsServerTargetPlatform (26)
[2015.10.28-13.32.03:410][514]LogModuleManager: Shutting down and abandoning module WindowsNoEditorTargetPlatform (25)
[2015.10.28-13.32.03:410][514]LogModuleManager: Shutting down and abandoning module WindowsClientTargetPlatform (24)
[2015.10.28-13.32.03:410][514]LogModuleManager: Shutting down and abandoning module AllDesktopTargetPlatform (23)
[2015.10.28-13.32.03:410][514]LogModuleManager: Shutting down and abandoning module TargetPlatform (22)
[2015.10.28-13.32.03:410][514]LogModuleManager: Shutting down and abandoning module InputCore (21)
[2015.10.28-13.32.03:410][514]LogModuleManager: Shutting down and abandoning module Settings (20)
[2015.10.28-13.32.03:410][514]LogModuleManager: Shutting down and abandoning module OnlineSubsystem (18)
[2015.10.28-13.32.03:410][514]LogModuleManager: Shutting down and abandoning module HTTP (17)
[2015.10.28-13.32.04:411][514]LogModuleManager: Shutting down and abandoning module XMPP (16)
[2015.10.28-13.32.04:411][514]LogModuleManager: Shutting down and abandoning module ExampleDeviceProfileSelector (15)
[2015.10.28-13.32.04:411][514]LogModuleManager: Shutting down and abandoning module TextureCompressor (14)
[2015.10.28-13.32.04:412][514]LogModuleManager: Shutting down and abandoning module ShaderCore (13)
[2015.10.28-13.32.04:412][514]LogModuleManager: Shutting down and abandoning module Landscape (12)
[2015.10.28-13.32.04:412][514]LogModuleManager: Shutting down and abandoning module SlateRHIRenderer (11)
[2015.10.28-13.32.04:413][514]LogModuleManager: Shutting down and abandoning module OpenGLDrv (10)
[2015.10.28-13.32.04:413][514]LogModuleManager: Shutting down and abandoning module D3D11RHI (9)
[2015.10.28-13.32.04:413][514]LogModuleManager: Shutting down and abandoning module AnimGraphRuntime (8)
[2015.10.28-13.32.04:413][514]LogModuleManager: Shutting down and abandoning module Renderer (7)
[2015.10.28-13.32.04:413][514]LogModuleManager: Shutting down and abandoning module Engine (6)
[2015.10.28-13.32.04:413][514]LogModuleManager: Shutting down and abandoning module CoreUObject (5)
[2015.10.28-13.32.04:413][514]LogModuleManager: Shutting down and abandoning module NetworkFile (4)
[2015.10.28-13.32.04:414][514]LogModuleManager: Shutting down and abandoning module StreamingFile (3)
[2015.10.28-13.32.04:414][514]LogModuleManager: Shutting down and abandoning module SandboxFile (2)
[2015.10.28-13.32.04:414][514]LogModuleManager: Shutting down and abandoning module PakFile (1)
[2015.10.28-13.32.04:414][514]LogExit: Exiting.
[2015.10.28-13.32.04:418][514]Log file closed, 10/28/15 06:32:04
