[2015.10.27-20.01.19:603][  0]Log file open, 10/27/15 13:01:19
[2015.10.27-20.01.19:603][  0]LogInit:Display: Running engine for game: Capaldi_Tardis
[2015.10.27-20.01.19:603][  0]LogInit:Display: RandInit(918869258) SRandInit(918869259).
[2015.10.27-20.01.19:603][  0]LogTaskGraph: Started task graph with 4 named threads and 7 total threads.
[2015.10.27-20.01.19:603][  0]LogStats: Stats thread started at 0.166195
[2015.10.27-20.01.19:603][  0]LogInit: Version: 4.9.2-2707645+++depot+UE4-Releases+4.9
[2015.10.27-20.01.19:603][  0]LogInit: API Version: 2672455
[2015.10.27-20.01.19:603][  0]LogInit: Compiled (64-bit): Sep 28 2015 10:25:44
[2015.10.27-20.01.19:603][  0]LogInit: Compiled with Visual C++: 18.00.21005.01
[2015.10.27-20.01.19:603][  0]LogInit: Build Configuration: Development
[2015.10.27-20.01.19:603][  0]LogInit: Branch Name: ++depot+UE4-Releases+4.9
[2015.10.27-20.01.19:603][  0]LogInit: Command line:  
[2015.10.27-20.01.19:603][  0]LogInit: Base directory: I:/Epic Games/4.9/Engine/Binaries/Win64/
[2015.10.27-20.01.19:603][  0]LogInit: Rocket: 1
[2015.10.27-20.01.19:660][  0]LogInit: Using libcurl 7.41.0
[2015.10.27-20.01.19:660][  0]LogInit:  - built for x86_64-pc-win32
[2015.10.27-20.01.19:660][  0]LogInit:  - supports SSL with WinSSL
[2015.10.27-20.01.19:660][  0]LogInit:  - other features:
[2015.10.27-20.01.19:660][  0]LogInit:      CURL_VERSION_SSL
[2015.10.27-20.01.19:660][  0]LogInit:      CURL_VERSION_IPV6
[2015.10.27-20.01.19:660][  0]LogInit:      CURL_VERSION_ASYNCHDNS
[2015.10.27-20.01.19:660][  0]LogInit:      CURL_VERSION_LARGEFILE
[2015.10.27-20.01.19:660][  0]LogInit:      CURL_VERSION_IDN
[2015.10.27-20.01.19:660][  0]LogInit:  CurlRequestOptions (configurable via config and command line):
[2015.10.27-20.01.19:660][  0]LogInit:  - bVerifyPeer = true  - Libcurl will verify peer certificate
[2015.10.27-20.01.19:660][  0]LogInit:  - bUseHttpProxy = false  - Libcurl will NOT use HTTP proxy
[2015.10.27-20.01.19:660][  0]LogInit:  - bDontReuseConnections = false  - Libcurl will reuse connections
[2015.10.27-20.01.19:661][  0]LogInit:  - CertBundlePath = nullptr  - Libcurl will use whatever was configured at build time.
[2015.10.27-20.01.19:744][  0]LogInit: Presizing for 0 objects not considered by GC, pre-allocating 0 bytes.
[2015.10.27-20.01.19:756][  0]LogInit: Object subsystem initialized
[2015.10.27-20.01.19:758][  0]LogInit: Selected Device Profile: [Windows]
[2015.10.27-20.01.19:758][  0]LogInit: Applying CVar settings loaded from the selected device profile: [Windows]
[2015.10.27-20.01.19:792][  0]LogInit: Computer: COREYSPRECIOUS
[2015.10.27-20.01.19:792][  0]LogInit: User: Corey
[2015.10.27-20.01.19:792][  0]LogInit: CPU Page size=4096, Cores=4
[2015.10.27-20.01.19:792][  0]LogInit: High frequency timer resolution =3.418198 MHz
[2015.10.27-20.01.19:792][  0]LogMemory: Memory total: Physical=32.0GB (32GB approx)
[2015.10.27-20.01.19:792][  0]LogMemory: Platform Memory Stats for Windows
[2015.10.27-20.01.19:792][  0]LogMemory: Process Physical Memory: 54.57 MB used, 54.57 MB peak
[2015.10.27-20.01.19:792][  0]LogMemory: Process Virtual Memory: 55.34 MB used, 55.34 MB peak
[2015.10.27-20.01.19:792][  0]LogMemory: Physical Memory: 11361.75 MB used, 32724.31 MB total
[2015.10.27-20.01.19:792][  0]LogMemory: Virtual Memory: 364.37 MB used, 134217728.00 MB total
[2015.10.27-20.01.20:288][  0]LogTextLocalizationManager: No specific translations for ('en-US') exist, so ('en') translations will be used.
[2015.10.27-20.01.21:323][  0]LogD3D11RHI: Found D3D11 adapter 0: NVIDIA GeForce GTX TITAN X (Feature Level 11_0)
[2015.10.27-20.01.21:323][  0]LogD3D11RHI: Adapter has 12176MB of dedicated video memory, 0MB of dedicated system memory, and 16362MB of shared system memory, 2 output[s]
[2015.10.27-20.01.21:325][  0]LogD3D11RHI: Found D3D11 adapter 1: Microsoft Basic Render Driver (Feature Level 11_0)
[2015.10.27-20.01.21:325][  0]LogD3D11RHI: Adapter has 0MB of dedicated video memory, 0MB of dedicated system memory, and 16362MB of shared system memory, 0 output[s]
[2015.10.27-20.01.21:325][  0]LogD3D11RHI: Chosen D3D11 Adapter Id = 0
[2015.10.27-20.01.21:351][  0]LogD3D11RHI: !Direct3DDevice
[2015.10.27-20.01.21:351][  0]LogRHI: Texture pool is 1361 MB (70% of 1945 MB)
[2015.10.27-20.01.21:379][  0]LogD3D11RHI: Async texture creation enabled
[2015.10.27-20.01.21:397][  0]LogShaderCompilers: Guid format shader working directory is 14 characters bigger than the processId version (../../../../../Unreal Projects/Capaldi-Tardis/Intermediate/Shaders/WorkingDirectory/99160/).
[2015.10.27-20.01.21:397][  0]LogShaderCompilers: Cleaned the shader compiler working directory '../../../../../Unreal Projects/Capaldi-Tardis/Intermediate/Shaders/tmp/2D3C57F54A5E98A9EF7D1DAD6AC506AA/'.
[2015.10.27-20.01.21:398][  0]LogShaderCompilers:Display: Using Local Shader Compiler.
[2015.10.27-20.01.23:678][  0]LogTemp:Display: Loaded TP AllDesktopTargetPlatform
[2015.10.27-20.01.23:686][  0]LogTemp:Display: Loaded TP WindowsClientTargetPlatform
[2015.10.27-20.01.23:695][  0]LogTemp:Display: Loaded TP WindowsNoEditorTargetPlatform
[2015.10.27-20.01.23:703][  0]LogTemp:Display: Loaded TP WindowsServerTargetPlatform
[2015.10.27-20.01.23:713][  0]LogTemp:Display: Loaded TP WindowsTargetPlatform
[2015.10.27-20.01.23:721][  0]LogTemp:Display: Loaded TP AndroidTargetPlatform
[2015.10.27-20.01.23:727][  0]LogTemp:Display: Loaded TP Android_ASTCTargetPlatform
[2015.10.27-20.01.23:733][  0]LogTemp:Display: Loaded TP Android_ATCTargetPlatform
[2015.10.27-20.01.23:737][  0]LogTemp:Display: Loaded TP Android_DXTTargetPlatform
[2015.10.27-20.01.23:743][  0]LogTemp:Display: Loaded TP Android_ETC1TargetPlatform
[2015.10.27-20.01.23:747][  0]LogTemp:Display: Loaded TP Android_ETC2TargetPlatform
[2015.10.27-20.01.23:752][  0]LogTemp:Display: Loaded TP Android_PVRTCTargetPlatform
[2015.10.27-20.01.23:753][  0]LogTemp:Display: Loaded TP HTML5TargetPlatform
[2015.10.27-20.01.23:859][  0]LogTemp:Display: Loaded TP IOSTargetPlatform
[2015.10.27-20.01.23:865][  0]LogTemp:Display: Loaded TP LinuxNoEditorTargetPlatform
[2015.10.27-20.01.23:871][  0]LogTemp:Display: Loaded TP LinuxServerTargetPlatform
[2015.10.27-20.01.23:880][  0]LogTemp:Display: Loaded TP LinuxTargetPlatform
[2015.10.27-20.01.23:880][  0]LogTargetPlatformManager:Display: Building Assets For Windows
[2015.10.27-20.01.24:769][  0]LogDerivedDataCache:Display: Max Cache Size: 512 MB
[2015.10.27-20.01.24:880][  0]LogDerivedDataCache: Loaded boot cache 0.11s 41MB C:/Users/Corey/AppData/Local/UnrealEngine/4.9/DerivedDataCache/Boot.ddc.
[2015.10.27-20.01.24:880][  0]LogDerivedDataCache:Display: Loaded Boot cache: C:/Users/Corey/AppData/Local/UnrealEngine/4.9/DerivedDataCache/Boot.ddc
[2015.10.27-20.01.24:880][  0]LogDerivedDataCache: FDerivedDataBackendGraph:  Pak pak cache file ../../../../../Unreal Projects/Capaldi-Tardis/DerivedDataCache/DDC.ddp not found, will not use a pak cache.
[2015.10.27-20.01.24:881][  0]LogDerivedDataCache: Unable to find inner node Pak for hierarchical cache Hierarchy.
[2015.10.27-20.01.24:881][  0]LogDerivedDataCache: FDerivedDataBackendGraph:  CompressedPak pak cache file ../../../../../Unreal Projects/Capaldi-Tardis/DerivedDataCache/Compressed.ddp not found, will not use a pak cache.
[2015.10.27-20.01.24:881][  0]LogDerivedDataCache: Unable to find inner node CompressedPak for hierarchical cache Hierarchy.
[2015.10.27-20.01.25:093][  0]LogDerivedDataCache:Display: Pak cache opened for reading ../../../Engine/DerivedDataCache/Compressed.ddp.
[2015.10.27-20.01.25:106][  0]LogDerivedDataCache: Using Local data cache path C:/Users/Corey/AppData/Local/UnrealEngine/Common/DerivedDataCache: Writable
[2015.10.27-20.01.33:595][  0]LogInit: Selected Device Profile: [Windows]
[2015.10.27-20.01.33:599][  0]LogContentStreaming: Texture pool size is 0.000000MB
[2015.10.27-20.01.33:776][  0]LogMeshUtilities: No automatic mesh reduction module available
[2015.10.27-20.01.33:776][  0]LogMeshUtilities: No automatic mesh merging module available
[2015.10.27-20.01.34:201][  0]LogInit: WinSock: version 1.1 (2.2), MaxSocks=32767, MaxUdp=65467
[2015.10.27-20.01.36:521][  0]LogAssetRegistry: FAssetRegistry took 0.0108 seconds to start up
[2015.10.27-20.01.36:542][  0]UdpMessaging: Initializing bridge on interface 0.0.0.0:0 to multicast group 230.0.0.1:6666.
[2015.10.27-20.01.36:914][  0]SourceControl: Info Source control is disabled
[2015.10.27-20.01.37:429][  0]LogLinker:Warning: Asset '../../../Engine/Plugins/Runtime/LeapMotionController/Content/LM_PassthroughMaterial.uasset' has been saved with empty engine version. The asset will be loaded but may be incompatible.
[2015.10.27-20.01.37:742][  0]LogObj: 28528 objects as part of root set at end of initial load.
[2015.10.27-20.01.37:742][  0]LogUObjectAllocator: 6068456 out of 0 bytes used by permanent object pool.
[2015.10.27-20.01.37:829][  0]LogEngine: Initializing Engine...
[2015.10.27-20.01.37:832][  0]LogHMD: Can't find Oculus library dev build: is proper Runtime installed? Version: 0.7.0.0
[2015.10.27-20.01.37:889][  0]LogHMD: SteamVR failed to initialize.  Err: 110
[2015.10.27-20.01.38:099][  0]LogAIModule: Creating AISystem for world NewWorld
[2015.10.27-20.01.38:128][  0]LogInit: XAudio2 using 'Speakers (Logitech G930 Headset)' : 2 channels at 44.1 kHz using 16 bits per sample (channel mask 0x3)
[2015.10.27-20.01.38:141][  0]LogInit: FAudioDevice initialized.
[2015.10.27-20.01.38:195][  0]LogDerivedDataCache: Saved boot cache 0.05s 41MB C:/Users/Corey/AppData/Local/UnrealEngine/4.9/DerivedDataCache/Boot.ddc.
[2015.10.27-20.01.38:212][  0]LogInit: Texture streaming: Enabled
[2015.10.27-20.01.38:220][  0]LogAnalytics: Creating configured Analytics provider AnalyticsET
[2015.10.27-20.01.38:220][  0]LogAnalytics: [UEEditor.Rocket.Release] APIServer = http://et2.epicgames.com/ET2/. AppVersion = 4.9.2-2707645+++depot+UE4-Releases+4.9
[2015.10.27-20.01.38:220][  0]LogAnalytics: [UEEditor.Rocket.Release] SetUserId 5c23449345eaff9b32885493c09453d1|b88b930091cb4a178825078811402870|daab068d-4a04-4064-b248-ec323833554c
[2015.10.27-20.01.38:220][  0]LogAnalytics: [UEEditor.Rocket.Release] AnalyticsET::StartSession
[2015.10.27-20.01.38:299][  0]LogWindowsTextInputMethodSystem:Display: IME system now deactivated.
[2015.10.27-20.01.38:299][  0]LogWindowsTextInputMethodSystem:Display: IME system now deactivated.
[2015.10.27-20.01.38:329][  0]LogInit: Transaction tracking system initialized
[2015.10.27-20.01.38:377][  0]BlueprintLog: New page: Editor Load
[2015.10.27-20.01.38:529][  0]LocalizationService: Info Localization service is disabled
[2015.10.27-20.01.38:644][  0]LogConsoleResponse:Display: 
[2015.10.27-20.01.38:859][  0]LogCook:Display: Done creating registry. It took  0.00s.
[2015.10.27-20.01.39:213][  0]LogFileCache: Scanning file cache for directory 'I:/Unreal Projects/Capaldi-Tardis/Content/' took 0.04s
[2015.10.27-20.01.49:605][  0]LogWindowsTextInputMethodSystem:Display: IME system now deactivated.
[2015.10.27-20.01.49:605][  0]LogWindowsTextInputMethodSystem:Display: IME system now deactivated.
[2015.10.27-20.02.00:120][  0]LogWindowsTextInputMethodSystem:Display: IME system now deactivated.
[2015.10.27-20.02.00:121][  0]LogWindowsTextInputMethodSystem:Display: IME system now deactivated.
[2015.10.27-20.02.00:124][  0]Cmd: MAP LOAD FILE="../../../../../Unreal Projects/Capaldi-Tardis/Content/FirstPersonBP/Maps/FirstPersonExampleMap.umap" TEMPLATE=0 SHOWPROGRESS=1 FEATURELEVEL=3
[2015.10.27-20.02.00:125][  0]LightingResults: New page: Lighting Build
[2015.10.27-20.02.00:133][  0]MapCheck: New page: Map Check
[2015.10.27-20.02.00:133][  0]LightingResults: New page: Lighting Build
[2015.10.27-20.02.00:168][  0]LogParticles: Destroying 0 GPU particle simulations for FXSystem 0x000000DDBE6D36A0
[2015.10.27-20.02.53:494][  0]LogAIModule: Creating AISystem for world FirstPersonExampleMap
[2015.10.27-20.02.53:632][  0]LogEditorServer: Finished looking for orphan Actors (0.000 secs)
[2015.10.27-20.02.53:636][  0]Cmd: MAP CHECKDEP NOCLEARLOG
[2015.10.27-20.02.54:244][  0]MapCheck: Info Map check complete: 0 Error(s), 0 Warning(s), took 607.844ms to complete.
[2015.10.27-20.02.54:247][  0]LogFileHelpers: Loading map 'FirstPersonExampleMap' took 54.123
[2015.10.27-20.02.54:609][  0]LogCollectionManager: Loaded 0 collections in 0.004432 seconds
[2015.10.27-20.02.54:670][  0]LogFileCache: Scanning file cache for directory 'I:/Unreal Projects/Capaldi-Tardis/Saved/Collections/' took 0.01s
[2015.10.27-20.02.54:670][  0]LogFileCache: Scanning file cache for directory 'I:/Unreal Projects/Capaldi-Tardis/Content/Developers/Corey/Collections/' took 0.01s
[2015.10.27-20.02.54:670][  0]LogFileCache: Scanning file cache for directory 'I:/Unreal Projects/Capaldi-Tardis/Content/Collections/' took 0.01s
[2015.10.27-20.02.54:670][  0]LogContentBrowser: Native class hierarchy populated in 0.0233 seconds. Added 1882 classes and 339 folders.
[2015.10.27-20.02.54:697][  0]LogCollectionManager: Rebuilt the GUID cache for 0 collections in 0.000004 seconds
[2015.10.27-20.02.54:707][  0]LogContentBrowser: Native class hierarchy updated for 'WidgetCarousel' in 0.0005 seconds. Added 0 classes and 0 folders.
[2015.10.27-20.02.55:038][  0]LogContentBrowser: Native class hierarchy updated for 'AddContentDialog' in 0.0009 seconds. Added 0 classes and 0 folders.
[2015.10.27-20.02.55:049][  0]LogContentBrowser: Native class hierarchy updated for 'SceneOutliner' in 0.0012 seconds. Added 1 classes and 2 folders.
[2015.10.27-20.02.55:077][  0]LogCrashTracker: Crashtracker disabled due to settings.
[2015.10.27-20.02.55:175][  0]LogStats:Warning: MetaData mismatch. Did you assign a stat to two groups? New //STATGROUP_Threads//SplashScreenThread///Thread_13acc_0///####STATCAT_Advanced#### old //STATGROUP_Threads//SplashScreenThread///Thread_429c_0///####STATCAT_Advanced####
[2015.10.27-20.02.55:175][  0]LogLoad: Full Startup: 97.11 seconds (BP compile: 0.20 seconds)
[2015.10.27-20.02.55:350][  0]SourceControl: Info On branch master
[2015.10.27-20.02.55:350][  0]SourceControl: Info Your branch is up-to-date with 'origin/master'.
[2015.10.27-20.02.55:350][  0]SourceControl: Info Untracked files:
[2015.10.27-20.02.55:350][  0]SourceControl: Info   (use "git add <file>..." to include in what will be committed)
[2015.10.27-20.02.55:350][  0]SourceControl: Info 	Capaldi_Tardis.uproject
[2015.10.27-20.02.55:350][  0]SourceControl: Info 	Config/
[2015.10.27-20.02.55:350][  0]SourceControl: Info 	Content/
[2015.10.27-20.02.55:350][  0]SourceControl: Info 	Intermediate/
[2015.10.27-20.02.55:350][  0]SourceControl: Info 	Saved/
[2015.10.27-20.02.55:350][  0]SourceControl: Info nothing added to commit but untracked files present (use "git add" to track)
[2015.10.27-20.02.55:351][  0]LogContentStreaming: Texture pool size now 1000 MB
[2015.10.27-20.02.55:674][  0]LogRenderer: Reallocating scene render targets to support 1312x552 (Frame:2).
[2015.10.27-20.02.57:325][ 12]LogAssetRegistry: Asset discovery search completed in 80.8136 seconds
[2015.10.27-20.02.57:325][ 12]LogCollectionManager: Rebuilt the object cache for 0 collections in 0.000001 seconds (found 0 objects)
[2015.10.27-20.02.57:325][ 12]LogCollectionManager: Fixed up redirectors for 0 collections in 0.000052 seconds (updated 0 objects)
[2015.10.27-20.11.44:889][501]LogAnimation:Warning: SkeletalMesh TARDIS_Control_Room_S8_TubePistons has no skeleton. This needs to fixed before an animation can be set
[2015.10.27-20.11.45:661][514]LogAnimation:Warning: SkeletalMesh TARDIS_Control_Room_S8_TubePistons has no skeleton. This needs to fixed before an animation can be set
[2015.10.27-20.11.48:768][538]LogFactory: FactoryCreateBinary: StaticMesh with FbxFactory (0 0 C:\Users\Corey\AppData\Roaming\Skype\My Skype Received Files\Roundels.fbx)
[2015.10.27-20.11.48:791][538]LogFbx: ItemName: GlobalSettings, ItemCount : 1
[2015.10.27-20.11.48:791][538]LogFbx: ItemName: Geometry, ItemCount : 1
[2015.10.27-20.11.48:791][538]LogFbx: ItemName: Model, ItemCount : 1
[2015.10.27-20.11.48:791][538]LogFbx: ItemName: Material, ItemCount : 2
[2015.10.27-20.11.48:800][538]LogFbx: Loading FBX Scene from C:\Users\Corey\AppData\Roaming\Skype\My Skype Received Files\Roundels.fbx
[2015.10.27-20.11.48:838][538]LogFbx: FBX Scene Loaded Succesfully
[2015.10.27-20.11.52:943][538]LogFbx: Loading FBX Scene from C:\Users\Corey\AppData\Roaming\Skype\My Skype Received Files\Roundels.fbx
[2015.10.27-20.11.52:977][538]LogFbx: FBX Scene Loaded Succesfully
[2015.10.27-20.11.53:051][538]LogStaticMesh: Building static mesh Roundels...
[2015.10.27-20.11.54:026][538]LogStaticMesh: Built static mesh [0.975929.2s] /Game/Tardis/Models/Roundels.Roundels
[2015.10.27-20.11.54:123][538]FBXImport:Warning: Warning Warning: No smoothing group information was found in this FBX scene.  Please make sure to enable the 'Export Smoothing Groups' option in the FBX Exporter plug-in before exporting the file.  Even for tools that don't support smoothing groups, the FBX Exporter will generate appropriate smoothing data at export-time so that correct vertex normals can be inferred while importing. 
[2015.10.27-20.12.09:709][943]LogActorFactory: Actor Factory created Roundels
[2015.10.27-20.12.12:098][994]LogActorFactory: Actor Factory created Roundels
[2015.10.27-20.12.57:084][464]LogEditorViewport: Clicking on Actor (LMB): StaticMeshActor (TARDIS_Control_Room_S8_TrimWallsLowerLvl)
[2015.10.27-20.13.04:158][629]LogEditorViewport: Clicking on Actor (LMB): StaticMeshActor (Floor)
[2015.10.27-20.13.04:843][645]LogEditorViewport: Clicking on Actor (LMB): StaticMeshActor (Roundels)
[2015.10.27-20.13.14:281][884]LogEditorViewport: Clicking on Actor (LMB): StaticMeshActor (TARDIS_Control_Room_S8_TrimWallsLowerLvl)
[2015.10.27-20.13.18:597][999]LogEditorViewport: Clicking on Actor (LMB): StaticMeshActor (Floor)
[2015.10.27-20.13.20:287][ 46]LogEditorViewport: Clicking on Actor (LMB): StaticMeshActor (Floor)
[2015.10.27-20.13.20:871][ 63]LogEditorViewport: Clicking on Actor (LMB): StaticMeshActor (Floor)
[2015.10.27-20.13.22:003][ 94]LogEditorViewport: Clicking on Actor (LMB): StaticMeshActor (Floor)
[2015.10.27-20.13.22:380][102]LogEditorViewport: Clicking on Component (LMB): StaticMeshComponent (StaticMeshComponent0)
[2015.10.27-20.13.22:730][111]LogEditorViewport: Clicking on Component (LMB): StaticMeshComponent (StaticMeshComponent0)
[2015.10.27-20.13.23:146][121]LogEditorViewport: Clicking on Actor (double click): StaticMeshActor (Roundels)
[2015.10.27-20.13.43:266][682]LogEditorViewport: Clicking on Actor (LMB): StaticMeshActor (TARDIS_Control_Room_S8_TrimWallsLowerLvl)
[2015.10.27-20.13.57:762][ 62]LogEditorViewport: Clicking on Actor (LMB): BP_Sky_Sphere_C (SkySphereBlueprint)
[2015.10.27-20.13.58:830][ 92]LogEditorViewport: Clicking on Actor (LMB): BP_Sky_Sphere_C (SkySphereBlueprint)
[2015.10.27-20.13.59:670][115]LogEditorViewport: Clicking on Actor (LMB): StaticMeshActor (TARDIS_Control_Room_S8_TrimWallsLowerLvl)
[2015.10.27-20.14.23:832][793]LogEditorViewport: Clicking on Actor (LMB): StaticMeshActor (TARDIS_Control_Room_S8_Walls)
[2015.10.27-20.14.24:482][808]LogEditorViewport: Clicking on Actor (LMB): StaticMeshActor (TARDIS_Control_Room_S8_Walls)
[2015.10.27-20.14.25:287][832]LogEditorViewport: Clicking on Actor (LMB): StaticMeshActor (TARDIS_Control_Room_S8_Walls)
[2015.10.27-20.14.25:936][848]LogEditorViewport: Clicking on Actor (LMB): StaticMeshActor (TARDIS_Control_Room_S8_Walls)
[2015.10.27-20.14.27:329][887]LogEditorViewport: Clicking on Actor (LMB): StaticMeshActor (TARDIS_Control_Room_S8_Walls)
[2015.10.27-20.14.28:259][913]LogEditorViewport: Clicking on Actor (LMB): StaticMeshActor (TARDIS_Control_Room_S8_Walls)
[2015.10.27-20.14.28:792][927]LogEditorViewport: Clicking on Actor (LMB): StaticMeshActor (TARDIS_Control_Room_S8_Walls)
[2015.10.27-20.14.33:187][ 46]LogEditorViewport: Clicking on Actor (LMB): StaticMeshActor (Roundels)
[2015.10.27-20.15.20:809][313]LogBlueprintUserMessages: Early PlayInEditor Detection: Level '/Game/FirstPersonBP/Maps/FirstPersonExampleMap.FirstPersonExampleMap:PersistentLevel' has LevelScriptBlueprint '/Game/FirstPersonBP/Maps/FirstPersonExampleMap.FirstPersonExampleMap:PersistentLevel.FirstPersonExampleMap' with GeneratedClass '/Game/FirstPersonBP/Maps/FirstPersonExampleMap.FirstPersonExampleMap_C' with ClassGeneratedBy '/Game/FirstPersonBP/Maps/FirstPersonExampleMap.FirstPersonExampleMap:PersistentLevel.FirstPersonExampleMap'
[2015.10.27-20.15.20:809][313]LogPlayLevel: PlayLevel: No blueprints needed recompiling
[2015.10.27-20.15.20:809][313]PIE: New page: PIE session: FirstPersonExampleMap (Oct 27, 2015, 6:15:20 AM)
[2015.10.27-20.15.20:810][313]LogPlayLevel: Creating play world package: /Game/FirstPersonBP/Maps/UEDPIE_0_FirstPersonExampleMap
[2015.10.27-20.15.20:984][313]LogPlayLevel: PIE: StaticDuplicateObject took: (0.174292s)
[2015.10.27-20.15.20:986][313]LogAIModule: Creating AISystem for world FirstPersonExampleMap
[2015.10.27-20.15.20:986][313]LogPlayLevel: PIE: World Init took: (0.001790s)
[2015.10.27-20.15.20:987][313]LogPlayLevel: PIE: Created PIE world by copying editor world from /Game/FirstPersonBP/Maps/FirstPersonExampleMap.FirstPersonExampleMap to /Game/FirstPersonBP/Maps/UEDPIE_0_FirstPersonExampleMap.FirstPersonExampleMap (0.177041s)
[2015.10.27-20.15.21:091][313]LogInit: XAudio2 using 'Speakers (Logitech G930 Headset)' : 2 channels at 44.1 kHz using 16 bits per sample (channel mask 0x3)
[2015.10.27-20.15.21:106][313]LogInit: FAudioDevice initialized.
[2015.10.27-20.15.21:940][313]LogLinker:Warning: Asset '../../../../../Unreal Projects/Capaldi-Tardis/Content/FirstPersonBP/Blueprints/FirstPersonHUD.uasset' has been saved with empty engine version. The asset will be loaded but may be incompatible.
[2015.10.27-20.15.22:381][313]LogWorld: Game class is 'FirstPersonGameMode_C'
[2015.10.27-20.15.22:578][313]LogWorld: Bringing World /Game/FirstPersonBP/Maps/UEDPIE_0_FirstPersonExampleMap.FirstPersonExampleMap up for play (max tick rate 0) at 2015.10.27-13.15.22
[2015.10.27-20.15.22:578][313]LogActor:Warning: GameSession /Game/FirstPersonBP/Maps/UEDPIE_0_FirstPersonExampleMap.FirstPersonExampleMap:PersistentLevel.GameSession_0 has natively added scene component(s), but none of them were set as the actor's RootComponent - picking one arbitrarily
[2015.10.27-20.15.22:578][313]LogActor:Warning: GameNetworkManager /Game/FirstPersonBP/Maps/UEDPIE_0_FirstPersonExampleMap.FirstPersonExampleMap:PersistentLevel.GameNetworkManager_0 has natively added scene component(s), but none of them were set as the actor's RootComponent - picking one arbitrarily
[2015.10.27-20.15.22:581][313]LogWorld: Bringing up level for play took: 0.197786
[2015.10.27-20.15.22:586][313]LogMaterial:Warning: Material /Game/Sonic/Textures/11th_Doctors_Sonic_Screwdriver_Metal_BaseColor_Mat.11th_Doctors_Sonic_Screwdriver_Metal_BaseColor_Mat missing bUsedWithSkeletalMesh=True! Default Material will be used in game.
[2015.10.27-20.15.22:586][313]LogMaterial:Warning:      The material will recompile every editor launch until resaved.
[2015.10.27-20.15.22:586][313]LogMaterial:Warning: Material /Game/Sonic/Textures/knurling.knurling missing bUsedWithSkeletalMesh=True! Default Material will be used in game.
[2015.10.27-20.15.22:586][313]LogMaterial:Warning:      The material will recompile every editor launch until resaved.
[2015.10.27-20.15.22:590][313]PIE: Info Play in editor start time for /Game/FirstPersonBP/Maps/UEDPIE_0_FirstPersonExampleMap 0.89
[2015.10.27-20.15.22:590][313]LogBlueprintUserMessages: Late PlayInEditor Detection: Level '/Game/FirstPersonBP/Maps/FirstPersonExampleMap.FirstPersonExampleMap:PersistentLevel' has LevelScriptBlueprint '/Game/FirstPersonBP/Maps/FirstPersonExampleMap.FirstPersonExampleMap:PersistentLevel.FirstPersonExampleMap' with GeneratedClass '/Game/FirstPersonBP/Maps/FirstPersonExampleMap.FirstPersonExampleMap_C' with ClassGeneratedBy '/Game/FirstPersonBP/Maps/FirstPersonExampleMap.FirstPersonExampleMap:PersistentLevel.FirstPersonExampleMap'
[2015.10.27-20.15.52:131][151]LogBlueprintUserMessages: Early EndPlayMap Detection: Level '/Game/FirstPersonBP/Maps/FirstPersonExampleMap.FirstPersonExampleMap:PersistentLevel' has LevelScriptBlueprint '/Game/FirstPersonBP/Maps/FirstPersonExampleMap.FirstPersonExampleMap:PersistentLevel.FirstPersonExampleMap' with GeneratedClass '/Game/FirstPersonBP/Maps/FirstPersonExampleMap.FirstPersonExampleMap_C' with ClassGeneratedBy '/Game/FirstPersonBP/Maps/FirstPersonExampleMap.FirstPersonExampleMap:PersistentLevel.FirstPersonExampleMap'
[2015.10.27-20.15.52:238][151]LogBlueprintUserMessages: Late EndPlayMap Detection: Level '/Game/FirstPersonBP/Maps/FirstPersonExampleMap.FirstPersonExampleMap:PersistentLevel' has LevelScriptBlueprint '/Game/FirstPersonBP/Maps/FirstPersonExampleMap.FirstPersonExampleMap:PersistentLevel.FirstPersonExampleMap' with GeneratedClass '/Game/FirstPersonBP/Maps/FirstPersonExampleMap.FirstPersonExampleMap_C' with ClassGeneratedBy '/Game/FirstPersonBP/Maps/FirstPersonExampleMap.FirstPersonExampleMap:PersistentLevel.FirstPersonExampleMap'
[2015.10.27-20.15.52:299][151]LogParticles: Destroying 0 GPU particle simulations for FXSystem 0x000000DE0B2B6660
[2015.10.27-20.15.58:212][290]LogEditorViewport: Clicking on Actor (LMB): StaticMeshActor (TARDIS_Control_Room_S8_Walls)
[2015.10.27-20.16.12:704][637]Cmd: TRANSACTION UNDO
[2015.10.27-20.16.12:704][637]LogEditorTransaction: Undo Replace component used material
[2015.10.27-20.16.13:953][662]LogEditorViewport: Clicking on Actor (LMB): StaticMeshActor (TARDIS_Control_Room_S8_Walls)
[2015.10.27-20.16.15:208][693]LogEditorViewport: Clicking on Actor (LMB): StaticMeshActor (Roundels)
[2015.10.27-20.16.39:006][318]LogBlueprintUserMessages: Early PlayInEditor Detection: Level '/Game/FirstPersonBP/Maps/FirstPersonExampleMap.FirstPersonExampleMap:PersistentLevel' has LevelScriptBlueprint '/Game/FirstPersonBP/Maps/FirstPersonExampleMap.FirstPersonExampleMap:PersistentLevel.FirstPersonExampleMap' with GeneratedClass '/Game/FirstPersonBP/Maps/FirstPersonExampleMap.FirstPersonExampleMap_C' with ClassGeneratedBy '/Game/FirstPersonBP/Maps/FirstPersonExampleMap.FirstPersonExampleMap:PersistentLevel.FirstPersonExampleMap'
[2015.10.27-20.16.39:006][318]LogPlayLevel: PlayLevel: No blueprints needed recompiling
[2015.10.27-20.16.39:006][318]PIE: New page: PIE session: FirstPersonExampleMap (Oct 27, 2015, 6:16:39 AM)
[2015.10.27-20.16.39:006][318]LogPlayLevel: Creating play world package: /Game/FirstPersonBP/Maps/UEDPIE_0_FirstPersonExampleMap
[2015.10.27-20.16.39:150][318]LogPlayLevel: PIE: StaticDuplicateObject took: (0.144263s)
[2015.10.27-20.16.39:152][318]LogAIModule: Creating AISystem for world FirstPersonExampleMap
[2015.10.27-20.16.39:153][318]LogPlayLevel: PIE: World Init took: (0.002949s)
[2015.10.27-20.16.39:155][318]LogPlayLevel: PIE: Created PIE world by copying editor world from /Game/FirstPersonBP/Maps/FirstPersonExampleMap.FirstPersonExampleMap to /Game/FirstPersonBP/Maps/UEDPIE_0_FirstPersonExampleMap.FirstPersonExampleMap (0.148786s)
[2015.10.27-20.16.39:236][318]LogInit: XAudio2 using 'Speakers (Logitech G930 Headset)' : 2 channels at 44.1 kHz using 16 bits per sample (channel mask 0x3)
[2015.10.27-20.16.39:250][318]LogInit: FAudioDevice initialized.
[2015.10.27-20.16.39:295][318]LogWorld: Game class is 'FirstPersonGameMode_C'
[2015.10.27-20.16.39:482][318]LogWorld: Bringing World /Game/FirstPersonBP/Maps/UEDPIE_0_FirstPersonExampleMap.FirstPersonExampleMap up for play (max tick rate 0) at 2015.10.27-13.16.39
[2015.10.27-20.16.39:482][318]LogActor:Warning: GameSession /Game/FirstPersonBP/Maps/UEDPIE_0_FirstPersonExampleMap.FirstPersonExampleMap:PersistentLevel.GameSession_1 has natively added scene component(s), but none of them were set as the actor's RootComponent - picking one arbitrarily
[2015.10.27-20.16.39:482][318]LogActor:Warning: GameNetworkManager /Game/FirstPersonBP/Maps/UEDPIE_0_FirstPersonExampleMap.FirstPersonExampleMap:PersistentLevel.GameNetworkManager_1 has natively added scene component(s), but none of them were set as the actor's RootComponent - picking one arbitrarily
[2015.10.27-20.16.39:485][318]LogWorld: Bringing up level for play took: 0.188085
[2015.10.27-20.16.39:491][318]PIE: Info Play in editor start time for /Game/FirstPersonBP/Maps/UEDPIE_0_FirstPersonExampleMap -0.21
[2015.10.27-20.16.39:491][318]LogBlueprintUserMessages: Late PlayInEditor Detection: Level '/Game/FirstPersonBP/Maps/FirstPersonExampleMap.FirstPersonExampleMap:PersistentLevel' has LevelScriptBlueprint '/Game/FirstPersonBP/Maps/FirstPersonExampleMap.FirstPersonExampleMap:PersistentLevel.FirstPersonExampleMap' with GeneratedClass '/Game/FirstPersonBP/Maps/FirstPersonExampleMap.FirstPersonExampleMap_C' with ClassGeneratedBy '/Game/FirstPersonBP/Maps/FirstPersonExampleMap.FirstPersonExampleMap:PersistentLevel.FirstPersonExampleMap'
[2015.10.27-20.17.13:630][279]LogBlueprintUserMessages: Early EndPlayMap Detection: Level '/Game/FirstPersonBP/Maps/FirstPersonExampleMap.FirstPersonExampleMap:PersistentLevel' has LevelScriptBlueprint '/Game/FirstPersonBP/Maps/FirstPersonExampleMap.FirstPersonExampleMap:PersistentLevel.FirstPersonExampleMap' with GeneratedClass '/Game/FirstPersonBP/Maps/FirstPersonExampleMap.FirstPersonExampleMap_C' with ClassGeneratedBy '/Game/FirstPersonBP/Maps/FirstPersonExampleMap.FirstPersonExampleMap:PersistentLevel.FirstPersonExampleMap'
[2015.10.27-20.17.13:735][279]LogBlueprintUserMessages: Late EndPlayMap Detection: Level '/Game/FirstPersonBP/Maps/FirstPersonExampleMap.FirstPersonExampleMap:PersistentLevel' has LevelScriptBlueprint '/Game/FirstPersonBP/Maps/FirstPersonExampleMap.FirstPersonExampleMap:PersistentLevel.FirstPersonExampleMap' with GeneratedClass '/Game/FirstPersonBP/Maps/FirstPersonExampleMap.FirstPersonExampleMap_C' with ClassGeneratedBy '/Game/FirstPersonBP/Maps/FirstPersonExampleMap.FirstPersonExampleMap:PersistentLevel.FirstPersonExampleMap'
[2015.10.27-20.17.13:877][280]LogParticles: Destroying 0 GPU particle simulations for FXSystem 0x000000DDB4158CC0
[2015.10.27-20.17.58:417][475]LogSavePackage: Save=1217.141602ms
[2015.10.27-20.17.58:417][475]LogSavePackage: Moving '../../../../../Unreal Projects/Capaldi-Tardis/Saved/FirstPersonExampleMap_Auto14735A5DA4FC6215A1C54B49B26FC4BB4.tmp' to '../../../../../Unreal Projects/Capaldi-Tardis/Saved/Autosaves/Game/FirstPersonBP/Maps/FirstPersonExampleMap_Auto1.umap'
[2015.10.27-20.17.58:440][475]LogSavePackage: Total save time: 1272.588655ms
[2015.10.27-20.17.58:441][475]LogSavePackage:Warning: Finished SavePackage ../../../../../Unreal Projects/Capaldi-Tardis/Saved/Autosaves/Game/FirstPersonBP/Maps/FirstPersonExampleMap_Auto1.umap
[2015.10.27-20.17.58:453][475]LogFileHelpers: Editor autosave (incl. sublevels) for '/Game/FirstPersonBP/Maps/FirstPersonExampleMap' took 1.340
[2015.10.27-20.17.58:453][475]LogFileHelpers: Editor autosave (incl. sublevels) for all levels took 1.340
[2015.10.27-20.17.58:481][475]OBJ SavePackage: Generating thumbnails for [1] asset(s) in package [/Game/Tardis/Models/Roundels] ([1] browsable assets)...
[2015.10.27-20.17.58:503][475]OBJ SavePackage:     Rendered thumbnail for [StaticMesh /Game/Tardis/Models/Roundels.Roundels]
[2015.10.27-20.17.58:503][475]OBJ SavePackage: Finished generating thumbnails for package [/Game/Tardis/Models/Roundels]
[2015.10.27-20.17.58:503][475]Cmd: OBJ SAVEPACKAGE PACKAGE="/Game/Tardis/Models/Roundels" FILE="../../../../../Unreal Projects/Capaldi-Tardis/Saved/Autosaves/Game/Tardis/Models/Roundels_Auto1.uasset" SILENT=false AUTOSAVING=true
[2015.10.27-20.17.58:532][475]LogSavePackage: Save=26.141844ms
[2015.10.27-20.17.58:533][475]LogSavePackage: Moving '../../../../../Unreal Projects/Capaldi-Tardis/Saved/Roundels_Auto1E5ACEEEE4C9374E6A6C59DB1B3482A0F.tmp' to '../../../../../Unreal Projects/Capaldi-Tardis/Saved/Autosaves/Game/Tardis/Models/Roundels_Auto1.uasset'
[2015.10.27-20.17.58:533][475]LogSavePackage: Total save time: 27.673058ms
[2015.10.27-20.17.58:534][475]LogSavePackage:Warning: Finished SavePackage ../../../../../Unreal Projects/Capaldi-Tardis/Saved/Autosaves/Game/Tardis/Models/Roundels_Auto1.uasset
[2015.10.27-20.17.58:534][475]LogFileHelpers: Auto-saving content packages took 0.059
[2015.10.27-21.32.09:781][517]LogSavePackage: Save=1119.824585ms
[2015.10.27-21.32.09:781][517]LogSavePackage: Moving '../../../../../Unreal Projects/Capaldi-Tardis/Saved/FirstPersonExampleMapF69857404DF28EB5828DC89359A68D22.tmp' to '../../../../../Unreal Projects/Capaldi-Tardis/Content/FirstPersonBP/Maps/FirstPersonExampleMap.umap'
[2015.10.27-21.32.09:789][517]LogSavePackage: Total save time: 1167.200673ms
[2015.10.27-21.32.09:789][517]LogSavePackage:Warning: Finished SavePackage ../../../../../Unreal Projects/Capaldi-Tardis/Content/FirstPersonBP/Maps/FirstPersonExampleMap.umap
[2015.10.27-21.32.09:857][517]LogFileHelpers: Saving map 'FirstPersonExampleMap' took 1.728
[2015.10.27-21.32.09:901][517]Cmd: OBJ SAVEPACKAGE PACKAGE="/Game/Tardis/Models/Roundels" FILE="../../../../../Unreal Projects/Capaldi-Tardis/Content/Tardis/Models/Roundels.uasset" SILENT=true
[2015.10.27-21.32.09:921][517]LogSavePackage: Save=18.104860ms
[2015.10.27-21.32.09:921][517]LogSavePackage: Moving '../../../../../Unreal Projects/Capaldi-Tardis/Saved/RoundelsB376AB3E494501A1A84E329415D263A8.tmp' to '../../../../../Unreal Projects/Capaldi-Tardis/Content/Tardis/Models/Roundels.uasset'
[2015.10.27-21.32.09:925][517]LogSavePackage: Total save time: 22.460960ms
[2015.10.27-21.32.09:925][517]LogSavePackage:Warning: Finished SavePackage ../../../../../Unreal Projects/Capaldi-Tardis/Content/Tardis/Models/Roundels.uasset
[2015.10.27-21.32.12:224][601]LogWindowsTextInputMethodSystem:Display: IME system now deactivated.
[2015.10.27-21.32.12:224][601]LogWindowsTextInputMethodSystem:Display: IME system now deactivated.
[2015.10.27-21.32.12:642][602]Cmd: QUIT_EDITOR
[2015.10.27-21.32.13:706][602]LogExit: Preparing to exit.
[2015.10.27-21.32.14:881][602]LogExit: Editor shut down
[2015.10.27-21.32.14:881][602]LogExit: Transaction tracking system shut down
[2015.10.27-21.32.14:888][602]LogParticles: Destroying 0 GPU particle simulations for FXSystem 0x000000DDFBF43F60
[2015.10.27-21.32.14:891][602]LogParticles: Destroying 0 GPU particle simulations for FXSystem 0x000000DD81D4C220
[2015.10.27-21.32.14:891][602]LogParticles: Destroying 0 GPU particle simulations for FXSystem 0x000000DD814E8860
[2015.10.27-21.32.14:891][602]LogParticles: Destroying 0 GPU particle simulations for FXSystem 0x000000DDF877D440
[2015.10.27-21.32.14:891][602]LogParticles: Destroying 0 GPU particle simulations for FXSystem 0x000000DDF877E340
[2015.10.27-21.32.15:317][602]LogExit: Object subsystem successfully closed.
[2015.10.27-21.32.15:366][602]LogD3D11RHI: Shutdown
[2015.10.27-21.32.15:366][602]LogD3D11RHI: CleanupD3DDevice
[2015.10.27-21.32.15:646][602]LogD3D11RHI: ~FD3D11DynamicRHI
[2015.10.27-21.32.15:675][602]LogModuleManager: Shutting down and abandoning module CrashTracker (199)
[2015.10.27-21.32.15:675][602]LogModuleManager: Shutting down and abandoning module SceneOutliner (198)
[2015.10.27-21.32.15:675][602]LogModuleManager: Shutting down and abandoning module SuperSearch (197)
[2015.10.27-21.32.15:675][602]LogModuleManager: Shutting down and abandoning module WidgetCarousel (196)
[2015.10.27-21.32.15:675][602]LogModuleManager: Shutting down and abandoning module AddContentDialog (195)
[2015.10.27-21.32.15:677][602]LogModuleManager: Shutting down and abandoning module EditorWidgets (194)
[2015.10.27-21.32.15:677][602]LogModuleManager: Shutting down and abandoning module CollectionManager (193)
[2015.10.27-21.32.15:678][602]LogModuleManager: Shutting down and abandoning module StatsViewer (192)
[2015.10.27-21.32.15:678][602]LogModuleManager: Shutting down and abandoning module FoliageEdit (191)
[2015.10.27-21.32.15:678][602]LogModuleManager: Shutting down and abandoning module LandscapeEditor (190)
[2015.10.27-21.32.15:678][602]LogModuleManager: Shutting down and abandoning module ActorPickerMode (189)
[2015.10.27-21.32.15:678][602]LogModuleManager: Shutting down and abandoning module GeometryMode (188)
[2015.10.27-21.32.15:678][602]LogModuleManager: Shutting down and abandoning module TextureAlignMode (187)
[2015.10.27-21.32.15:678][602]LogModuleManager: Shutting down and abandoning module BspMode (186)
[2015.10.27-21.32.15:678][602]LogModuleManager: Shutting down and abandoning module PlacementMode (185)
[2015.10.27-21.32.15:678][602]LogModuleManager: Shutting down and abandoning module AutomationWorker (184)
[2015.10.27-21.32.15:679][602]LogModuleManager: Shutting down and abandoning module CharacterAI (183)
[2015.10.27-21.32.15:679][602]LogModuleManager: Shutting down and abandoning module SmartSnapping (182)
[2015.10.27-21.32.15:679][602]LogModuleManager: Shutting down and abandoning module ViewportSnapping (181)
[2015.10.27-21.32.15:679][602]LogModuleManager: Shutting down and abandoning module LogVisualizer (180)
[2015.10.27-21.32.15:679][602]LogModuleManager: Shutting down and abandoning module GameProjectGeneration (179)
[2015.10.27-21.32.15:679][602]LogModuleManager: Shutting down and abandoning module IntroTutorials (178)
[2015.10.27-21.32.15:679][602]LogModuleManager: Shutting down and abandoning module EditorLiveStreaming (177)
[2015.10.27-21.32.15:679][602]LogModuleManager: Shutting down and abandoning module IOSPlatformEditor (176)
[2015.10.27-21.32.15:679][602]LogModuleManager: Shutting down and abandoning module HTML5PlatformEditor (175)
[2015.10.27-21.32.15:679][602]LogModuleManager: Shutting down and abandoning module AndroidDeviceDetection (174)
[2015.10.27-21.32.15:730][602]LogModuleManager: Shutting down and abandoning module AndroidPlatformEditor (173)
[2015.10.27-21.32.15:730][602]LogModuleManager: Shutting down and abandoning module IOSRuntimeSettings (172)
[2015.10.27-21.32.15:730][602]LogModuleManager: Shutting down and abandoning module AndroidRuntimeSettings (171)
[2015.10.27-21.32.15:730][602]LogModuleManager: Shutting down and abandoning module MergeActors (170)
[2015.10.27-21.32.15:730][602]LogModuleManager: Shutting down and abandoning module SizeMap (169)
[2015.10.27-21.32.15:730][602]LogModuleManager: Shutting down and abandoning module TreeMap (168)
[2015.10.27-21.32.15:731][602]LogModuleManager: Shutting down and abandoning module ReferenceViewer (167)
[2015.10.27-21.32.15:731][602]LogModuleManager: Shutting down and abandoning module LocalizationService (166)
[2015.10.27-21.32.15:731][602]LogModuleManager: Shutting down and abandoning module LocalizationDashboard (165)
[2015.10.27-21.32.15:731][602]LogModuleManager: Shutting down and abandoning module HardwareTargeting (164)
[2015.10.27-21.32.15:731][602]LogModuleManager: Shutting down and abandoning module DeviceProfileEditor (163)
[2015.10.27-21.32.15:731][602]LogModuleManager: Shutting down and abandoning module UndoHistory (162)
[2015.10.27-21.32.15:731][602]LogModuleManager: Shutting down and abandoning module GameplayTagsEditor (161)
[2015.10.27-21.32.15:731][602]LogModuleManager: Shutting down and abandoning module UserFeedback (160)
[2015.10.27-21.32.15:731][602]LogModuleManager: Shutting down and abandoning module XmlParser (159)
[2015.10.27-21.32.15:731][602]LogModuleManager: Shutting down and abandoning module Blutility (158)
[2015.10.27-21.32.15:731][602]LogModuleManager: Shutting down and abandoning module ProjectTargetPlatformEditor (157)
[2015.10.27-21.32.15:731][602]LogModuleManager: Shutting down and abandoning module ProjectSettingsViewer (156)
[2015.10.27-21.32.15:731][602]LogModuleManager: Shutting down and abandoning module InputBindingEditor (155)
[2015.10.27-21.32.15:731][602]LogModuleManager: Shutting down and abandoning module EditorSettingsViewer (154)
[2015.10.27-21.32.15:731][602]LogModuleManager: Shutting down and abandoning module SettingsEditor (153)
[2015.10.27-21.32.15:731][602]LogModuleManager: Shutting down and abandoning module ProjectLauncher (152)
[2015.10.27-21.32.15:731][602]LogModuleManager: Shutting down and abandoning module SessionFrontend (151)
[2015.10.27-21.32.15:731][602]LogModuleManager: Shutting down and abandoning module ProfilerClient (150)
[2015.10.27-21.32.15:731][602]LogModuleManager: Shutting down and abandoning module TargetDeviceServices (149)
[2015.10.27-21.32.15:731][602]LogModuleManager: Shutting down and abandoning module DeviceManager (148)
[2015.10.27-21.32.15:732][602]LogModuleManager: Shutting down and abandoning module AutomationController (147)
[2015.10.27-21.32.15:732][602]LogModuleManager: Shutting down and abandoning module AutomationWindow (146)
[2015.10.27-21.32.15:732][602]LogModuleManager: Shutting down and abandoning module Layers (145)
[2015.10.27-21.32.15:732][602]LogModuleManager: Shutting down and abandoning module ComponentVisualizers (144)
[2015.10.27-21.32.15:732][602]LogModuleManager: Shutting down and abandoning module DetailCustomizations (143)
[2015.10.27-21.32.15:732][602]LogModuleManager: Shutting down and abandoning module PackagesDialog (142)
[2015.10.27-21.32.15:732][602]LogModuleManager: Shutting down and abandoning module Persona (141)
[2015.10.27-21.32.15:732][602]LogModuleManager: Shutting down and abandoning module Kismet (140)
[2015.10.27-21.32.15:732][602]LogModuleManager: Shutting down and abandoning module GraphEditor (139)
[2015.10.27-21.32.15:732][602]LogModuleManager: Shutting down and abandoning module ClassViewer (138)
[2015.10.27-21.32.15:732][602]LogModuleManager: Shutting down and abandoning module Toolbox (137)
[2015.10.27-21.32.15:732][602]LogModuleManager: Shutting down and abandoning module ModuleUI (136)
[2015.10.27-21.32.15:732][602]LogModuleManager: Shutting down and abandoning module MovieSceneTools (135)
[2015.10.27-21.32.15:732][602]LogModuleManager: Shutting down and abandoning module OutputLog (134)
[2015.10.27-21.32.15:732][602]LogModuleManager: Shutting down and abandoning module GammaUI (133)
[2015.10.27-21.32.15:732][602]LogModuleManager: Shutting down and abandoning module Documentation (132)
[2015.10.27-21.32.15:733][602]LogModuleManager: Shutting down and abandoning module GameLiveStreaming (131)
[2015.10.27-21.32.15:733][602]LogModuleManager: Shutting down and abandoning module StreamingPauseRendering (130)
[2015.10.27-21.32.15:733][602]LogModuleManager: Shutting down and abandoning module AnalyticsET (129)
[2015.10.27-21.32.15:733][602]LogModuleManager: Shutting down and abandoning module Analytics (128)
[2015.10.27-21.32.15:733][602]LogModuleManager: Shutting down and abandoning module AITestSuite (127)
[2015.10.27-21.32.15:733][602]LogModuleManager: Shutting down and abandoning module GameplayDebugger (126)
[2015.10.27-21.32.15:733][602]LogModuleManager: Shutting down and abandoning module AIModule (125)
[2015.10.27-21.32.15:733][602]LogModuleManager: Shutting down and abandoning module ProfilerService (124)
[2015.10.27-21.32.15:851][602]LogModuleManager: Shutting down and abandoning module TaskGraph (123)
[2015.10.27-21.32.15:851][602]LogModuleManager: Shutting down and abandoning module SubstanceEditor (122)
[2015.10.27-21.32.15:851][602]LogModuleManager: Shutting down and abandoning module SlateRemote (121)
[2015.10.27-21.32.15:851][602]LogModuleManager: Shutting down and abandoning module SteamVRController (120)
[2015.10.27-21.32.15:851][602]LogModuleManager: Shutting down and abandoning module SteamVR (119)
[2015.10.27-21.32.15:851][602]LogModuleManager: Shutting down and abandoning module ProceduralMeshComponent (118)
[2015.10.27-21.32.15:852][602]LogModuleManager: Shutting down and abandoning module OculusRift (117)
[2015.10.27-21.32.15:852][602]LogModuleManager: Shutting down and abandoning module OculusLibrary (116)
[2015.10.27-21.32.15:852][602]LogModuleManager: Shutting down and abandoning module LeapMotionController (115)
[2015.10.27-21.32.15:934][602]LogModuleManager: Shutting down and abandoning module CustomMeshComponent (114)
[2015.10.27-21.32.15:934][602]LogModuleManager: Shutting down and abandoning module CableComponent (113)
[2015.10.27-21.32.15:934][602]LogModuleManager: Shutting down and abandoning module ArchVisCharacter (112)
[2015.10.27-21.32.15:934][602]LogModuleManager: Shutting down and abandoning module MessagingDebugger (111)
[2015.10.27-21.32.15:935][602]LogModuleManager: Shutting down and abandoning module MediaPlayerEditor (110)
[2015.10.27-21.32.15:935][602]LogModuleManager: Shutting down and abandoning module HTML5Networking (109)
[2015.10.27-21.32.15:935][602]LogModuleManager: Shutting down and abandoning module SpeedTreeImporter (108)
[2015.10.27-21.32.15:935][602]LogModuleManager: Shutting down and abandoning module PluginBrowser (107)
[2015.10.27-21.32.15:935][602]LogModuleManager: Shutting down and abandoning module EpicSurvey (106)
[2015.10.27-21.32.15:935][602]LogModuleManager: Shutting down and abandoning module DesktopPlatform (105)
[2015.10.27-21.32.15:935][602]LogModuleManager: Shutting down and abandoning module VisualStudioSourceCodeAccess (104)
[2015.10.27-21.32.15:935][602]LogModuleManager: Shutting down and abandoning module UObjectPlugin (103)
[2015.10.27-21.32.15:935][602]LogModuleManager: Shutting down and abandoning module SubversionSourceControl (102)
[2015.10.27-21.32.15:935][602]LogModuleManager: Shutting down and abandoning module PerforceSourceControl (101)
[2015.10.27-21.32.15:935][602]LogModuleManager: Shutting down and abandoning module SourceControl (100)
[2015.10.27-21.32.15:935][602]LogModuleManager: Shutting down and abandoning module GitSourceControl (99)
[2015.10.27-21.32.15:935][602]LogModuleManager: Shutting down and abandoning module LightPropagationVolumeEditor (98)
[2015.10.27-21.32.15:935][602]LogModuleManager: Shutting down and abandoning module PaperTiledImporter (97)
[2015.10.27-21.32.15:935][602]LogModuleManager: Shutting down and abandoning module PaperSpriteSheetImporter (96)
[2015.10.27-21.32.15:935][602]LogModuleManager: Shutting down and abandoning module MeshPaint (95)
[2015.10.27-21.32.15:935][602]LogModuleManager: Shutting down and abandoning module SlateReflector (94)
[2015.10.27-21.32.15:935][602]LogModuleManager: Shutting down and abandoning module HotReload (93)
[2015.10.27-21.32.15:935][602]LogModuleManager: Shutting down and abandoning module MainFrame (92)
[2015.10.27-21.32.15:935][602]LogModuleManager: Shutting down and abandoning module LevelEditor (91)
[2015.10.27-21.32.15:936][602]LogModuleManager: Shutting down and abandoning module ContentBrowser (90)
[2015.10.27-21.32.15:938][602]LogModuleManager: Shutting down and abandoning module Paper2DEditor (89)
[2015.10.27-21.32.15:938][602]LogModuleManager: Shutting down and abandoning module UdpMessaging (88)
[2015.10.27-21.32.16:038][602]LogModuleManager: Shutting down and abandoning module DirectoryWatcher (87)
[2015.10.27-21.32.16:040][602]LogModuleManager: Shutting down and abandoning module AssetRegistry (86)
[2015.10.27-21.32.16:128][602]LogModuleManager: Shutting down and abandoning module SubstanceCore (85)
[2015.10.27-21.32.16:128][602]LogModuleManager: Shutting down and abandoning module LightPropagationVolumeRuntime (84)
[2015.10.27-21.32.16:128][602]LogModuleManager: Shutting down and abandoning module Paper2D (83)
[2015.10.27-21.32.16:128][602]LogModuleManager: Shutting down and abandoning module WindowsMoviePlayer (82)
[2015.10.27-21.32.16:135][602]LogModuleManager: Shutting down and abandoning module Media (81)
[2015.10.27-21.32.16:135][602]LogModuleManager: Shutting down and abandoning module WmfMedia (80)
[2015.10.27-21.32.16:135][602]LogModuleManager: Shutting down and abandoning module OnlineBlueprintSupport (79)
[2015.10.27-21.32.16:135][602]LogModuleManager: Shutting down and abandoning module GameplayTasksEditor (78)
[2015.10.27-21.32.16:135][602]LogModuleManager: Shutting down and abandoning module PropertyEditor (77)
[2015.10.27-21.32.16:135][602]LogModuleManager: Shutting down and abandoning module BehaviorTreeEditor (76)
[2015.10.27-21.32.16:135][602]LogModuleManager: Shutting down and abandoning module FunctionalTesting (75)
[2015.10.27-21.32.16:135][602]LogModuleManager: Shutting down and abandoning module CollisionAnalyzer (74)
[2015.10.27-21.32.16:135][602]LogModuleManager: Shutting down and abandoning module WorkspaceMenuStructure (73)
[2015.10.27-21.32.16:135][602]LogModuleManager: Shutting down and abandoning module MessageLog (72)
[2015.10.27-21.32.16:135][602]LogModuleManager: Shutting down and abandoning module Sequencer (71)
[2015.10.27-21.32.16:135][602]LogModuleManager: Shutting down and abandoning module AssetTools (70)
[2015.10.27-21.32.16:136][602]LogModuleManager: Shutting down and abandoning module UMGEditor (69)
[2015.10.27-21.32.16:136][602]LogModuleManager: Shutting down and abandoning module UMG (68)
[2015.10.27-21.32.16:136][602]LogModuleManager: Shutting down and abandoning module Slate (67)
[2015.10.27-21.32.16:136][602]LogModuleManager: Shutting down and abandoning module EditorStyle (66)
[2015.10.27-21.32.16:139][602]LogModuleManager: Shutting down and abandoning module SessionServices (65)
[2015.10.27-21.32.16:139][602]LogModuleManager: Shutting down and abandoning module SourceCodeAccess (64)
[2015.10.27-21.32.16:139][602]LogModuleManager: Shutting down and abandoning module HeadMountedDisplay (63)
[2015.10.27-21.32.16:139][602]LogModuleManager: Shutting down and abandoning module XAudio2 (62)
[2015.10.27-21.32.16:139][602]LogModuleManager: Shutting down and abandoning module Networking (60)
[2015.10.27-21.32.16:139][602]LogModuleManager: Shutting down and abandoning module Core (59)
[2015.10.27-21.32.16:139][602]LogModuleManager: Shutting down and abandoning module KismetCompiler (58)
[2015.10.27-21.32.16:139][602]LogModuleManager: Shutting down and abandoning module PhysXFormats (57)
[2015.10.27-21.32.16:139][602]LogModuleManager: Shutting down and abandoning module MeshUtilities (56)
[2015.10.27-21.32.16:139][602]LogModuleManager: Shutting down and abandoning module CookingStats (55)
[2015.10.27-21.32.16:158][602]LogModuleManager: Shutting down and abandoning module DerivedDataCache (54)
[2015.10.27-21.32.16:185][602]LogDerivedDataCache: Shutdown
[2015.10.27-21.32.16:185][602]LogModuleManager: Shutting down and abandoning module ShaderFormatOpenGL (53)
[2015.10.27-21.32.16:185][602]LogModuleManager: Shutting down and abandoning module ShaderFormatD3D (52)
[2015.10.27-21.32.16:185][602]LogModuleManager: Shutting down and abandoning module MetalShaderFormat (51)
[2015.10.27-21.32.16:185][602]LogModuleManager: Shutting down and abandoning module TextureFormatUncompressed (50)
[2015.10.27-21.32.16:185][602]LogModuleManager: Shutting down and abandoning module TextureFormatPVR (49)
[2015.10.27-21.32.16:185][602]LogModuleManager: Shutting down and abandoning module TextureFormatIntelISPCTexComp (48)
[2015.10.27-21.32.16:185][602]LogModuleManager: Shutting down and abandoning module TextureFormatDXT (47)
[2015.10.27-21.32.16:185][602]LogModuleManager: Shutting down and abandoning module ImageWrapper (46)
[2015.10.27-21.32.16:185][602]LogModuleManager: Shutting down and abandoning module TextureFormatASTC (45)
[2015.10.27-21.32.16:185][602]LogModuleManager: Shutting down and abandoning module TextureFormatAndroid (44)
[2015.10.27-21.32.16:185][602]LogModuleManager: Shutting down and abandoning module AudioFormatOpus (43)
[2015.10.27-21.32.16:185][602]LogModuleManager: Shutting down and abandoning module AudioFormatOgg (42)
[2015.10.27-21.32.16:185][602]LogModuleManager: Shutting down and abandoning module AudioFormatADPCM (41)
[2015.10.27-21.32.16:185][602]LogModuleManager: Shutting down and abandoning module LinuxTargetPlatform (40)
[2015.10.27-21.32.16:185][602]LogModuleManager: Shutting down and abandoning module LinuxServerTargetPlatform (39)
[2015.10.27-21.32.16:185][602]LogModuleManager: Shutting down and abandoning module LinuxNoEditorTargetPlatform (38)
[2015.10.27-21.32.16:185][602]LogModuleManager: Shutting down and abandoning module Messaging (37)
[2015.10.27-21.32.16:185][602]LogModuleManager: Shutting down and abandoning module IOSTargetPlatform (36)
[2015.10.27-21.32.16:185][602]LogModuleManager: Shutting down and abandoning module HTML5TargetPlatform (35)
[2015.10.27-21.32.16:185][602]LogModuleManager: Shutting down and abandoning module Android_PVRTCTargetPlatform (34)
[2015.10.27-21.32.16:185][602]LogModuleManager: Shutting down and abandoning module Android_ETC2TargetPlatform (33)
[2015.10.27-21.32.16:185][602]LogModuleManager: Shutting down and abandoning module Android_ETC1TargetPlatform (32)
[2015.10.27-21.32.16:185][602]LogModuleManager: Shutting down and abandoning module Android_DXTTargetPlatform (31)
[2015.10.27-21.32.16:185][602]LogModuleManager: Shutting down and abandoning module Android_ATCTargetPlatform (30)
[2015.10.27-21.32.16:185][602]LogModuleManager: Shutting down and abandoning module Android_ASTCTargetPlatform (29)
[2015.10.27-21.32.16:185][602]LogModuleManager: Shutting down and abandoning module AndroidTargetPlatform (28)
[2015.10.27-21.32.16:185][602]LogModuleManager: Shutting down and abandoning module WindowsTargetPlatform (27)
[2015.10.27-21.32.16:185][602]LogModuleManager: Shutting down and abandoning module WindowsServerTargetPlatform (26)
[2015.10.27-21.32.16:185][602]LogModuleManager: Shutting down and abandoning module WindowsNoEditorTargetPlatform (25)
[2015.10.27-21.32.16:185][602]LogModuleManager: Shutting down and abandoning module WindowsClientTargetPlatform (24)
[2015.10.27-21.32.16:185][602]LogModuleManager: Shutting down and abandoning module AllDesktopTargetPlatform (23)
[2015.10.27-21.32.16:185][602]LogModuleManager: Shutting down and abandoning module TargetPlatform (22)
[2015.10.27-21.32.16:185][602]LogModuleManager: Shutting down and abandoning module InputCore (21)
[2015.10.27-21.32.16:185][602]LogModuleManager: Shutting down and abandoning module Settings (20)
[2015.10.27-21.32.16:185][602]LogModuleManager: Shutting down and abandoning module OnlineSubsystem (18)
[2015.10.27-21.32.16:186][602]LogModuleManager: Shutting down and abandoning module HTTP (17)
[2015.10.27-21.32.18:188][602]LogModuleManager: Shutting down and abandoning module XMPP (16)
[2015.10.27-21.32.18:188][602]LogModuleManager: Shutting down and abandoning module ExampleDeviceProfileSelector (15)
[2015.10.27-21.32.18:188][602]LogModuleManager: Shutting down and abandoning module TextureCompressor (14)
[2015.10.27-21.32.18:188][602]LogModuleManager: Shutting down and abandoning module ShaderCore (13)
[2015.10.27-21.32.18:188][602]LogModuleManager: Shutting down and abandoning module Landscape (12)
[2015.10.27-21.32.18:188][602]LogModuleManager: Shutting down and abandoning module SlateRHIRenderer (11)
[2015.10.27-21.32.18:194][602]LogModuleManager: Shutting down and abandoning module OpenGLDrv (10)
[2015.10.27-21.32.18:194][602]LogModuleManager: Shutting down and abandoning module D3D11RHI (9)
[2015.10.27-21.32.18:194][602]LogModuleManager: Shutting down and abandoning module AnimGraphRuntime (8)
[2015.10.27-21.32.18:194][602]LogModuleManager: Shutting down and abandoning module Renderer (7)
[2015.10.27-21.32.18:194][602]LogModuleManager: Shutting down and abandoning module Engine (6)
[2015.10.27-21.32.18:194][602]LogModuleManager: Shutting down and abandoning module CoreUObject (5)
[2015.10.27-21.32.18:194][602]LogModuleManager: Shutting down and abandoning module NetworkFile (4)
[2015.10.27-21.32.18:194][602]LogModuleManager: Shutting down and abandoning module StreamingFile (3)
[2015.10.27-21.32.18:194][602]LogModuleManager: Shutting down and abandoning module SandboxFile (2)
[2015.10.27-21.32.18:194][602]LogModuleManager: Shutting down and abandoning module PakFile (1)
[2015.10.27-21.32.18:195][602]LogExit: Exiting.
[2015.10.27-21.32.18:223][602]Log file closed, 10/27/15 14:32:18
