[2015.10.24-19.07.30:043][  0]Log file open, 10/24/15 13:07:30
[2015.10.24-19.07.30:043][  0]LogInit:Display: Running engine for game: Capaldi_Tardis
[2015.10.24-19.07.30:043][  0]LogInit:Display: RandInit(1566427471) SRandInit(1566427472).
[2015.10.24-19.07.30:043][  0]LogTaskGraph: Started task graph with 4 named threads and 7 total threads.
[2015.10.24-19.07.30:043][  0]LogStats: Stats thread started at 0.164480
[2015.10.24-19.07.30:043][  0]LogInit: Version: 4.9.2-2707645+++depot+UE4-Releases+4.9
[2015.10.24-19.07.30:043][  0]LogInit: API Version: 2672455
[2015.10.24-19.07.30:043][  0]LogInit: Compiled (64-bit): Sep 28 2015 10:25:44
[2015.10.24-19.07.30:043][  0]LogInit: Compiled with Visual C++: 18.00.21005.01
[2015.10.24-19.07.30:043][  0]LogInit: Build Configuration: Development
[2015.10.24-19.07.30:043][  0]LogInit: Branch Name: ++depot+UE4-Releases+4.9
[2015.10.24-19.07.30:043][  0]LogInit: Command line:  
[2015.10.24-19.07.30:043][  0]LogInit: Base directory: I:/Epic Games/4.9/Engine/Binaries/Win64/
[2015.10.24-19.07.30:043][  0]LogInit: Rocket: 1
[2015.10.24-19.07.30:095][  0]LogInit: Using libcurl 7.41.0
[2015.10.24-19.07.30:095][  0]LogInit:  - built for x86_64-pc-win32
[2015.10.24-19.07.30:095][  0]LogInit:  - supports SSL with WinSSL
[2015.10.24-19.07.30:095][  0]LogInit:  - other features:
[2015.10.24-19.07.30:095][  0]LogInit:      CURL_VERSION_SSL
[2015.10.24-19.07.30:095][  0]LogInit:      CURL_VERSION_IPV6
[2015.10.24-19.07.30:095][  0]LogInit:      CURL_VERSION_ASYNCHDNS
[2015.10.24-19.07.30:095][  0]LogInit:      CURL_VERSION_LARGEFILE
[2015.10.24-19.07.30:095][  0]LogInit:      CURL_VERSION_IDN
[2015.10.24-19.07.30:095][  0]LogInit:  CurlRequestOptions (configurable via config and command line):
[2015.10.24-19.07.30:095][  0]LogInit:  - bVerifyPeer = true  - Libcurl will verify peer certificate
[2015.10.24-19.07.30:095][  0]LogInit:  - bUseHttpProxy = false  - Libcurl will NOT use HTTP proxy
[2015.10.24-19.07.30:095][  0]LogInit:  - bDontReuseConnections = false  - Libcurl will reuse connections
[2015.10.24-19.07.30:095][  0]LogInit:  - CertBundlePath = nullptr  - Libcurl will use whatever was configured at build time.
[2015.10.24-19.07.30:275][  0]LogInit: Presizing for 0 objects not considered by GC, pre-allocating 0 bytes.
[2015.10.24-19.07.30:287][  0]LogInit: Object subsystem initialized
[2015.10.24-19.07.30:316][  0]LogInit: Selected Device Profile: [Windows]
[2015.10.24-19.07.30:316][  0]LogInit: Applying CVar settings loaded from the selected device profile: [Windows]
[2015.10.24-19.07.30:339][  0]LogInit: Computer: COREYSPRECIOUS
[2015.10.24-19.07.30:339][  0]LogInit: User: Corey
[2015.10.24-19.07.30:339][  0]LogInit: CPU Page size=4096, Cores=4
[2015.10.24-19.07.30:339][  0]LogInit: High frequency timer resolution =3.418198 MHz
[2015.10.24-19.07.30:339][  0]LogMemory: Memory total: Physical=32.0GB (32GB approx)
[2015.10.24-19.07.30:339][  0]LogMemory: Platform Memory Stats for Windows
[2015.10.24-19.07.30:339][  0]LogMemory: Process Physical Memory: 54.15 MB used, 54.15 MB peak
[2015.10.24-19.07.30:339][  0]LogMemory: Process Virtual Memory: 55.29 MB used, 55.29 MB peak
[2015.10.24-19.07.30:339][  0]LogMemory: Physical Memory: 8524.45 MB used, 32724.31 MB total
[2015.10.24-19.07.30:339][  0]LogMemory: Virtual Memory: 364.37 MB used, 134217728.00 MB total
[2015.10.24-19.07.30:898][  0]LogTextLocalizationManager: No specific translations for ('en-US') exist, so ('en') translations will be used.
[2015.10.24-19.07.32:129][  0]LogD3D11RHI: Found D3D11 adapter 0: NVIDIA GeForce GTX TITAN X (Feature Level 11_0)
[2015.10.24-19.07.32:129][  0]LogD3D11RHI: Adapter has 12176MB of dedicated video memory, 0MB of dedicated system memory, and 16362MB of shared system memory, 2 output[s]
[2015.10.24-19.07.32:131][  0]LogD3D11RHI: Found D3D11 adapter 1: Microsoft Basic Render Driver (Feature Level 11_0)
[2015.10.24-19.07.32:131][  0]LogD3D11RHI: Adapter has 0MB of dedicated video memory, 0MB of dedicated system memory, and 16362MB of shared system memory, 0 output[s]
[2015.10.24-19.07.32:132][  0]LogD3D11RHI: Chosen D3D11 Adapter Id = 0
[2015.10.24-19.07.32:144][  0]LogD3D11RHI: !Direct3DDevice
[2015.10.24-19.07.32:144][  0]LogRHI: Texture pool is 1361 MB (70% of 1945 MB)
[2015.10.24-19.07.32:173][  0]LogD3D11RHI: Async texture creation enabled
[2015.10.24-19.07.32:185][  0]LogShaderCompilers: Guid format shader working directory is 14 characters bigger than the processId version (../../../../../Unreal Projects/Capaldi_Tardis/Intermediate/Shaders/WorkingDirectory/21556/).
[2015.10.24-19.07.32:186][  0]LogShaderCompilers: Cleaned the shader compiler working directory '../../../../../Unreal Projects/Capaldi_Tardis/Intermediate/Shaders/tmp/F99A2CA84A4235DF7AB5B39861FB7FBA/'.
[2015.10.24-19.07.32:186][  0]LogShaderCompilers:Display: Using Local Shader Compiler.
[2015.10.24-19.07.35:161][  0]LogTemp:Display: Loaded TP AllDesktopTargetPlatform
[2015.10.24-19.07.35:169][  0]LogTemp:Display: Loaded TP WindowsClientTargetPlatform
[2015.10.24-19.07.35:177][  0]LogTemp:Display: Loaded TP WindowsNoEditorTargetPlatform
[2015.10.24-19.07.35:184][  0]LogTemp:Display: Loaded TP WindowsServerTargetPlatform
[2015.10.24-19.07.35:191][  0]LogTemp:Display: Loaded TP WindowsTargetPlatform
[2015.10.24-19.07.35:199][  0]LogTemp:Display: Loaded TP AndroidTargetPlatform
[2015.10.24-19.07.35:204][  0]LogTemp:Display: Loaded TP Android_ASTCTargetPlatform
[2015.10.24-19.07.35:209][  0]LogTemp:Display: Loaded TP Android_ATCTargetPlatform
[2015.10.24-19.07.35:215][  0]LogTemp:Display: Loaded TP Android_DXTTargetPlatform
[2015.10.24-19.07.35:221][  0]LogTemp:Display: Loaded TP Android_ETC1TargetPlatform
[2015.10.24-19.07.35:227][  0]LogTemp:Display: Loaded TP Android_ETC2TargetPlatform
[2015.10.24-19.07.35:232][  0]LogTemp:Display: Loaded TP Android_PVRTCTargetPlatform
[2015.10.24-19.07.35:233][  0]LogTemp:Display: Loaded TP HTML5TargetPlatform
[2015.10.24-19.07.35:388][  0]LogTemp:Display: Loaded TP IOSTargetPlatform
[2015.10.24-19.07.35:394][  0]LogTemp:Display: Loaded TP LinuxNoEditorTargetPlatform
[2015.10.24-19.07.35:399][  0]LogTemp:Display: Loaded TP LinuxServerTargetPlatform
[2015.10.24-19.07.35:409][  0]LogTemp:Display: Loaded TP LinuxTargetPlatform
[2015.10.24-19.07.35:409][  0]LogTargetPlatformManager:Display: Building Assets For Windows
[2015.10.24-19.07.36:229][  0]LogDerivedDataCache:Display: Max Cache Size: 512 MB
[2015.10.24-19.07.36:438][  0]LogDerivedDataCache: Loaded boot cache 0.21s 41MB C:/Users/Corey/AppData/Local/UnrealEngine/4.9/DerivedDataCache/Boot.ddc.
[2015.10.24-19.07.36:438][  0]LogDerivedDataCache:Display: Loaded Boot cache: C:/Users/Corey/AppData/Local/UnrealEngine/4.9/DerivedDataCache/Boot.ddc
[2015.10.24-19.07.36:439][  0]LogDerivedDataCache: FDerivedDataBackendGraph:  Pak pak cache file ../../../../../Unreal Projects/Capaldi_Tardis/DerivedDataCache/DDC.ddp not found, will not use a pak cache.
[2015.10.24-19.07.36:439][  0]LogDerivedDataCache: Unable to find inner node Pak for hierarchical cache Hierarchy.
[2015.10.24-19.07.36:439][  0]LogDerivedDataCache: FDerivedDataBackendGraph:  CompressedPak pak cache file ../../../../../Unreal Projects/Capaldi_Tardis/DerivedDataCache/Compressed.ddp not found, will not use a pak cache.
[2015.10.24-19.07.36:439][  0]LogDerivedDataCache: Unable to find inner node CompressedPak for hierarchical cache Hierarchy.
[2015.10.24-19.07.36:687][  0]LogDerivedDataCache:Display: Pak cache opened for reading ../../../Engine/DerivedDataCache/Compressed.ddp.
[2015.10.24-19.07.36:700][  0]LogDerivedDataCache: Using Local data cache path C:/Users/Corey/AppData/Local/UnrealEngine/Common/DerivedDataCache: Writable
[2015.10.24-19.07.47:122][  0]LogInit: Selected Device Profile: [Windows]
[2015.10.24-19.07.47:208][  0]LogContentStreaming: Texture pool size is 0.000000MB
[2015.10.24-19.07.48:973][  0]LogMeshUtilities: No automatic mesh reduction module available
[2015.10.24-19.07.48:973][  0]LogMeshUtilities: No automatic mesh merging module available
[2015.10.24-19.07.52:015][  0]LogInit: WinSock: version 1.1 (2.2), MaxSocks=32767, MaxUdp=65467
[2015.10.24-19.07.59:079][  0]LogAssetRegistry: FAssetRegistry took 0.0292 seconds to start up
[2015.10.24-19.07.59:324][  0]UdpMessaging: Initializing bridge on interface 0.0.0.0:0 to multicast group 230.0.0.1:6666.
[2015.10.24-19.08.03:625][  0]SourceControl: Info Source control is disabled
[2015.10.24-19.08.03:626][  0]SourceControl: Info Source control is disabled
[2015.10.24-19.08.03:668][  0]SourceControl: Info Source control is disabled
[2015.10.24-19.08.03:695][  0]SourceControl: Info Source control is disabled
[2015.10.24-19.08.04:384][  0]LogLinker:Warning: Asset '../../../Engine/Plugins/Runtime/LeapMotionController/Content/LM_PassthroughMaterial.uasset' has been saved with empty engine version. The asset will be loaded but may be incompatible.
[2015.10.24-19.08.04:793][  0]LogObj: 28528 objects as part of root set at end of initial load.
[2015.10.24-19.08.04:793][  0]LogUObjectAllocator: 6068464 out of 0 bytes used by permanent object pool.
[2015.10.24-19.08.05:503][  0]LogEngine: Initializing Engine...
[2015.10.24-19.08.05:542][  0]LogHMD: Can't find Oculus library dev build: is proper Runtime installed? Version: 0.7.0.0
[2015.10.24-19.08.05:622][  0]LogHMD: SteamVR failed to initialize.  Err: 110
[2015.10.24-19.08.06:539][  0]LogAIModule: Creating AISystem for world NewWorld
[2015.10.24-19.08.06:734][  0]LogInit: XAudio2 using 'Speakers (2- Logitech G930 Headset)' : 2 channels at 44.1 kHz using 16 bits per sample (channel mask 0x3)
[2015.10.24-19.08.06:755][  0]LogInit: FAudioDevice initialized.
[2015.10.24-19.08.06:808][  0]LogDerivedDataCache: Saved boot cache 0.05s 45MB C:/Users/Corey/AppData/Local/UnrealEngine/4.9/DerivedDataCache/Boot.ddc.
[2015.10.24-19.08.06:825][  0]LogInit: Texture streaming: Enabled
[2015.10.24-19.08.06:910][  0]LogAnalytics: Creating configured Analytics provider AnalyticsET
[2015.10.24-19.08.06:951][  0]LogAnalytics: [UEEditor.Rocket.Release] APIServer = http://et2.epicgames.com/ET2/. AppVersion = 4.9.2-2707645+++depot+UE4-Releases+4.9
[2015.10.24-19.08.06:951][  0]LogAnalytics: [UEEditor.Rocket.Release] SetUserId 5c23449345eaff9b32885493c09453d1|b88b930091cb4a178825078811402870|daab068d-4a04-4064-b248-ec323833554c
[2015.10.24-19.08.06:985][  0]LogAnalytics: [UEEditor.Rocket.Release] AnalyticsET::StartSession
[2015.10.24-19.08.07:161][  0]LogInit: Transaction tracking system initialized
[2015.10.24-19.08.07:585][  0]BlueprintLog: New page: Editor Load
[2015.10.24-19.08.09:050][  0]LocalizationService: Info Localization service is disabled
[2015.10.24-19.08.09:694][  0]LogConsoleResponse:Display: 
[2015.10.24-19.08.12:142][  0]LogFileCache: Scanning file cache for directory 'I:/Unreal Projects/Capaldi_Tardis/Content/' took 0.02s
[2015.10.24-19.08.12:142][  0]LogCook:Display: Done creating registry. It took  0.00s.
[2015.10.24-19.08.13:762][  0]SourceControl: Info Source control is disabled
[2015.10.24-19.08.13:814][  0]Cmd: MAP LOAD FILE="../../../../../Unreal Projects/Capaldi_Tardis/Content/FirstPersonBP/Maps/FirstPersonExampleMap.umap" TEMPLATE=0 SHOWPROGRESS=1 FEATURELEVEL=3
[2015.10.24-19.08.13:871][  0]LightingResults: New page: Lighting Build
[2015.10.24-19.08.13:975][  0]MapCheck: New page: Map Check
[2015.10.24-19.08.13:975][  0]LightingResults: New page: Lighting Build
[2015.10.24-19.08.14:267][  0]LogParticles: Destroying 0 GPU particle simulations for FXSystem 0x0000004F56DEFB00
[2015.10.24-19.08.15:395][  0]LogLinker:Warning: Asset '../../../../../Unreal Projects/Capaldi_Tardis/Content/FirstPersonBP/Blueprints/FirstPersonProjectile.uasset' has been saved with empty engine version. The asset will be loaded but may be incompatible.
[2015.10.24-19.08.15:418][  0]LogLinker:Warning: Asset '../../../../../Unreal Projects/Capaldi_Tardis/Content/FirstPerson/Meshes/FirstPersonProjectileMesh.uasset' has been saved with empty engine version. The asset will be loaded but may be incompatible.
[2015.10.24-19.08.17:751][  0]LogAIModule: Creating AISystem for world FirstPersonExampleMap
[2015.10.24-19.08.18:371][  0]LogEditorServer: Finished looking for orphan Actors (0.000 secs)
[2015.10.24-19.08.18:418][  0]Cmd: MAP CHECKDEP NOCLEARLOG
[2015.10.24-19.08.18:522][  0]MapCheck: Info Map check complete: 0 Error(s), 0 Warning(s), took 103.829ms to complete.
[2015.10.24-19.08.18:561][  0]LogFileHelpers: Loading map 'FirstPersonExampleMap' took 4.758
[2015.10.24-19.08.20:096][  0]LogCollectionManager: Loaded 0 collections in 0.003547 seconds
[2015.10.24-19.08.20:195][  0]LogFileCache: Scanning file cache for directory 'I:/Unreal Projects/Capaldi_Tardis/Saved/Collections/' took 0.01s
[2015.10.24-19.08.20:195][  0]LogFileCache: Scanning file cache for directory 'I:/Unreal Projects/Capaldi_Tardis/Content/Developers/Corey/Collections/' took 0.01s
[2015.10.24-19.08.20:195][  0]LogFileCache: Scanning file cache for directory 'I:/Unreal Projects/Capaldi_Tardis/Content/Collections/' took 0.01s
[2015.10.24-19.08.20:195][  0]LogContentBrowser: Native class hierarchy populated in 0.0324 seconds. Added 1882 classes and 339 folders.
[2015.10.24-19.08.20:311][  0]LogCollectionManager: Rebuilt the GUID cache for 0 collections in 0.000004 seconds
[2015.10.24-19.08.20:461][  0]LogContentBrowser: Native class hierarchy updated for 'WidgetCarousel' in 0.0005 seconds. Added 0 classes and 0 folders.
[2015.10.24-19.08.21:193][  0]LogContentBrowser: Native class hierarchy updated for 'AddContentDialog' in 0.0005 seconds. Added 0 classes and 0 folders.
[2015.10.24-19.08.21:274][  0]LogContentBrowser: Native class hierarchy updated for 'SceneOutliner' in 0.0005 seconds. Added 1 classes and 2 folders.
[2015.10.24-19.08.21:806][  0]LogCrashTracker: Crashtracker disabled due to settings.
[2015.10.24-19.08.22:280][  0]LogLoad: Full Startup: 54.03 seconds (BP compile: 0.94 seconds)
[2015.10.24-19.08.22:666][  0]LogContentStreaming: Texture pool size now 1000 MB
[2015.10.24-19.08.23:372][  0]LogRenderer: Reallocating scene render targets to support 1208x576 (Frame:2).
[2015.10.24-19.08.24:520][  7]LogAssetRegistry: Asset discovery search completed in 25.4517 seconds
[2015.10.24-19.08.24:520][  7]LogCollectionManager: Rebuilt the object cache for 0 collections in 0.000005 seconds (found 0 objects)
[2015.10.24-19.08.24:533][  7]LogCollectionManager: Fixed up redirectors for 0 collections in 0.000101 seconds (updated 0 objects)
[2015.10.24-19.11.04:862][708]LogActorFactory: Actor Factory created TARDIS_Control_Room_S8_BooksHardcover
[2015.10.24-19.11.04:863][708]LogActorFactory: Actor Factory created TARDIS_Control_Room_S8_BookshelfLarge
[2015.10.24-19.11.04:864][708]LogActorFactory: Actor Factory created TARDIS_Control_Room_S8_BookshelfSmall
[2015.10.24-19.11.04:865][708]LogActorFactory: Actor Factory created TARDIS_Control_Room_S8_BooksPaperback
[2015.10.24-19.11.04:865][708]LogActorFactory: Actor Factory created TARDIS_Control_Room_S8_Ceiling
[2015.10.24-19.11.04:866][708]LogActorFactory: Actor Factory created TARDIS_Control_Room_S8_Console4_TelepathicPanel
[2015.10.24-19.11.04:866][708]LogActorFactory: Actor Factory created TARDIS_Control_Room_S8_ConsoleDetails_S8
[2015.10.24-19.11.04:867][708]LogActorFactory: Actor Factory created TARDIS_Control_Room_S8_ConsoleMain
[2015.10.24-19.11.04:867][708]LogActorFactory: Actor Factory created TARDIS_Control_Room_S8_ConsolesLong_Seats
[2015.10.24-19.11.04:868][708]LogActorFactory: Actor Factory created TARDIS_Control_Room_S8_DisplayConsole2
[2015.10.24-19.11.04:869][708]LogActorFactory: Actor Factory created TARDIS_Control_Room_S8_DisplayTele1
[2015.10.24-19.11.04:870][708]LogActorFactory: Actor Factory created TARDIS_Control_Room_S8_DisplayTele2
[2015.10.24-19.11.04:870][708]LogActorFactory: Actor Factory created TARDIS_Control_Room_S8_DoorL
[2015.10.24-19.11.04:871][708]LogActorFactory: Actor Factory created TARDIS_Control_Room_S8_DoorR
[2015.10.24-19.11.04:871][708]LogActorFactory: Actor Factory created TARDIS_Control_Room_S8_DoorsFrame
[2015.10.24-19.11.04:872][708]LogActorFactory: Actor Factory created TARDIS_Control_Room_S8_EntryFrame
[2015.10.24-19.11.04:873][708]LogActorFactory: Actor Factory created TARDIS_Control_Room_S8_FloorCenter_Catwalk_S8
[2015.10.24-19.11.04:873][708]LogActorFactory: Actor Factory created TARDIS_Control_Room_S8_Glass_ConsoleBits
[2015.10.24-19.11.04:874][708]LogActorFactory: Actor Factory created TARDIS_Control_Room_S8_Glass_ShaftColumn
[2015.10.24-19.11.04:874][708]LogActorFactory: Actor Factory created TARDIS_Control_Room_S8_Glass_ShaftLightRods
[2015.10.24-19.11.04:875][708]LogActorFactory: Actor Factory created TARDIS_Control_Room_S8_GlassCatwalkLights
[2015.10.24-19.11.04:876][708]LogActorFactory: Actor Factory created TARDIS_Control_Room_S8_GlassConsole10
[2015.10.24-19.11.04:876][708]LogActorFactory: Actor Factory created TARDIS_Control_Room_S8_GlassDoorL
[2015.10.24-19.11.04:877][708]LogActorFactory: Actor Factory created TARDIS_Control_Room_S8_GlassDoorR
[2015.10.24-19.11.04:877][708]LogActorFactory: Actor Factory created TARDIS_Control_Room_S8_GlassRotorBott
[2015.10.24-19.11.04:878][708]LogActorFactory: Actor Factory created TARDIS_Control_Room_S8_GlassRotorMid
[2015.10.24-19.11.04:879][708]LogActorFactory: Actor Factory created TARDIS_Control_Room_S8_GlassRotorTop
[2015.10.24-19.11.04:879][708]LogActorFactory: Actor Factory created TARDIS_Control_Room_S8_Handrails_S8
[2015.10.24-19.11.04:880][708]LogActorFactory: Actor Factory created TARDIS_Control_Room_S8_HullStruts_S8
[2015.10.24-19.11.04:881][708]LogActorFactory: Actor Factory created TARDIS_Control_Room_S8_Light_DoorFrame_S8
[2015.10.24-19.11.04:881][708]LogActorFactory: Actor Factory created TARDIS_Control_Room_S8_Light_POLICEBOX
[2015.10.24-19.11.04:882][708]LogActorFactory: Actor Factory created TARDIS_Control_Room_S8_LightBookcaseLamp
[2015.10.24-19.11.04:883][708]LogActorFactory: Actor Factory created TARDIS_Control_Room_S8_LightConsole10Display
[2015.10.24-19.11.04:884][708]LogActorFactory: Actor Factory created TARDIS_Control_Room_S8_Lights_BottomChamber
[2015.10.24-19.11.04:885][708]LogActorFactory: Actor Factory created TARDIS_Control_Room_S8_Lights_Console4_Blue
[2015.10.24-19.11.04:885][708]LogActorFactory: Actor Factory created TARDIS_Control_Room_S8_Lights_Console4_Green
[2015.10.24-19.11.04:886][708]LogActorFactory: Actor Factory created TARDIS_Control_Room_S8_Lights_Console4_Purple
[2015.10.24-19.11.04:887][708]LogActorFactory: Actor Factory created TARDIS_Control_Room_S8_Lights_Console4_Red
[2015.10.24-19.11.04:887][708]LogActorFactory: Actor Factory created TARDIS_Control_Room_S8_Lights_Console_Pinhole
[2015.10.24-19.11.04:888][708]LogActorFactory: Actor Factory created TARDIS_Control_Room_S8_Lights_ConsoleBulbs
[2015.10.24-19.11.04:889][708]LogActorFactory: Actor Factory created TARDIS_Control_Room_S8_Lights_Consoles
[2015.10.24-19.11.04:890][708]LogActorFactory: Actor Factory created TARDIS_Control_Room_S8_Lights_ConsolesPerimeter_Pinhole
[2015.10.24-19.11.04:890][708]LogActorFactory: Actor Factory created TARDIS_Control_Room_S8_Lights_UnderPlatform_S8
[2015.10.24-19.11.04:891][708]LogActorFactory: Actor Factory created TARDIS_Control_Room_S8_LightsBookshelfLg
[2015.10.24-19.11.04:892][708]LogActorFactory: Actor Factory created TARDIS_Control_Room_S8_LightsCatwalk
[2015.10.24-19.11.04:893][708]LogActorFactory: Actor Factory created TARDIS_Control_Room_S8_LightsCatwalkBase_S8
[2015.10.24-19.11.04:893][708]LogActorFactory: Actor Factory created TARDIS_Control_Room_S8_LightsConsoleHousing
[2015.10.24-19.11.04:894][708]LogActorFactory: Actor Factory created TARDIS_Control_Room_S8_LightsPortals
[2015.10.24-19.11.04:895][708]LogActorFactory: Actor Factory created TARDIS_Control_Room_S8_LightsPortalsSwitch
[2015.10.24-19.11.04:896][708]LogActorFactory: Actor Factory created TARDIS_Control_Room_S8_LightsRotorBott
[2015.10.24-19.11.04:897][708]LogActorFactory: Actor Factory created TARDIS_Control_Room_S8_LightsRotorMId
[2015.10.24-19.11.04:898][708]LogActorFactory: Actor Factory created TARDIS_Control_Room_S8_LightsRotorTop
[2015.10.24-19.11.04:899][708]LogActorFactory: Actor Factory created TARDIS_Control_Room_S8_LightsShaftCenterBott_S8
[2015.10.24-19.11.04:900][708]LogActorFactory: Actor Factory created TARDIS_Control_Room_S8_LightsShaftCenterTop_S8
[2015.10.24-19.11.04:901][708]LogActorFactory: Actor Factory created TARDIS_Control_Room_S8_LightsStairs_S8
[2015.10.24-19.11.04:901][708]LogActorFactory: Actor Factory created TARDIS_Control_Room_S8_LightsTubesLowerLvl
[2015.10.24-19.11.04:903][708]LogActorFactory: Actor Factory created TARDIS_Control_Room_S8_LightWallDiskMid
[2015.10.24-19.11.04:904][708]LogActorFactory: Actor Factory created TARDIS_Control_Room_S8_LightWallDiskRim
[2015.10.24-19.11.04:905][708]LogActorFactory: Actor Factory created TARDIS_Control_Room_S8_Portals
[2015.10.24-19.11.04:906][708]LogActorFactory: Actor Factory created TARDIS_Control_Room_S8_RotorBott
[2015.10.24-19.11.04:906][708]LogActorFactory: Actor Factory created TARDIS_Control_Room_S8_RotorBottCap
[2015.10.24-19.11.04:907][708]LogActorFactory: Actor Factory created TARDIS_Control_Room_S8_RotorMid
[2015.10.24-19.11.04:908][708]LogActorFactory: Actor Factory created TARDIS_Control_Room_S8_RotorTop
[2015.10.24-19.11.04:909][708]LogActorFactory: Actor Factory created TARDIS_Control_Room_S8_ShaftInnards_Trim
[2015.10.24-19.11.04:910][708]LogActorFactory: Actor Factory created TARDIS_Control_Room_S8_StructureLowerLvl
[2015.10.24-19.11.04:910][708]LogActorFactory: Actor Factory created TARDIS_Control_Room_S8_Tele1
[2015.10.24-19.11.04:911][708]LogActorFactory: Actor Factory created TARDIS_Control_Room_S8_Tele2
[2015.10.24-19.11.04:912][708]LogActorFactory: Actor Factory created TARDIS_Control_Room_S8_TrimCatwalk_S8
[2015.10.24-19.11.04:913][708]LogActorFactory: Actor Factory created TARDIS_Control_Room_S8_TrimWallsLowerLvl
[2015.10.24-19.11.04:914][708]LogActorFactory: Actor Factory created TARDIS_Control_Room_S8_TubePistons
[2015.10.24-19.11.04:914][708]LogActorFactory: Actor Factory created TARDIS_Control_Room_S8_Walkway_Stairs_S8
[2015.10.24-19.11.04:915][708]LogActorFactory: Actor Factory created TARDIS_Control_Room_S8_Walls
[2015.10.24-19.11.04:916][708]LogActorFactory: Actor Factory created TARDIS_Control_Room_S8light
[2015.10.24-19.11.07:389][794]LogActorFactory: Actor Factory created TARDIS_Control_Room_S8_BooksHardcover
[2015.10.24-19.11.07:985][794]LogActorFactory: Actor Factory created TARDIS_Control_Room_S8_BookshelfLarge
[2015.10.24-19.11.08:025][794]LogActorFactory: Actor Factory created TARDIS_Control_Room_S8_BookshelfSmall
[2015.10.24-19.11.08:095][794]LogActorFactory: Actor Factory created TARDIS_Control_Room_S8_BooksPaperback
[2015.10.24-19.11.08:128][794]LogActorFactory: Actor Factory created TARDIS_Control_Room_S8_Ceiling
[2015.10.24-19.11.08:166][794]LogActorFactory: Actor Factory created TARDIS_Control_Room_S8_Console4_TelepathicPanel
[2015.10.24-19.11.08:198][794]LogActorFactory: Actor Factory created TARDIS_Control_Room_S8_ConsoleDetails_S8
[2015.10.24-19.11.08:235][794]LogActorFactory: Actor Factory created TARDIS_Control_Room_S8_ConsoleMain
[2015.10.24-19.11.08:270][794]LogActorFactory: Actor Factory created TARDIS_Control_Room_S8_ConsolesLong_Seats
[2015.10.24-19.11.08:306][794]LogActorFactory: Actor Factory created TARDIS_Control_Room_S8_DisplayConsole2
[2015.10.24-19.11.08:344][794]LogActorFactory: Actor Factory created TARDIS_Control_Room_S8_DisplayTele1
[2015.10.24-19.11.08:379][794]LogActorFactory: Actor Factory created TARDIS_Control_Room_S8_DisplayTele2
[2015.10.24-19.11.08:415][794]LogActorFactory: Actor Factory created TARDIS_Control_Room_S8_DoorL
[2015.10.24-19.11.08:451][794]LogActorFactory: Actor Factory created TARDIS_Control_Room_S8_DoorR
[2015.10.24-19.11.08:484][794]LogActorFactory: Actor Factory created TARDIS_Control_Room_S8_DoorsFrame
[2015.10.24-19.11.08:520][794]LogActorFactory: Actor Factory created TARDIS_Control_Room_S8_EntryFrame
[2015.10.24-19.11.08:554][794]LogActorFactory: Actor Factory created TARDIS_Control_Room_S8_FloorCenter_Catwalk_S8
[2015.10.24-19.11.08:592][794]LogActorFactory: Actor Factory created TARDIS_Control_Room_S8_Glass_ConsoleBits
[2015.10.24-19.11.08:628][794]LogActorFactory: Actor Factory created TARDIS_Control_Room_S8_Glass_ShaftColumn
[2015.10.24-19.11.08:666][794]LogActorFactory: Actor Factory created TARDIS_Control_Room_S8_Glass_ShaftLightRods
[2015.10.24-19.11.08:701][794]LogActorFactory: Actor Factory created TARDIS_Control_Room_S8_GlassCatwalkLights
[2015.10.24-19.11.08:739][794]LogActorFactory: Actor Factory created TARDIS_Control_Room_S8_GlassConsole10
[2015.10.24-19.11.08:773][794]LogActorFactory: Actor Factory created TARDIS_Control_Room_S8_GlassDoorL
[2015.10.24-19.11.08:807][794]LogActorFactory: Actor Factory created TARDIS_Control_Room_S8_GlassDoorR
[2015.10.24-19.11.08:843][794]LogActorFactory: Actor Factory created TARDIS_Control_Room_S8_GlassRotorBott
[2015.10.24-19.11.08:878][794]LogActorFactory: Actor Factory created TARDIS_Control_Room_S8_GlassRotorMid
[2015.10.24-19.11.08:914][794]LogActorFactory: Actor Factory created TARDIS_Control_Room_S8_GlassRotorTop
[2015.10.24-19.11.08:950][794]LogActorFactory: Actor Factory created TARDIS_Control_Room_S8_Handrails_S8
[2015.10.24-19.11.08:983][794]LogActorFactory: Actor Factory created TARDIS_Control_Room_S8_HullStruts_S8
[2015.10.24-19.11.09:016][794]LogActorFactory: Actor Factory created TARDIS_Control_Room_S8_Light_DoorFrame_S8
[2015.10.24-19.11.09:049][794]LogActorFactory: Actor Factory created TARDIS_Control_Room_S8_Light_POLICEBOX
[2015.10.24-19.11.09:085][794]LogActorFactory: Actor Factory created TARDIS_Control_Room_S8_LightBookcaseLamp
[2015.10.24-19.11.09:118][794]LogActorFactory: Actor Factory created TARDIS_Control_Room_S8_LightConsole10Display
[2015.10.24-19.11.09:152][794]LogActorFactory: Actor Factory created TARDIS_Control_Room_S8_Lights_BottomChamber
[2015.10.24-19.11.09:184][794]LogActorFactory: Actor Factory created TARDIS_Control_Room_S8_Lights_Console4_Blue
[2015.10.24-19.11.09:220][794]LogActorFactory: Actor Factory created TARDIS_Control_Room_S8_Lights_Console4_Green
[2015.10.24-19.11.09:257][794]LogActorFactory: Actor Factory created TARDIS_Control_Room_S8_Lights_Console4_Purple
[2015.10.24-19.11.09:294][794]LogActorFactory: Actor Factory created TARDIS_Control_Room_S8_Lights_Console4_Red
[2015.10.24-19.11.09:329][794]LogActorFactory: Actor Factory created TARDIS_Control_Room_S8_Lights_Console_Pinhole
[2015.10.24-19.11.09:363][794]LogActorFactory: Actor Factory created TARDIS_Control_Room_S8_Lights_ConsoleBulbs
[2015.10.24-19.11.09:397][794]LogActorFactory: Actor Factory created TARDIS_Control_Room_S8_Lights_Consoles
[2015.10.24-19.11.09:430][794]LogActorFactory: Actor Factory created TARDIS_Control_Room_S8_Lights_ConsolesPerimeter_Pinhole
[2015.10.24-19.11.09:465][794]LogActorFactory: Actor Factory created TARDIS_Control_Room_S8_Lights_UnderPlatform_S8
[2015.10.24-19.11.09:498][794]LogActorFactory: Actor Factory created TARDIS_Control_Room_S8_LightsBookshelfLg
[2015.10.24-19.11.09:531][794]LogActorFactory: Actor Factory created TARDIS_Control_Room_S8_LightsCatwalk
[2015.10.24-19.11.09:567][794]LogActorFactory: Actor Factory created TARDIS_Control_Room_S8_LightsCatwalkBase_S8
[2015.10.24-19.11.09:602][794]LogActorFactory: Actor Factory created TARDIS_Control_Room_S8_LightsConsoleHousing
[2015.10.24-19.11.09:637][794]LogActorFactory: Actor Factory created TARDIS_Control_Room_S8_LightsPortals
[2015.10.24-19.11.09:672][794]LogActorFactory: Actor Factory created TARDIS_Control_Room_S8_LightsPortalsSwitch
[2015.10.24-19.11.09:709][794]LogActorFactory: Actor Factory created TARDIS_Control_Room_S8_LightsRotorBott
[2015.10.24-19.11.09:747][794]LogActorFactory: Actor Factory created TARDIS_Control_Room_S8_LightsRotorMId
[2015.10.24-19.11.09:782][794]LogActorFactory: Actor Factory created TARDIS_Control_Room_S8_LightsRotorTop
[2015.10.24-19.11.09:817][794]LogActorFactory: Actor Factory created TARDIS_Control_Room_S8_LightsShaftCenterBott_S8
[2015.10.24-19.11.09:850][794]LogActorFactory: Actor Factory created TARDIS_Control_Room_S8_LightsShaftCenterTop_S8
[2015.10.24-19.11.09:887][794]LogActorFactory: Actor Factory created TARDIS_Control_Room_S8_LightsStairs_S8
[2015.10.24-19.11.09:921][794]LogAct