[2015.10.28-00.24.54:413][  0]Log file open, 10/27/15 17:24:54
[2015.10.28-00.24.54:413][  0]LogInit:Display: Running engine for game: Capaldi_Tardis
[2015.10.28-00.24.54:413][  0]LogInit:Display: RandInit(-857629520) SRandInit(-857629519).
[2015.10.28-00.24.54:413][  0]LogTaskGraph: Started task graph with 4 named threads and 7 total threads.
[2015.10.28-00.24.54:413][  0]LogStats: Stats thread started at 0.224838
[2015.10.28-00.24.54:413][  0]LogInit: Version: 4.9.2-2707645+++depot+UE4-Releases+4.9
[2015.10.28-00.24.54:413][  0]LogInit: API Version: 2672455
[2015.10.28-00.24.54:413][  0]LogInit: Compiled (64-bit): Sep 28 2015 10:25:44
[2015.10.28-00.24.54:413][  0]LogInit: Compiled with Visual C++: 18.00.21005.01
[2015.10.28-00.24.54:413][  0]LogInit: Build Configuration: Development
[2015.10.28-00.24.54:413][  0]LogInit: Branch Name: ++depot+UE4-Releases+4.9
[2015.10.28-00.24.54:413][  0]LogInit: Command line:  
[2015.10.28-00.24.54:413][  0]LogInit: Base directory: I:/Epic Games/4.9/Engine/Binaries/Win64/
[2015.10.28-00.24.54:413][  0]LogInit: Rocket: 1
[2015.10.28-00.24.54:469][  0]LogInit: Using libcurl 7.41.0
[2015.10.28-00.24.54:469][  0]LogInit:  - built for x86_64-pc-win32
[2015.10.28-00.24.54:469][  0]LogInit:  - supports SSL with WinSSL
[2015.10.28-00.24.54:469][  0]LogInit:  - other features:
[2015.10.28-00.24.54:469][  0]LogInit:      CURL_VERSION_SSL
[2015.10.28-00.24.54:469][  0]LogInit:      CURL_VERSION_IPV6
[2015.10.28-00.24.54:469][  0]LogInit:      CURL_VERSION_ASYNCHDNS
[2015.10.28-00.24.54:469][  0]LogInit:      CURL_VERSION_LARGEFILE
[2015.10.28-00.24.54:469][  0]LogInit:      CURL_VERSION_IDN
[2015.10.28-00.24.54:469][  0]LogInit:  CurlRequestOptions (configurable via config and command line):
[2015.10.28-00.24.54:469][  0]LogInit:  - bVerifyPeer = true  - Libcurl will verify peer certificate
[2015.10.28-00.24.54:469][  0]LogInit:  - bUseHttpProxy = false  - Libcurl will NOT use HTTP proxy
[2015.10.28-00.24.54:469][  0]LogInit:  - bDontReuseConnections = false  - Libcurl will reuse connections
[2015.10.28-00.24.54:469][  0]LogInit:  - CertBundlePath = nullptr  - Libcurl will use whatever was configured at build time.
[2015.10.28-00.24.54:545][  0]LogInit: Presizing for 0 objects not considered by GC, pre-allocating 0 bytes.
[2015.10.28-00.24.54:557][  0]LogInit: Object subsystem initialized
[2015.10.28-00.24.54:559][  0]LogInit: Selected Device Profile: [Windows]
[2015.10.28-00.24.54:559][  0]LogInit: Applying CVar settings loaded from the selected device profile: [Windows]
[2015.10.28-00.24.54:578][  0]LogInit: Computer: COREYSPRECIOUS
[2015.10.28-00.24.54:578][  0]LogInit: User: Corey
[2015.10.28-00.24.54:578][  0]LogInit: CPU Page size=4096, Cores=4
[2015.10.28-00.24.54:578][  0]LogInit: High frequency timer resolution =3.418198 MHz
[2015.10.28-00.24.54:578][  0]LogMemory: Memory total: Physical=32.0GB (32GB approx)
[2015.10.28-00.24.54:578][  0]LogMemory: Platform Memory Stats for Windows
[2015.10.28-00.24.54:578][  0]LogMemory: Process Physical Memory: 54.04 MB used, 54.04 MB peak
[2015.10.28-00.24.54:578][  0]LogMemory: Process Virtual Memory: 55.34 MB used, 55.34 MB peak
[2015.10.28-00.24.54:578][  0]LogMemory: Physical Memory: 8972.74 MB used, 32724.31 MB total
[2015.10.28-00.24.54:578][  0]LogMemory: Virtual Memory: 364.37 MB used, 134217728.00 MB total
[2015.10.28-00.24.55:093][  0]LogTextLocalizationManager: No specific translations for ('en-US') exist, so ('en') translations will be used.
[2015.10.28-00.24.56:367][  0]LogD3D11RHI: Found D3D11 adapter 0: NVIDIA GeForce GTX TITAN X (Feature Level 11_0)
[2015.10.28-00.24.56:367][  0]LogD3D11RHI: Adapter has 12176MB of dedicated video memory, 0MB of dedicated system memory, and 16362MB of shared system memory, 2 output[s]
[2015.10.28-00.24.56:369][  0]LogD3D11RHI: Found D3D11 adapter 1: Microsoft Basic Render Driver (Feature Level 11_0)
[2015.10.28-00.24.56:369][  0]LogD3D11RHI: Adapter has 0MB of dedicated video memory, 0MB of dedicated system memory, and 16362MB of shared system memory, 0 output[s]
[2015.10.28-00.24.56:370][  0]LogD3D11RHI: Chosen D3D11 Adapter Id = 0
[2015.10.28-00.24.56:400][  0]LogD3D11RHI: !Direct3DDevice
[2015.10.28-00.24.56:400][  0]LogRHI: Texture pool is 1361 MB (70% of 1945 MB)
[2015.10.28-00.24.56:425][  0]LogD3D11RHI: Async texture creation enabled
[2015.10.28-00.24.56:437][  0]LogShaderCompilers: Guid format shader working directory is 14 characters bigger than the processId version (../../../../../Unreal Projects/Capaldi-Tardis/Intermediate/Shaders/WorkingDirectory/80028/).
[2015.10.28-00.24.56:438][  0]LogShaderCompilers: Cleaned the shader compiler working directory '../../../../../Unreal Projects/Capaldi-Tardis/Intermediate/Shaders/tmp/A52DF2C24F3103CCDC5731979F33113E/'.
[2015.10.28-00.24.56:438][  0]LogShaderCompilers:Display: Using Local Shader Compiler.
[2015.10.28-00.24.59:356][  0]LogTemp:Display: Loaded TP AllDesktopTargetPlatform
[2015.10.28-00.24.59:364][  0]LogTemp:Display: Loaded TP WindowsClientTargetPlatform
[2015.10.28-00.24.59:373][  0]LogTemp:Display: Loaded TP WindowsNoEditorTargetPlatform
[2015.10.28-00.24.59:381][  0]LogTemp:Display: Loaded TP WindowsServerTargetPlatform
[2015.10.28-00.24.59:388][  0]LogTemp:Display: Loaded TP WindowsTargetPlatform
[2015.10.28-00.24.59:396][  0]LogTemp:Display: Loaded TP AndroidTargetPlatform
[2015.10.28-00.24.59:402][  0]LogTemp:Display: Loaded TP Android_ASTCTargetPlatform
[2015.10.28-00.24.59:407][  0]LogTemp:Display: Loaded TP Android_ATCTargetPlatform
[2015.10.28-00.24.59:411][  0]LogTemp:Display: Loaded TP Android_DXTTargetPlatform
[2015.10.28-00.24.59:416][  0]LogTemp:Display: Loaded TP Android_ETC1TargetPlatform
[2015.10.28-00.24.59:421][  0]LogTemp:Display: Loaded TP Android_ETC2TargetPlatform
[2015.10.28-00.24.59:425][  0]LogTemp:Display: Loaded TP Android_PVRTCTargetPlatform
[2015.10.28-00.24.59:426][  0]LogTemp:Display: Loaded TP HTML5TargetPlatform
[2015.10.28-00.24.59:569][  0]LogTemp:Display: Loaded TP IOSTargetPlatform
[2015.10.28-00.24.59:574][  0]LogTemp:Display: Loaded TP LinuxNoEditorTargetPlatform
[2015.10.28-00.24.59:579][  0]LogTemp:Display: Loaded TP LinuxServerTargetPlatform
[2015.10.28-00.24.59:587][  0]LogTemp:Display: Loaded TP LinuxTargetPlatform
[2015.10.28-00.24.59:587][  0]LogTargetPlatformManager:Display: Building Assets For Windows
[2015.10.28-00.25.00:422][  0]LogDerivedDataCache:Display: Max Cache Size: 512 MB
[2015.10.28-00.25.00:623][  0]LogDerivedDataCache: Loaded boot cache 0.20s 41MB C:/Users/Corey/AppData/Local/UnrealEngine/4.9/DerivedDataCache/Boot.ddc.
[2015.10.28-00.25.00:623][  0]LogDerivedDataCache:Display: Loaded Boot cache: C:/Users/Corey/AppData/Local/UnrealEngine/4.9/DerivedDataCache/Boot.ddc
[2015.10.28-00.25.00:623][  0]LogDerivedDataCache: FDerivedDataBackendGraph:  Pak pak cache file ../../../../../Unreal Projects/Capaldi-Tardis/DerivedDataCache/DDC.ddp not found, will not use a pak cache.
[2015.10.28-00.25.00:623][  0]LogDerivedDataCache: Unable to find inner node Pak for hierarchical cache Hierarchy.
[2015.10.28-00.25.00:623][  0]LogDerivedDataCache: FDerivedDataBackendGraph:  CompressedPak pak cache file ../../../../../Unreal Projects/Capaldi-Tardis/DerivedDataCache/Compressed.ddp not found, will not use a pak cache.
[2015.10.28-00.25.00:623][  0]LogDerivedDataCache: Unable to find inner node CompressedPak for hierarchical cache Hierarchy.
[2015.10.28-00.25.00:871][  0]LogDerivedDataCache:Display: Pak cache opened for reading ../../../Engine/DerivedDataCache/Compressed.ddp.
[2015.10.28-00.25.00:884][  0]LogDerivedDataCache: Using Local data cache path C:/Users/Corey/AppData/Local/UnrealEngine/Common/DerivedDataCache: Writable
[2015.10.28-00.25.09:530][  0]LogInit: Selected Device Profile: [Windows]
[2015.10.28-00.25.09:535][  0]LogContentStreaming: Texture pool size is 0.000000MB
[2015.10.28-00.25.09:713][  0]LogMeshUtilities: No automatic mesh reduction module available
[2015.10.28-00.25.09:713][  0]LogMeshUtilities: No automatic mesh merging module available
[2015.10.28-00.25.10:153][  0]LogInit: WinSock: version 1.1 (2.2), MaxSocks=32767, MaxUdp=65467
[2015.10.28-00.25.14:530][  0]LogAssetRegistry: FAssetRegistry took 0.0113 seconds to start up
[2015.10.28-00.25.14:554][  0]UdpMessaging: Initializing bridge on interface 0.0.0.0:0 to multicast group 230.0.0.1:6666.
[2015.10.28-00.25.15:220][  0]SourceControl: Info Source control is disabled
[2015.10.28-00.25.15:840][  0]LogLinker:Warning: Asset '../../../Engine/Plugins/Runtime/LeapMotionController/Content/LM_PassthroughMaterial.uasset' has been saved with empty engine version. The asset will be loaded but may be incompatible.
[2015.10.28-00.25.16:045][  0]LogObj: 28528 objects as part of root set at end of initial load.
[2015.10.28-00.25.16:045][  0]LogUObjectAllocator: 6068456 out of 0 bytes used by permanent object pool.
[2015.10.28-00.25.16:141][  0]LogEngine: Initializing Engine...
[2015.10.28-00.25.16:144][  0]LogHMD: Can't find Oculus library dev build: is proper Runtime installed? Version: 0.7.0.0
[2015.10.28-00.25.16:183][  0]LogHMD: SteamVR failed to initialize.  Err: 110
[2015.10.28-00.25.16:372][  0]LogAIModule: Creating AISystem for world NewWorld
[2015.10.28-00.25.16:399][  0]LogInit: XAudio2 using 'Speakers (Logitech G930 Headset)' : 2 channels at 44.1 kHz using 16 bits per sample (channel mask 0x3)
[2015.10.28-00.25.16:413][  0]LogInit: FAudioDevice initialized.
[2015.10.28-00.25.16:460][  0]LogDerivedDataCache: Saved boot cache 0.05s 41MB C:/Users/Corey/AppData/Local/UnrealEngine/4.9/DerivedDataCache/Boot.ddc.
[2015.10.28-00.25.16:475][  0]LogInit: Texture streaming: Enabled
[2015.10.28-00.25.16:486][  0]LogAnalytics: Creating configured Analytics provider AnalyticsET
[2015.10.28-00.25.16:486][  0]LogAnalytics: [UEEditor.Rocket.Release] APIServer = http://et2.epicgames.com/ET2/. AppVersion = 4.9.2-2707645+++depot+UE4-Releases+4.9
[2015.10.28-00.25.16:486][  0]LogAnalytics: [UEEditor.Rocket.Release] SetUserId 5c23449345eaff9b32885493c09453d1|b88b930091cb4a178825078811402870|daab068d-4a04-4064-b248-ec323833554c
[2015.10.28-00.25.16:486][  0]LogAnalytics: [UEEditor.Rocket.Release] AnalyticsET::StartSession
[2015.10.28-00.25.16:581][  0]LogWindowsTextInputMethodSystem:Display: IME system now deactivated.
[2015.10.28-00.25.16:581][  0]LogWindowsTextInputMethodSystem:Display: IME system now deactivated.
[2015.10.28-00.25.16:613][  0]LogInit: Transaction tracking system initialized
[2015.10.28-00.25.16:663][  0]BlueprintLog: New page: Editor Load
[2015.10.28-00.25.16:825][  0]LocalizationService: Info Localization service is disabled
[2015.10.28-00.25.16:978][  0]LogConsoleResponse:Display: 
[2015.10.28-00.25.17:628][  0]LogCook:Display: Done creating registry. It took  0.00s.
[2015.10.28-00.25.17:787][  0]LogFileCache: Scanning file cache for directory 'I:/Unreal Projects/Capaldi-Tardis/Content/' took 0.04s
[2015.10.28-00.25.17:875][  0]Cmd: MAP LOAD FILE="../../../../../Unreal Projects/Capaldi-Tardis/Content/FirstPersonBP/Maps/FirstPersonExampleMap.umap" TEMPLATE=0 SHOWPROGRESS=1 FEATURELEVEL=3
[2015.10.28-00.25.17:876][  0]LightingResults: New page: Lighting Build
[2015.10.28-00.25.17:881][  0]MapCheck: New page: Map Check
[2015.10.28-00.25.17:881][  0]LightingResults: New page: Lighting Build
[2015.10.28-00.25.17:900][  0]LogParticles: Destroying 0 GPU particle simulations for FXSystem 0x000000EF1C7C76A0
[2015.10.28-00.25.41:825][  0]LogAIModule: Creating AISystem for world FirstPersonExampleMap
[2015.10.28-00.25.41:940][  0]LogEditorServer: Finished looking for orphan Actors (0.000 secs)
[2015.10.28-00.25.41:941][  0]Cmd: MAP CHECKDEP NOCLEARLOG
[2015.10.28-00.25.42:412][  0]MapCheck: Info Map check complete: 0 Error(s), 0 Warning(s), took 470.867ms to complete.
[2015.10.28-00.25.42:413][  0]LogFileHelpers: Loading map 'FirstPersonExampleMap' took 24.538
[2015.10.28-00.25.42:743][  0]LogCollectionManager: Loaded 0 collections in 0.004073 seconds
[2015.10.28-00.25.42:793][  0]LogFileCache: Scanning file cache for directory 'I:/Unreal Projects/Capaldi-Tardis/Saved/Collections/' took 0.01s
[2015.10.28-00.25.42:793][  0]LogFileCache: Scanning file cache for directory 'I:/Unreal Projects/Capaldi-Tardis/Content/Developers/Corey/Collections/' took 0.01s
[2015.10.28-00.25.42:794][  0]LogFileCache: Scanning file cache for directory 'I:/Unreal Projects/Capaldi-Tardis/Content/Collections/' took 0.01s
[2015.10.28-00.25.42:794][  0]LogContentBrowser: Native class hierarchy populated in 0.0126 seconds. Added 1882 classes and 339 folders.
[2015.10.28-00.25.42:817][  0]LogCollectionManager: Rebuilt the GUID cache for 0 collections in 0.000006 seconds
[2015.10.28-00.25.42:828][  0]LogContentBrowser: Native class hierarchy updated for 'WidgetCarousel' in 0.0007 seconds. Added 0 classes and 0 folders.
[2015.10.28-00.25.43:370][  0]LogContentBrowser: Native class hierarchy updated for 'AddContentDialog' in 0.0006 seconds. Added 0 classes and 0 folders.
[2015.10.28-00.25.43:377][  0]LogContentBrowser: Native class hierarchy updated for 'SceneOutliner' in 0.0006 seconds. Added 1 classes and 2 folders.
[2015.10.28-00.25.43:393][  0]LogCrashTracker: Crashtracker disabled due to settings.
[2015.10.28-00.25.43:521][  0]LogLoad: Full Startup: 50.72 seconds (BP compile: 0.13 seconds)
[2015.10.28-00.25.43:662][  0]SourceControl: Info On branch master
[2015.10.28-00.25.43:662][  0]SourceControl: Info Your branch is ahead of 'origin/master' by 1 commit.
[2015.10.28-00.25.43:662][  0]SourceControl: Info   (use "git push" to publish your local commits)
[2015.10.28-00.25.43:662][  0]SourceControl: Info Changes not staged for commit:
[2015.10.28-00.25.43:662][  0]SourceControl: Info   (use "git add/rm <file>..." to update what will be committed)
[2015.10.28-00.25.43:662][  0]SourceControl: Info   (use "git checkout -- <file>..." to discard changes in working directory)
[2015.10.28-00.25.43:662][  0]SourceControl: Info 	modified:   Content/FirstPersonBP/Maps/FirstPersonExampleMap.umap
[2015.10.28-00.25.43:662][  0]SourceControl: Info 	modified:   Intermediate/CachedAssetRegistry.bin
[2015.10.28-00.25.43:662][  0]SourceControl: Info 	modified:   Saved/AutoScreenshot.png
[2015.10.28-00.25.43:662][  0]SourceControl: Info 	modified:   Saved/Autosaves/PackageRestoreData.json
[2015.10.28-00.25.43:662][  0]SourceControl: Info 	deleted:    Saved/Backup/FirstPersonExampleMap_2015-10-26-17-46-44.umap
[2015.10.28-00.25.43:662][  0]SourceControl: Info 	modified:   Saved/Config/Windows/EditorPerProjectUserSettings.ini
[2015.10.28-00.25.43:662][  0]SourceControl: Info 	modified:   Saved/Logs/Capaldi_Tardis.log
[2015.10.28-00.25.43:662][  0]SourceControl: Info Untracked files:
[2015.10.28-00.25.43:662][  0]SourceControl: Info   (use "git add <file>..." to include in what will be committed)
[2015.10.28-00.25.43:662][  0]SourceControl: Info 	Saved/Backup/FirstPersonExampleMap_2015-10-27-16-57-34.umap
[2015.10.28-00.25.43:662][  0]SourceControl: Info 	Saved/Logs/Capaldi_Tardis-backup-2015.10.27-17.24.54.log
[2015.10.28-00.25.43:662][  0]SourceControl: Info no changes added to commit (use "git add" and/or "git commit -a")
[2015.10.28-00.25.43:662][  0]LogContentStreaming: Texture pool size now 1000 MB
[2015.10.28-00.25.43:999][  0]LogRenderer: Reallocating scene render targets to support 1312x552 (Frame:2).
[2015.10.28-00.25.44:888][ 12]LogAssetRegistry: Asset discovery search completed in 30.3687 seconds
[2015.10.28-00.25.44:888][ 12]LogCollectionManager: Rebuilt the object cache for 0 collections in 0.000001 seconds (found 0 objects)
[2015.10.28-00.25.44:888][ 12]LogCollectionManager: Fixed up redirectors for 0 collections in 0.000058 seconds (updated 0 objects)
[2015.10.28-00.26.27:819][ 25]SourceControl: Info On branch master
[2015.10.28-00.26.27:819][ 25]SourceControl: Info Your branch is ahead of 'origin/master' by 1 commit.
[2015.10.28-00.26.27:819][ 25]SourceControl: Info   (use "git push" to publish your local commits)
[2015.10.28-00.26.27:819][ 25]SourceControl: Info Changes not staged for commit:
[2015.10.28-00.26.27:819][ 25]SourceControl: Info   (use "git add/rm <file>..." to update what will be committed)
[2015.10.28-00.26.27:819][ 25]SourceControl: Info   