[2015.10.24-20.15.24:169][  0]Log file open, 10/24/15 14:15:24
[2015.10.24-20.15.24:169][  0]LogInit:Display: Running engine for game: Capaldi_Tardis
[2015.10.24-20.15.24:169][  0]LogInit:Display: RandInit(-1683962986) SRandInit(-1683962985).
[2015.10.24-20.15.24:169][  0]LogTaskGraph: Started task graph with 4 named threads and 7 total threads.
[2015.10.24-20.15.24:169][  0]LogStats: Stats thread started at 0.097850
[2015.10.24-20.15.24:169][  0]LogInit: Version: 4.9.2-2707645+++depot+UE4-Releases+4.9
[2015.10.24-20.15.24:169][  0]LogInit: API Version: 2672455
[2015.10.24-20.15.24:169][  0]LogInit: Compiled (64-bit): Sep 28 2015 10:25:44
[2015.10.24-20.15.24:169][  0]LogInit: Compiled with Visual C++: 18.00.21005.01
[2015.10.24-20.15.24:169][  0]LogInit: Build Configuration: Development
[2015.10.24-20.15.24:169][  0]LogInit: Branch Name: ++depot+UE4-Releases+4.9
[2015.10.24-20.15.24:169][  0]LogInit: Command line:  
[2015.10.24-20.15.24:169][  0]LogInit: Base directory: I:/Epic Games/4.9/Engine/Binaries/Win64/
[2015.10.24-20.15.24:169][  0]LogInit: Rocket: 1
[2015.10.24-20.15.24:183][  0]LogInit: Using libcurl 7.41.0
[2015.10.24-20.15.24:183][  0]LogInit:  - built for x86_64-pc-win32
[2015.10.24-20.15.24:183][  0]LogInit:  - supports SSL with WinSSL
[2015.10.24-20.15.24:183][  0]LogInit:  - other features:
[2015.10.24-20.15.24:183][  0]LogInit:      CURL_VERSION_SSL
[2015.10.24-20.15.24:183][  0]LogInit:      CURL_VERSION_IPV6
[2015.10.24-20.15.24:183][  0]LogInit:      CURL_VERSION_ASYNCHDNS
[2015.10.24-20.15.24:183][  0]LogInit:      CURL_VERSION_LARGEFILE
[2015.10.24-20.15.24:183][  0]LogInit:      CURL_VERSION_IDN
[2015.10.24-20.15.24:183][  0]LogInit:  CurlRequestOptions (configurable via config and command line):
[2015.10.24-20.15.24:183][  0]LogInit:  - bVerifyPeer = true  - Libcurl will verify peer certificate
[2015.10.24-20.15.24:183][  0]LogInit:  - bUseHttpProxy = false  - Libcurl will NOT use HTTP proxy
[2015.10.24-20.15.24:183][  0]LogInit:  - bDontReuseConnections = false  - Libcurl will reuse connections
[2015.10.24-20.15.24:183][  0]LogInit:  - CertBundlePath = nullptr  - Libcurl will use whatever was configured at build time.
[2015.10.24-20.15.24:194][  0]LogInit: Presizing for 0 objects not considered by GC, pre-allocating 0 bytes.
[2015.10.24-20.15.24:205][  0]LogInit: Object subsystem initialized
[2015.10.24-20.15.24:207][  0]LogInit: Selected Device Profile: [Windows]
[2015.10.24-20.15.24:207][  0]LogInit: Applying CVar settings loaded from the selected device profile: [Windows]
[2015.10.24-20.15.24:221][  0]LogInit: Computer: COREYSPRECIOUS
[2015.10.24-20.15.24:221][  0]LogInit: User: Corey
[2015.10.24-20.15.24:221][  0]LogInit: CPU Page size=4096, Cores=4
[2015.10.24-20.15.24:221][  0]LogInit: High frequency timer resolution =3.418198 MHz
[2015.10.24-20.15.24:221][  0]LogMemory: Memory total: Physical=32.0GB (32GB approx)
[2015.10.24-20.15.24:221][  0]LogMemory: Platform Memory Stats for Windows
[2015.10.24-20.15.24:221][  0]LogMemory: Process Physical Memory: 53.81 MB used, 53.81 MB peak
[2015.10.24-20.15.24:221][  0]LogMemory: Process Virtual Memory: 55.28 MB used, 55.28 MB peak
[2015.10.24-20.15.24:221][  0]LogMemory: Physical Memory: 9721.21 MB used, 32724.31 MB total
[2015.10.24-20.15.24:221][  0]LogMemory: Virtual Memory: 364.37 MB used, 134217728.00 MB total
[2015.10.24-20.15.24:268][  0]LogTextLocalizationManager: No specific translations for ('en-US') exist, so ('en') translations will be used.
[2015.10.24-20.15.25:127][  0]LogD3D11RHI: Found D3D11 adapter 0: NVIDIA GeForce GTX TITAN X (Feature Level 11_0)
[2015.10.24-20.15.25:127][  0]LogD3D11RHI: Adapter has 12176MB of dedicated video memory, 0MB of dedicated system memory, and 16362MB of shared system memory, 2 output[s]
[2015.10.24-20.15.25:129][  0]LogD3D11RHI: Found D3D11 adapter 1: Microsoft Basic Render Driver (Feature Level 11_0)
[2015.10.24-20.15.25:129][  0]LogD3D11RHI: Adapter has 0MB of dedicated video memory, 0MB of dedicated system memory, and 16362MB of shared system memory, 0 output[s]
[2015.10.24-20.15.25:129][  0]LogD3D11RHI: Chosen D3D11 Adapter Id = 0
[2015.10.24-20.15.25:142][  0]LogD3D11RHI: !Direct3DDevice
[2015.10.24-20.15.25:142][  0]LogRHI: Texture pool is 1361 MB (70% of 1945 MB)
[2015.10.24-20.15.25:173][  0]LogD3D11RHI: Async texture creation enabled
[2015.10.24-20.15.25:187][  0]LogShaderCompilers: Guid format shader working directory is 14 characters bigger than the processId version (../../../../../Unreal Projects/Capaldi_Tardis/Intermediate/Shaders/WorkingDirectory/18792/).
[2015.10.24-20.15.25:187][  0]LogShaderCompilers: Cleaned the shader compiler working directory '../../../../../Unreal Projects/Capaldi_Tardis/Intermediate/Shaders/tmp/B6F4AEB646765E87CB98A8A8C7092655/'.
[2015.10.24-20.15.25:187][  0]LogShaderCompilers:Display: Using Local Shader Compiler.
[2015.10.24-20.15.26:677][  0]LogTemp:Display: Loaded TP AllDesktopTargetPlatform
[2015.10.24-20.15.26:687][  0]LogTemp:Display: Loaded TP WindowsClientTargetPlatform
[2015.10.24-20.15.26:696][  0]LogTemp:Display: Loaded TP WindowsNoEditorTargetPlatform
[2015.10.24-20.15.26:707][  0]LogTemp:Display: Loaded TP WindowsServerTargetPlatform
[2015.10.24-20.15.26:714][  0]LogTemp:Display: Loaded TP WindowsTargetPlatform
[2015.10.24-20.15.26:721][  0]LogTemp:Display: Loaded TP AndroidTargetPlatform
[2015.10.24-20.15.26:727][  0]LogTemp:Display: Loaded TP Android_ASTCTargetPlatform
[2015.10.24-20.15.26:733][  0]LogTemp:Display: Loaded TP Android_ATCTargetPlatform
[2015.10.24-20.15.26:739][  0]LogTemp:Display: Loaded TP Android_DXTTargetPlatform
[2015.10.24-20.15.26:744][  0]LogTemp:Display: Loaded TP Android_ETC1TargetPlatform
[2015.10.24-20.15.26:750][  0]LogTemp:Display: Loaded TP Android_ETC2TargetPlatform
[2015.10.24-20.15.26:757][  0]LogTemp:Display: Loaded TP Android_PVRTCTargetPlatform
[2015.10.24-20.15.26:758][  0]LogTemp:Display: Loaded TP HTML5TargetPlatform
[2015.10.24-20.15.26:778][  0]LogTemp:Display: Loaded TP IOSTargetPlatform
[2015.10.24-20.15.26:783][  0]LogTemp:Display: Loaded TP LinuxNoEditorTargetPlatform
[2015.10.24-20.15.26:789][  0]LogTemp:Display: Loaded TP LinuxServerTargetPlatform
[2015.10.24-20.15.26:794][  0]LogTemp:Display: Loaded TP LinuxTargetPlatform
[2015.10.24-20.15.26:794][  0]LogTargetPlatformManager:Display: Building Assets For Windows
[2015.10.24-20.15.26:931][  0]LogDerivedDataCache:Display: Max Cache Size: 512 MB
[2015.10.24-20.15.27:045][  0]LogDerivedDataCache: Loaded boot cache 0.11s 45MB C:/Users/Corey/AppData/Local/UnrealEngine/4.9/DerivedDataCache/Boot.ddc.
[2015.10.24-20.15.27:045][  0]LogDerivedDataCache:Display: Loaded Boot cache: C:/Users/Corey/AppData/Local/UnrealEngine/4.9/DerivedDataCache/Boot.ddc
[2015.10.24-20.15.27:045][  0]LogDerivedDataCache: FDerivedDataBackendGraph:  Pak pak cache file ../../../../../Unreal Projects/Capaldi_Tardis/DerivedDataCache/DDC.ddp not found, will not use a pak cache.
[2015.10.24-20.15.27:045][  0]LogDerivedDataCache: Unable to find inner node Pak for hierarchical cache Hierarchy.
[2015.10.24-20.15.27:046][  0]LogDerivedDataCache: FDerivedDataBackendGraph:  CompressedPak pak cache file ../../../../../Unreal Projects/Capaldi_Tardis/DerivedDataCache/Compressed.ddp not found, will not use a pak cache.
[2015.10.24-20.15.27:046][  0]LogDerivedDataCache: Unable to find inner node CompressedPak for hierarchical cache Hierarchy.
[2015.10.24-20.15.27:229][  0]LogDerivedDataCache:Display: Pak cache opened for reading ../../../Engine/DerivedDataCache/Compressed.ddp.
[2015.10.24-20.15.27:242][  0]LogDerivedDataCache: Using Local data cache path C:/Users/Corey/AppData/Local/UnrealEngine/Common/DerivedDataCache: Writable
[2015.10.24-20.15.27:528][  0]LogInit: Selected Device Profile: [Windows]
[2015.10.24-20.15.27:530][  0]LogContentStreaming: Texture pool size is 0.000000MB
[2015.10.24-20.15.27:710][  0]LogMeshUtilities: No automatic mesh reduction module available
[2015.10.24-20.15.27:710][  0]LogMeshUtilities: No automatic mesh merging module available
[2015.10.24-20.15.28:112][  0]LogInit: WinSock: version 1.1 (2.2), MaxSocks=32767, MaxUdp=65467
[2015.10.24-20.15.29:184][  0]LogAssetRegistry: FAssetRegistry took 0.0114 seconds to start up
[2015.10.24-20.15.29:211][  0]UdpMessaging: Initializing bridge on interface 0.0.0.0:0 to multicast group 230.0.0.1:6666.
[2015.10.24-20.15.29:565][  0]SourceControl: Info Source control is disabled
[2015.10.24-20.15.29:566][  0]SourceControl: Info Source control is disabled
[2015.10.24-20.15.29:587][  0]SourceControl: Info Source control is disabled
[2015.10.24-20.15.29:607][  0]SourceControl: Info Source control is disabled
[2015.10.24-20.15.29:840][  0]LogLinker:Warning: Asset '../../../Engine/Plugins/Runtime/LeapMotionController/Content/LM_PassthroughMaterial.uasset' has been saved with empty engine version. The asset will be loaded but may be incompatible.
[2015.10.24-20.15.29:991][  0]LogObj: 28528 objects as part of root set at end of initial load.
[2015.10.24-20.15.29:991][  0]LogUObjectAllocator: 6068464 out of 0 bytes used by permanent object pool.
[2015.10.24-20.15.30:074][  0]LogEngine: Initializing Engine...
[2015.10.24-20.15.30:077][  0]LogHMD: Can't find Oculus library dev build: is proper Runtime installed? Version: 0.7.0.0
[2015.10.24-20.15.30:078][  0]LogHMD: SteamVR failed to initialize.  Err: 110
[2015.10.24-20.15.30:270][  0]LogAIModule: Creating AISystem for world NewWorld
[2015.10.24-20.15.30:289][  0]LogInit: XAudio2 using 'Speakers (2- Logitech G930 Headset)' : 2 channels at 44.1 kHz using 16 bits per sample (channel mask 0x3)
[2015.10.24-20.15.30:303][  0]LogInit: FAudioDevice initialized.
[2015.10.24-20.15.30:359][  0]LogDerivedDataCache: Saved boot cache 0.06s 45MB C:/Users/Corey/AppData/Local/UnrealEngine/4.9/DerivedDataCache/Boot.ddc.
[2015.10.24-20.15.30:377][  0]LogInit: Texture streaming: Enabled
[2015.10.24-20.15.30:386][  0]LogAnalytics: Creating configured Analytics provider AnalyticsET
[2015.10.24-20.15.30:386][  0]LogAnalytics: [UEEditor.Rocket.Release] APIServer = http://et2.epicgames.com/ET2/. AppVersion = 4.9.2-2707645+++depot+UE4-Releases+4.9
[2015.10.24-20.15.30:386][  0]LogAnalytics: [UEEditor.Rocket.Release] SetUserId 5c23449345eaff9b32885493c09453d1|b88b930091cb4a178825078811402870|daab068d-4a04-4064-b248-ec323833554c
[2015.10.24-20.15.30:387][  0]LogAnalytics: [UEEditor.Rocket.Release] AnalyticsET::StartSession
[2015.10.24-20.15.30:451][  0]LogInit: Transaction tracking system initialized
[2015.10.24-20.15.30:509][  0]BlueprintLog: New page: Editor Load
[2015.10.24-20.15.30:648][  0]LocalizationService: Info Localization service is disabled
[2015.10.24-20.15.30:779][  0]LogConsoleResponse:Display: 
[2015.10.24-20.15.30:963][  0]LogCook:Display: Done creating registry. It took  0.00s.
[2015.10.24-20.15.31:073][  0]LogFileCache: Scanning file cache for directory 'I:/Unreal Projects/Capaldi_Tardis/Content/' took 0.02s
[2015.10.24-20.15.31:073][  0]SourceControl: Info Source control is disabled
[2015.10.24-20.15.31:074][  0]Cmd: MAP LOAD FILE="../../../../../Unreal Projects/Capaldi_Tardis/Content/FirstPersonBP/Maps/FirstPersonExampleMap.umap" TEMPLATE=0 SHOWPROGRESS=1 FEATURELEVEL=3
[2015.10.24-20.15.31:075][  0]LightingResults: New page: Lighting Build
[2015.10.24-20.15.31:080][  0]MapCheck: New page: Map Check
[2015.10.24-20.15.31:081][  0]LightingResults: New page: Lighting Build
[2015.10.24-20.15.31:100][  0]LogParticles: Destroying 0 GPU particle simulations for FXSystem 0x000000DBABD0FB00
[2015.10.24-20.15.31:331][  0]LogLinker:Warning: Asset '../../../../../Unreal Projects/Capaldi_Tardis/Content/FirstPersonBP/Blueprints/FirstPersonProjectile.uasset' has been saved with empty engine version. The asset will be loaded but may be incompatible.
[2015.10.24-20.15.31:336][  0]LogLinker:Warning: Asset '../../../../../Unreal Projects/Capaldi_Tardis/Content/FirstPerson/Meshes/FirstPersonProjectileMesh.uasset' has been saved with empty engine version. The asset will be loaded but may be incompatible.
[2015.10.24-20.15.32:050][  0]LogAIModule: Creating AISystem for world FirstPersonExampleMap
[2015.10.24-20.15.32:064][  0]LogEditorServer: Finished looking for orphan Actors (0.000 secs)
[2015.10.24-20.15.32:065][  0]Cmd: MAP CHECKDEP NOCLEARLOG
[2015.10.24-20.15.32:156][  0]MapCheck: Info Map check complete: 0 Error(s), 0 Warning(s), took 91.276ms to complete.
[2015.10.24-20.15.32:156][  0]LogFileHelpers: Loading map 'FirstPersonExampleMap' took 1.083
[2015.10.24-20.15.32:374][  0]LogCollectionManager: Loaded 0 collections in 0.003942 seconds
[2015.10.24-20.15.32:424][  0]LogFileCache: Scanning file cache for directory 'I:/Unreal Projects/Capaldi_Tardis/Saved/Collections/' took 0.01s
[2015.10.24-20.15.32:425][  0]LogFileCache: Scanning file cache for directory 'I:/Unreal Projects/Capaldi_Tardis/Content/Developers/Corey/Collections/' took 0.01s
[2015.10.24-20.15.32:425][  0]LogFileCache: Scanning file cache for directory 'I:/Unreal Projects/Capaldi_Tardis/Content/Collections/' took 0.01s
[2015.10.24-20.15.32:425][  0]LogContentBrowser: Native class hierarchy populated in 0.0138 seconds. Added 1882 classes and 339 folders.
[2015.10.24-20.15.32:449][  0]LogCollectionManager: Rebuilt the GUID cache for 0 collections in 0.000006 seconds
[2015.10.24-20.15.32:461][  0]LogContentBrowser: Native class hierarchy updated for 'WidgetCarousel' in 0.0006 seconds. Added 0 classes and 0 folders.
[2015.10.24-20.15.32:532][  0]LogContentBrowser: Native class hierarchy updated for 'AddContentDialog' in 0.0005 seconds. Added 0 classes and 0 folders.
[2015.10.24-20.15.32:539][  0]LogContentBrowser: Native class hierarchy updated for 'SceneOutliner' in 0.0004 seconds. Added 1 classes and 2 folders.
[2015.10.24-20.15.32:582][  0]LogCrashTracker: Crashtracker disabled due to settings.
[2015.10.24-20.15.32:668][  0]LogLoad: Full Startup: 9.26 seconds (BP compile: 0.21 seconds)
[2015.10.24-20.15.32:772][  0]LogContentStreaming: Texture pool size now 1000 MB
[2015.10.24-20.15.32:997][  0]LogRenderer: Reallocating scene render targets to support 1208x576 (Frame:2).
[2015.10.24-20.15.33:510][  7]LogAssetRegistry: Asset discovery search completed in 4.3369 seconds
[2015.10.24-20.15.33:510][  7]LogCollectionManager: Rebuilt the object cache for 0 collections in 0.000001 seconds (found 0 objects)
[2015.10.24-20.15.33:510][  7]LogCollectionManager: Fixed up redirectors for 0 collections in 0.000037 seconds (updated 0 objects)
[2015.10.24-20.19.14:481][193]LogWindowsTextInputMethodSystem:Display: IME system now deactivated.
[2015.10.24-20.19.15:003][194]Cmd: QUIT_EDITOR
[2015.10.24-20.19.15:565][194]LogExit: Preparing to exit.
[2015.10.24-20.19.17:004][194]LogExit: Editor shut down
[2015.10.24-20.19.17:004][194]LogExit: Transaction tracking system shut down
[2015.10.24-20.19.17:080][194]LogParticles: Destroying 0 GPU particle simulations for FXSystem 0x000000DB9C6AF880
[2015.10.24-20.19.17:081][194]LogParticles: Destroying 0 GPU particle simulations for FXSystem 0x000000DBBCE2B880
[2015.10.24-20.19.17:081][194]LogParticles: Destroying 0 GPU particle simulations for FXSystem 0x000000DBBD7D3420
[2015.10.24-20.19.17:082][194]LogParticles: Destroying 0 GPU particle simulations for FXSystem 0x000000DBE2D9B920
[2015.10.24-20.19.17:082][194]LogParticles: Destroying 0 GPU particle simulations for FXSystem 0x000000DBE6CAB2E0
[2015.10.24-20.19.19:347][194]LogExit: Object subsystem successfully closed.
[2015.10.24-20.19.19:600][194]LogD3D11RHI: Shutdown
[2015.10.24-20.19.19:600][194]LogD3D11RHI: CleanupD3DDevice
[2015.10.24-20.19.19:747][194]LogD3D11RHI: ~FD3D11DynamicRHI
[2015.10.24-20.19.20:616][194]LogModuleManager: Shutting down and abandoning module StaticMeshEditor (200)
[2015.10.24-20.19.20:616][194]LogModuleManager: Shutting down and abandoning module CrashTracker (199)
[2015.10.24-20.19.20:616][194]LogModuleManager: Shutting down and abandoning module SceneOutliner (198)
[2015.10.24-20.19.20:616][194]LogModuleManager: Shutting down and abandoning module SuperSearch (197)
[2015.10.24-20.19.20:616][194]LogModuleManager: Shutting down and abandoning module WidgetCarousel (196)
[2015.10.24-20.19.20:616][194]LogModuleManager: Shutting down and abandoning module AddContentDialog (195)
[2015.10.24-20.19.20:650][194]LogModuleManager: Shutting down and abandoning module EditorWidgets (194)
[2015.10.24-20.19.20:650][194]LogModuleManager: Shutting down and abandoning module CollectionManager (193)
[2015.10.24-20.19.20:664][194]LogModuleManager: Shutting down and abandoning module StatsViewer (192)
[2015.10.24-20.19.20:665][194]LogModuleManager: Shutting down and abandoning module FoliageEdit (191)
[2015.10.24-20.19.20:672][194]LogModuleManager: Shutting down and abandoning module LandscapeEditor (190)
[2015.10.24-20.19.20:718][194]LogModuleManager: Shutting down and abandoning module ActorPickerMode (189)
[2015.10.24-20.19.20:719][194]LogModuleManager: Shutting down and abandoning module GeometryMode (188)
[2015.10.24-20.19.20:719][194]LogModuleManager: Shutting down and abandoning module TextureAlignMode (187)
[2015.10.24-20.19.20:719][194]LogModuleManager: Shutting down and abandoning module BspMode (186)
[2015.10.24-20.19.20:719][194]LogModuleManager: Shutting down and abandoning module PlacementMode (185)
[2015.10.24-20.19.20:719][194]LogModuleManager: Shutting down and abandoning module AutomationWorker (184)
[2015.10.24-20.19.20:726][194]LogModuleManager: Shutting down and abandoning module CharacterAI (183)
[2015.10.24-20.19.20:726][194]LogModuleManager: Shutting down and abandoning module SmartSnapping (182)
[2015.10.24-20.19.20:726][194]LogModuleManager: Shutting down and abandoning module ViewportSnapping (181)
[2015.10.24-20.19.20:726][194]LogModuleManager: Shutting down and abandoning module LogVisualizer (180)
[2015.10.24-20.19.20:764][194]LogModuleManager: Shutting down and abandoning module GameProjectGeneration (179)
[2015.10.24-20.19.20:785][194]LogModuleManager: Shutting down and abandoning module IntroTutorials (178)
[2015.10.24-20.19.20:809][194]LogModuleManager: Shutting down and abandoning module EditorLiveStreaming (177)
[2015.10.24-20.19.20:809][194]LogModuleManager: Shutting down and abandoning module IOSPlatformEditor (176)
[2015.10.24-20.19.20:824][194]LogModuleManager: Shutting down and abandoning module HTML5PlatformEditor (175)
[2015.10.24-20.19.20:825][194]LogModuleManager: Shutting down and abandoning module AndroidDeviceDetection (174)
[2015.10.24-20.19.21:815][194]LogModuleManager: Shutting down and abandoning module AndroidPlatformEditor (173)
[2015.10.24-20.19.21:815][194]LogModuleManager: Shutting down and abandoning module IOSRuntimeSettings (172)
[2015.10.24-20.19.21:815][194]LogModuleManager: Shutting down and abandoning module AndroidRuntimeSettings (171)
[2015.10.24-20.19.21:815][194]LogModuleManager: Shutting down and abandoning module MergeActors (170)
[2015.10.24-20.19.21:843][194]LogModuleManager: Shutting down and abandoning module SizeMap (169)
[2015.10.24-20.19.21:843][194]LogModuleManager: Shutting down and abandoning module TreeMap (168)
[2015.10.24-20.19.21:860][194]LogModuleManager: Shutting down and abandoning module ReferenceViewer (167)
[2015.10.24-20.19.21:860][194]LogModuleManager: Shutting down and abandoning module LocalizationService (166)
[2015.10.24-20.19.21:881][194]LogModuleManager: Shutting down and abandoning module LocalizationDashboard (165)
[2015.10.24-20.19.21:887][194]LogModuleManager: Shutting down and abandoning module HardwareTargeting (164)
[2015.10.24-20.19.21:887][194]LogModuleManager: Shutting down and abandoning module DeviceProfileEditor (163)
[2015.10.24-20.19.21:887][194]LogModuleManager: Shutting down and abandoning module UndoHistory (162)
[2015.10.24-20.19.21:901][194]LogModuleManager: Shutting down and abandoning module GameplayTagsEditor (161)
[2015.10.24-20.19.21:902][194]LogModuleManager: Shutting down and abandoning module UserFeedback (160)
[2015.10.24-20.19.21:902][194]LogModuleManager: Shutting down and abandoning module XmlParser (159)
[2015.10.24-20.19.21:902][194]LogModuleManager: Shutting down and abandoning module Blutility (158)
[2015.10.24-20.19.21:902][194]LogModuleManager: Shutting down and abandoning module ProjectTargetPlatformEditor (157)
[2015.10.24-20.19.21:906][194]LogModuleManager: Shutting down and abandoning module ProjectSettingsViewer (156)
[2015.10.24-20.19.21:906][194]LogModuleManager: Shutting down and abandoning module InputBindingEditor (155)
[2015.10.24-20.19.21:931][194]LogModuleManager: Shutting down and abandoning module EditorSettingsViewer (154)
[2015.10.24-20.19.21:931][194]LogModuleManager: Shutting down and abandoning module SettingsEditor (153)
[2015.10.24-20.19.21:976][194]LogModuleManager: Shutting down and abandoning module ProjectLauncher (152)
[2015.10.24-20.19.21:987][194]LogModuleManager: Shutting down and abandoning module SessionFrontend (151)
[2015.10.24-20.19.21:998][194]LogModuleManager: Shutting down and abandoning module ProfilerClient (150)
[2015.10.24-20.19.22:009][194]LogModuleManager: Shutting down and abandoning module TargetDeviceServices (149)
[2015.10.24-20.19.22:009][194]LogModuleManager: Shutting down and abandoning module DeviceManager (148)
[2015.10.24-20.19.22:027][194]LogModuleManager: Shutting down and abandoning module AutomationController (147)
[2015.10.24-20.19.22:061][194]LogModuleManager: Shutting down and abandoning module AutomationWindow (146)
[2015.10.24-20.19.22:070][194]LogModuleManager: Shutting down and abandoning module Layers (145)
[2015.10.24-20.19.22:096][194]LogModuleManager: Shutting down and abandoning module ComponentVisualizers (144)
[2015.10.24-20.19.22:096][194]LogModuleManager: Shutting down and abandoning module DetailCustomizations (143)
[2015.10.24-20.19.22:119][194]LogModuleManager: Shutting down and abandoning module PackagesDialog (142)
[2015.10.24-20.19.22:119][194]LogModuleManager: Shutting down and abandoning module Persona (141)
[2015.10.24-20.19.22:151][194]LogModuleManager: Shutting down and abandoning module Kismet (140)
[2015.10.24-20.19.22:179][194]LogModuleManager: Shutting down and abandoning module GraphEditor (139)
[2015.10.24-20.19.22:210][194]LogModuleManager: Shutting down and abandoning module ClassViewer (138)
[2015.10.24-20.19.22:227][194]LogModuleManager: Shutting down and abandoning module Toolbox (137)
[2015.10.24-20.19.22:228][194]LogModuleManager: Shutting down and abandoning module ModuleUI (136)
[2015.10.24-20.19.22:248][194]LogModuleManager: Shutting down and abandoning module MovieSceneTools (135)
[2015.10.24-20.19.22:248][194]LogModuleManager: Shutting down and abandoning module OutputLog (134)
[2015.10.24-20.19.22:248][194]LogModuleManager: Shutting down and abandoning module GammaUI (133)
[2015.10.24-20.19.22:258][194]LogModuleManager: Shutting down and abandoning module Documentation (132)
[2015.10.24-20.19.22:277][194]LogModuleManager: Shutting down and abandoning module GameLiveStreaming (131)
[2015.10.24-20.19.22:289][194]LogModuleManager: Shutting down and abandoning module StreamingPauseRendering (130)
[2015.10.24-20.19.22:289][194]LogModuleManager: Shutting down and abandoning module AnalyticsET (129)
[2015.10.24-20.19.22:289][194]LogModuleManager: Shutting down and abandoning module Analytics (128)
[2015.10.24-20.19.22:289][194]LogModuleManager: Shutting down and abandoning module AITestSuite (127)
[2015.10.24-20.19.22:303][194]LogModuleManager: Shutting down and abandoning module GameplayDebugger (126)
[2015.10.24-20.19.22:303][194]LogModuleManager: Shutting down and abandoning module AIModule (125)
[2015.10.24-20.19.22:310][194]LogModuleManager: Shutting down and abandoning module ProfilerService (124)
[2015.10.24-20.19.22:501][194]LogModuleManager: Shutting down and abandoning module TaskGraph (123)
[2015.10.24-20.19.22:512][194]LogModuleManager: Shutting down and abandoning module SubstanceEditor (122)
[2015.10.24-20.19.22:531][194]LogModuleManager: Shutting down and abandoning module SlateRemote (121)
[2015.10.24-20.19.22:531][194]LogModuleManager: Shutting down and abandoning module SteamVRController (120)
[2015.10.24-20.19.22:531][194]LogModuleManager: Shutting down and abandoning module SteamVR (119)
[2015.10.24-20.19.22:531][194]LogModuleManager: Shutting down and abandoning module ProceduralMeshComponent (118)
[2015.10.24-20.19.22:531][194]LogModuleManager: Shutting down and abandoning module OculusRift (117)
[2015.10.24-20.19.22:531][194]LogModuleManager: Shutting down and abandoning module OculusLibrary (116)
[2015.10.24-20.19.22:531][194]LogModuleManager: Shutting down and abandoning module LeapMotionController (115)
[2015.10.24-20.19.22:599][194]LogModuleManager: Shutting down and abandoning module CustomMeshComponent (114)
[2015.10.24-20.19.22:612][194]LogModuleManager: Shutting down and abandoning module CableComponent (113)
[2015.10.24-20.19.22:612][194]LogModuleManager: Shutting down and abandoning module ArchVisCharacter (112)
[2015.10.24-20.19.22:612][194]LogModuleManager: Shutting down and abandoning module MessagingDebugger (111)
[2015.10.24-20.19.22:642][194]LogModuleManager: Shutting down and abandoning module MediaPlayerEditor (110)
[2015.10.24-20.19.22:654][194]LogModuleManager: Shutting down and abandoning module HTML5Networking (109)
[2015.10.24-20.19.22:654][194]LogModuleManager: Shutting down and abandoning module SpeedTreeImporter (108)
[2015.10.24-20.19.22:654][194]LogModuleManager: Shutting down and abandoning module PluginBrowser (107)
[2015.10.24-20.19.22:665][194]LogModuleManager: Shutting down and abandoning module EpicSurvey (106)
[2015.10.24-20.19.22:665][194]LogModuleManager: Shutting down and abandoning module DesktopPlatform (105)
[2015.10.24-20.19.22:721][194]LogModuleManager: Shutting down and abandoning module VisualStudioSourceCodeAccess (104)
[2015.10.24-20.19.22:722][194]LogModuleManager: Shutting down and abandoning module UObjectPlugin (103)
[2015.10.24-20.19.22:722][194]LogModuleManager: Shutting down and abandoning module SubversionSourceControl (102)
[2015.10.24-20.19.22:737][194]LogModuleManager: Shutting down and abandoning module PerforceSourceControl (101)
[2015.10.24-20.19.22:746][194]LogModuleManager: Shutting down and abandoning module SourceControl (100)
[2015.10.24-20.19.22:768][194]LogModuleManager: Shutting down and abandoning module GitSourceControl (99)
[2015.10.24-20.19.22:774][194]LogModuleManager: Shutting down and abandoning module LightPropagationVolumeEditor (98)
[2015.10.24-20.19.22:774][194]LogModuleManager: Shutting down and abandoning module PaperTiledImporter (97)
[2015.10.24-20.19.22:788][194]LogModuleManager: Shutting down and abandoning module PaperSpriteSheetImporter (96)
[2015.10.24-20.19.22:791][194]LogModuleManager: Shutting down and abandoning module MeshPaint (95)
[2015.10.24-20.19.22:807][194]LogModuleManager: Shutting down and abandoning module SlateReflector (94)
[2015.10.24-20.19.22:833][194]LogModuleManager: Shutting down and abandoning module HotReload (93)
[2015.10.24-20.19.22:845][194]LogModuleManager: Shutting down and abandoning module MainFrame (92)
[2015.10.24-20.19.22:845][194]LogModuleManager: Shutting down and abandoning module LevelEditor (91)
[2015.10.24-20.19.22:850][194]LogModuleManager: Shutting down and abandoning module ContentBrowser (90)
[2015.10.24-20.19.22:850][194]LogModuleManager: Shutting down and abandoning module Paper2DEditor (89)
[2015.10.24-20.19.22:882][194]LogModuleManager: Shutting down and abandoning module UdpMessaging (88)
[2015.10.24-20.19.22:983][194]LogModuleManager: Shutting down and abandoning module DirectoryWatcher (87)
[2015.10.24-20.19.22:984][194]LogModuleManager: Shutting down and abandoning module AssetRegistry (86)
[2015.10.24-20.19.23:083][194]LogModuleManager: Shutting down and abandoning module SubstanceCore (85)
[2015.10.24-20.19.23:131][194]LogModuleManager: Shutting down and abandoning module LightPropagationVolumeRuntime (84)
[2015.10.24-20.19.23:131][194]LogModuleManager: Shutting down and abandoning module Paper2D (83)
[2015.10.24-20.19.23:153][194]LogModuleManager: Shutting down and abandoning module WindowsMoviePlayer (82)
[2015.10.24-20.19.23:167][194]LogModuleManager: Shutting down and abandoning module Media (81)
[2015.10.24-20.19.23:167][194]LogModuleManager: Shutting down and abandoning module WmfMedia (80)
[2015.10.24-20.19.23:167][194]LogModuleManager: Shutting down and abandoning module OnlineBlueprintSupport (79)
[2015.10.24-20.19.23:168][194]LogModuleManager: Shutting down and abandoning module GameplayTasksEditor (78)
[2015.10.24-20.19.23:168][194]LogModuleManager: Shutting down and abandoning module PropertyEditor (77)
[2015.10.24-20.19.23:168][194]LogModuleManager: Shutting down and abandoning module BehaviorTreeEditor (76)
[2015.10.24-20.19.23:184][194]LogModuleManager: Shutting down and abandoning module FunctionalTesting (75)
[2015.10.24-20.19.23:184][194]LogModuleManager: Shutting down and abandoning module CollisionAnalyzer (74)
[2015.10.24-20.19.23:196][194]LogModuleManager: Shutting down and abandoning module WorkspaceMenuStructure (73)
[2015.10.24-20.19.23:196][194]LogModuleManager: Shutting down and abandoning module MessageLog (72)
[2015.10.24-20.19.23:196][194]LogModuleManager: Shutting down and abandoning module Sequencer (71)
[2015.10.24-20.19.23:209][194]LogModuleManager: Shutting down and abandoning module AssetTools (70)
[2015.10.24-20.19.23:253][194]LogModuleManager: Shutting down and abandoning module UMGEditor (69)
[2015.10.24-20.19.23:287][194]LogModuleManager: Shutting down and abandoning module UMG (68)
[2015.10.24-20.19.23:296][194]LogModuleManager: Shutting down and abandoning module Slate (67)
[2015.10.24-20.19.23:296][194]LogModuleManager: Shutting down and abandoning module EditorStyle (66)
[2015.10.24-20.19.23:298][194]LogModuleManager: Shutting down and abandoning module SessionServices (65)
[2015.10.24-20.19.23:299][194]LogModuleManager: Shutting down and abandoning module SourceCodeAccess (64)
[2015.10.24-20.19.23:299][194]LogModuleManager: Shutting down and abandoning module HeadMountedDisplay (63)
[2015.10.24-20.19.23:299][194]LogModuleManager: Shutting down and abandoning module XAudio2 (62)
[2015.10.24-20.19.23:299][194]LogModuleManager: Shutting down and abandoning module Networking (60)
[2015.10.24-20.19.23:299][194]LogModuleManager: Shutting down and abandoning module Core (59)
[2015.10.24-20.19.23:299][194]LogModuleManager: Shutting down and abandoning module KismetCompiler (58)
[2015.10.24-20.19.23:299][194]LogModuleManager: Shutting down and abandoning module PhysXFormats (57)
[2015.10.24-20.19.23:299][194]LogModuleManager: Shutting down and abandoning module MeshUtilities (56)
[2015.10.24-20.19.23:319][194]LogModuleManager: Shutting down and abandoning module CookingStats (55)
[2015.10.24-20.19.23:321][194]LogModuleManager: Shutting down and abandoning module DerivedDataCache (54)
[2015.10.24-20.19.23:343][194]LogDerivedDataCache: Shutdown
[2015.10.24-20.19.23:343][194]LogModuleManager: Shutting down and abandoning module ShaderFormatOpenGL (53)
[2015.10.24-20.19.23:363][194]LogModuleManager: Shutting down and abandoning module ShaderFormatD3D (52)
[2015.10.24-20.19.23:363][194]LogModuleManager: Shutting down and abandoning module MetalShaderFormat (51)
[2015.10.24-20.19.23:378][194]LogModuleManager: Shutting down and abandoning module TextureFormatUncompressed (50)
[2015.10.24-20.19.23:378][194]LogModuleManager: Shutting down and abandoning module TextureFormatPVR (49)
[2015.10.24-20.19.23:378][194]LogModuleManager: Shutting down and abandoning module TextureFormatIntelISPCTexComp (48)
[2015.10.24-20.19.23:379][194]LogModuleManager: Shutting down and abandoning module TextureFormatDXT (47)
[2015.10.24-20.19.23:379][194]LogModuleManager: Shutting down and abandoning module ImageWrapper (46)
[2015.10.24-20.19.23:379][194]LogModuleManager: Shutting down and abandoning module TextureFormatASTC (45)
[2015.10.24-20.19.23:379][194]LogModuleManager: Shutting down and abandoning module TextureFormatAndroid (44)
[2015.10.24-20.19.23:379][194]LogModuleManager: Shutting down and abandoning module AudioFormatOpus (43)
[2015.10.24-20.19.23:392][194]LogModuleManager: Shutting down and abandoning module AudioFormatOgg (42)
[2015.10.24-20.19.23:392][194]LogModuleManager: Shutting down and abandoning module AudioFormatADPCM (41)
[2015.10.24-20.19.23:392][194]LogModuleManager: Shutting down and abandoning module LinuxTargetPlatform (40)
[2015.10.24-20.19.23:392][194]LogModuleManager: Shutting down and abandoning module LinuxServerTargetPlatform (39)
[2015.10.24-20.19.23:413][194]LogModuleManager: Shutting down and abandoning module LinuxNoEditorTargetPlatform (38)
[2015.10.24-20.19.23:423][194]LogModuleManager: Shutting down and abandoning module Messaging (37)
[2015.10.24-20.19.23:423][194]LogModuleManager: Shutting down and abandoning module IOSTargetPlatform (36)
[2015.10.24-20.19.23:423][194]LogModuleManager: Shutting down and abandoning module HTML5TargetPlatform (35)
[2015.10.24-20.19.23:423][194]LogModuleManager: Shutting down and abandoning module Android_PVRTCTargetPlatform (34)
[2015.10.24-20.19.23:434][194]LogModuleManager: Shutting down and abandoning module Android_ETC2TargetPlatform (33)
[2015.10.24-20.19.23:445][194]LogModuleManager: Shutting down and abandoning module Android_ETC1TargetPlatform (32)
[2015.10.24-20.19.23:458][194]LogModuleManager: Shutting down and abandoning module Android_DXTTargetPlatform (31)
[2015.10.24-20.19.23:467][194]LogModuleManager: Shutting down and abandoning module Android_ATCTargetPlatform (30)
[2015.10.24-20.19.23:474][194]LogModuleManager: Shutting down and abandoning module Android_ASTCTargetPlatform (29)
[2015.10.24-20.19.23:488][194]LogModuleManager: Shutting down and abandoning module AndroidTargetPlatform (28)
[2015.10.24-20.19.23:501][194]LogModuleManager: Shutting down and abandoning module WindowsTargetPlatform (27)
[2015.10.24-20.19.23:501][194]LogModuleManager: Shutting down and abandoning module WindowsServerTargetPlatform (26)
[2015.10.24-20.19.23:514][194]LogModuleManager: Shutting down and abandoning module WindowsNoEditorTargetPlatform (25)
[2015.10.24-20.19.23:520][194]LogModuleManager: Shutting down and abandoning module WindowsClientTargetPlatform (24)
[2015.10.24-20.19.23:525][194]LogModuleManager: Shutting down and abandoning module AllDesktopTargetPlatform (23)
[2015.10.24-20.19.23:525][194]LogModuleManager: Shutting down and abandoning module TargetPlatform (22)
[2015.10.24-20.19.23:525][194]LogModuleManager: Shutting down and abandoning module InputCore (21)
[2015.10.24-20.19.23:525][194]LogModuleManager: Shutting down and abandoning module Settings (20)
[2015.10.24-20.19.23:525][194]LogModuleManager: Shutting down and abandoning module OnlineSubsystem (18)
[2015.10.24-20.19.23:525][194]LogModuleManager: Shutting down and abandoning module HTTP (17)
[2015.10.24-20.19.25:531][194]LogModuleManager: Shutting down and abandoning module XMPP (16)
[2015.10.24-20.19.25:567][194]LogModuleManager: Shutting down and abandoning module ExampleDeviceProfileSelector (15)
[2015.10.24-20.19.25:567][194]LogModuleManager: Shutting down and abandoning module TextureCompressor (14)
[2015.10.24-20.19.25:577][194]LogModuleManager: Shutting down and abandoning module ShaderCore (13)
[2015.10.24-20.19.25:577][194]LogModuleManager: Shutting down and abandoning module Landscape (12)
[2015.10.24-20.19.25:577][194]LogModuleManager: Shutting down and abandoning module SlateRHIRenderer (11)
[2015.10.24-20.19.25:591][194]LogModuleManager: Shutting down and abandoning module OpenGLDrv (10)
[2015.10.24-20.19.25:597][194]LogModuleManager: Shutting down and abandoning module D3D11RHI (9)
[2015.10.24-20.19.25:597][194]LogModuleManager: Shutting down and abandoning module AnimGraphRuntime (8)
[2015.10.24-20.19.25:626][194]LogModuleManager: Shutting down and abandoning module Renderer (7)
[2015.10.24-20.19.25:626][194]LogModuleManager: Shutting down and abandoning module Engine (6)
[2015.10.24-20.19.25:626][194]LogModuleManager: Shutting down and abandoning module CoreUObject (5)
[2015.10.24-20.19.25:626][194]LogModuleManager: Shutting down and abandoning module NetworkFile (4)
[2015.10.24-20.19.25:646][194]LogModuleManager: Shutting down and abandoning module StreamingFile (3)
[2015.10.24-20.19.25:646][194]LogModuleManager: Shutting down and abandoning module SandboxFile (2)
[2015.10.24-20.19.25:665][194]LogModuleManager: Shutting down and abandoning module PakFile (1)
[2015.10.24-20.19.25:703][194]LogExit: Exiting.
[2015.10.24-20.19.25:743][194]Log file closed, 10/24/15 14:19:25
